#logback.classic pattern: %d{HH:mm:ss} %-5level %logger{36} - %msg%n
22:10:03 INFO  i.g.bonigarcia.wdm.WebDriverManager - Please answer the following questionnaire based on your experience with WebDriverManager. Thanks a lot!
22:10:03 INFO  i.g.bonigarcia.wdm.WebDriverManager - ====> http://tiny.cc/wdm-survey <====
22:10:03 DEBUG i.g.b.wdm.cache.ResolutionCache - Resolution chrome=83 in cache (valid until 22:06:49 21/06/2020 UTC)
22:10:03 INFO  i.g.bonigarcia.wdm.WebDriverManager - Using chromedriver 83.0.4103.39 (since Chrome 83 is installed in your machine)
22:10:03 DEBUG i.g.bonigarcia.wdm.WebDriverManager - Driver chromedriver 83.0.4103.39 found in cache
22:10:03 INFO  i.g.bonigarcia.wdm.WebDriverManager - Exporting webdriver.chrome.driver as /home/travis/.m2/repository/webdriver/chromedriver/linux64/83.0.4103.39/chromedriver
22:10:03 INFO  com.steps.Hooks - ================================================ TEST STARTED ================================================
22:10:03 INFO  com.steps.Hooks - [34mTEST NAME: [US-333]/[5] I CAN'T CREATE AN ACCOUNT, WHEN ONE OF REQUIRED FIELDS IS MISSING[0m
22:10:03 INFO  com.steps.Hooks - Chosen executor: "CHROME"
22:10:06 INFO  com.steps.Hooks - Page ready: "TRUE"
22:10:07 INFO  com.steps.Hooks - User valid email: "630C3THWARTFERNANDO@HOTMAIL.CO.UK"
22:10:09 INFO  com.steps.Hooks - User first name: "THOR"
22:10:09 INFO  com.steps.Hooks - User last name: "ODINSON"
22:10:09 INFO  com.steps.Hooks - User password: "#PASSWD123"
22:10:09 INFO  com.steps.Hooks - User address: ""
22:10:10 INFO  com.steps.Hooks - User city: "CITY"
22:10:25 INFO  com.steps.Hooks - [31mTEST RETRY (1/1): [US-333]/[5] I CAN'T CREATE AN ACCOUNT, WHEN ONE OF REQUIRED FIELDS IS MISSING[0m
22:10:25 INFO  i.g.bonigarcia.wdm.WebDriverManager - Please answer the following questionnaire based on your experience with WebDriverManager. Thanks a lot!
22:10:25 INFO  i.g.bonigarcia.wdm.WebDriverManager - ====> http://tiny.cc/wdm-survey <====
22:10:25 DEBUG i.g.b.wdm.cache.ResolutionCache - Resolution chrome=83 in cache (valid until 22:06:49 21/06/2020 UTC)
22:10:25 INFO  i.g.bonigarcia.wdm.WebDriverManager - Using chromedriver 83.0.4103.39 (since Chrome 83 is installed in your machine)
22:10:25 DEBUG i.g.bonigarcia.wdm.WebDriverManager - Driver chromedriver 83.0.4103.39 found in cache
22:10:25 INFO  i.g.bonigarcia.wdm.WebDriverManager - Exporting webdriver.chrome.driver as /home/travis/.m2/repository/webdriver/chromedriver/linux64/83.0.4103.39/chromedriver
22:10:25 INFO  com.steps.Hooks - ================================================ TEST STARTED ================================================
22:10:25 INFO  com.steps.Hooks - [34mTEST NAME: [US-333]/[5] I CAN'T CREATE AN ACCOUNT, WHEN ONE OF REQUIRED FIELDS IS MISSING[0m
22:10:25 INFO  com.steps.Hooks - Chosen executor: "CHROME"
22:10:27 INFO  com.steps.Hooks - Page ready: "TRUE"
22:10:28 INFO  com.steps.Hooks - User valid email: "FA89AFIRMWHOOSH@HOTMAIL.COM"
22:10:30 INFO  com.steps.Hooks - User first name: "THOR"
22:10:30 INFO  com.steps.Hooks - User last name: "ODINSON"
22:10:30 INFO  com.steps.Hooks - User password: "#PASSWD123"
22:10:30 INFO  com.steps.Hooks - User address: ""
22:10:30 INFO  com.steps.Hooks - User city: "CITY"
22:10:46 INFO  com.steps.Hooks - ====================================== TEST FINISHED WITH [31mFAILED STATUS [0m======================================
22:10:46 ERROR com.steps.Hooks - org.openqa.selenium.TimeoutException: Expected condition failed: waiting for visibility of [[ChromeDriver: chrome on LINUX (26237e30c79664e4105dd33ff4be85fd)] -> xpath: //select[@id='id_state']] (tried for 15 second(s) with 500 milliseconds interval)
Build info: version: '3.141.59', revision: 'e82be7d358', time: '2018-11-14T08:17:03'
System info: host: 'travis-job-e8be76e1-a2fd-4d19-b36e-d5134b629dce', ip: '127.0.0.1', os.name: 'Linux', os.arch: 'amd64', os.version: '5.0.0-1031-gcp', java.version: '14.0.1'
Driver info: org.openqa.selenium.chrome.ChromeDriver
Capabilities {acceptInsecureCerts: false, browserName: chrome, browserVersion: 83.0.4103.106, chrome: {chromedriverVersion: 83.0.4103.39 (ccbf011cb2d2b..., userDataDir: /tmp/.com.google.Chrome.fj6Ypf}, goog:chromeOptions: {debuggerAddress: localhost:32773}, javascriptEnabled: true, networkConnectionEnabled: false, pageLoadStrategy: normal, platform: LINUX, platformName: LINUX, proxy: Proxy(), setWindowRect: true, strictFileInteractability: false, timeouts: {implicit: 0, pageLoad: 300000, script: 30000}, unhandledPromptBehavior: dismiss and notify, webauthn:virtualAuthenticators: true}
Session ID: 26237e30c79664e4105dd33ff4be85fd
