#logback.classic pattern: %d{HH:mm:ss} %-5level %logger{36} - %msg%n
21:19:29 INFO  i.g.bonigarcia.wdm.WebDriverManager - Please answer the following questionnaire based on your experience with WebDriverManager. Thanks a lot!
21:19:29 INFO  i.g.bonigarcia.wdm.WebDriverManager - ====> http://tiny.cc/wdm-survey <====
21:19:29 DEBUG i.g.b.wdm.cache.ResolutionCache - Resolution chrome=83 in cache (valid until 21:13:02 21/06/2020 UTC)
21:19:29 INFO  i.g.bonigarcia.wdm.WebDriverManager - Using chromedriver 83.0.4103.39 (since Chrome 83 is installed in your machine)
21:19:29 DEBUG i.g.bonigarcia.wdm.WebDriverManager - Driver chromedriver 83.0.4103.39 found in cache
21:19:29 INFO  i.g.bonigarcia.wdm.WebDriverManager - Exporting webdriver.chrome.driver as /home/travis/.m2/repository/webdriver/chromedriver/linux64/83.0.4103.39/chromedriver
21:19:30 INFO  com.steps.Hooks - ================================================ TEST STARTED ================================================
21:19:30 INFO  com.steps.Hooks - [34mTEST NAME: [US-444]/[8] I WOULD LIKE TO SEE REGISTRATION ERROR, WHEN I DON'T FILL POSTAL CODE INPUT[0m
21:19:30 INFO  com.steps.Hooks - Chosen executor: "CHROME"
21:19:31 INFO  com.steps.Hooks - Page ready: "TRUE"
21:19:33 INFO  com.steps.Hooks - User valid email: "8D15DLEALDARRON@MSN.COM"
21:19:34 INFO  com.steps.Hooks - User gender: "Female"
21:19:34 INFO  com.steps.Hooks - User first name: "LUCIANO"
21:19:35 INFO  com.steps.Hooks - User last name: "CORREO"
21:19:35 INFO  com.steps.Hooks - User password: "JELLY|FISH"
21:19:40 INFO  com.steps.Hooks - [31mTEST RETRY (1/1): [US-444]/[8] I WOULD LIKE TO SEE REGISTRATION ERROR, WHEN I DON'T FILL POSTAL CODE INPUT[0m
21:19:40 INFO  i.g.bonigarcia.wdm.WebDriverManager - Please answer the following questionnaire based on your experience with WebDriverManager. Thanks a lot!
21:19:40 INFO  i.g.bonigarcia.wdm.WebDriverManager - ====> http://tiny.cc/wdm-survey <====
21:19:40 DEBUG i.g.b.wdm.cache.ResolutionCache - Resolution chrome=83 in cache (valid until 21:13:02 21/06/2020 UTC)
21:19:40 INFO  i.g.bonigarcia.wdm.WebDriverManager - Using chromedriver 83.0.4103.39 (since Chrome 83 is installed in your machine)
21:19:40 DEBUG i.g.bonigarcia.wdm.WebDriverManager - Driver chromedriver 83.0.4103.39 found in cache
21:19:40 INFO  i.g.bonigarcia.wdm.WebDriverManager - Exporting webdriver.chrome.driver as /home/travis/.m2/repository/webdriver/chromedriver/linux64/83.0.4103.39/chromedriver
21:19:41 INFO  com.steps.Hooks - ================================================ TEST STARTED ================================================
21:19:41 INFO  com.steps.Hooks - [34mTEST NAME: [US-444]/[8] I WOULD LIKE TO SEE REGISTRATION ERROR, WHEN I DON'T FILL POSTAL CODE INPUT[0m
21:19:41 INFO  com.steps.Hooks - Chosen executor: "CHROME"
21:19:42 INFO  com.steps.Hooks - Page ready: "TRUE"
21:19:44 INFO  com.steps.Hooks - User valid email: "A1AD5KEYEDGLENNIE@AOL.COM"
21:19:45 INFO  com.steps.Hooks - User gender: "Female"
21:19:45 INFO  com.steps.Hooks - User first name: "CANDYCE"
21:19:46 INFO  com.steps.Hooks - User last name: "DYKAS"
21:19:46 INFO  com.steps.Hooks - User password: "AN`NATTOS"
21:19:51 INFO  com.steps.Hooks - ====================================== TEST FINISHED WITH [31mFAILED STATUS [0m======================================
21:19:51 ERROR com.steps.Hooks - org.openqa.selenium.TimeoutException: Expected condition failed: waiting for element to be clickable: [[ChromeDriver: chrome on LINUX (f1eb1af7a7d88faa80380b46a96be83d)] -> xpath: //select[@id='days']] (tried for 5 second(s) with 500 milliseconds interval)
Build info: version: '3.141.59', revision: 'e82be7d358', time: '2018-11-14T08:17:03'
System info: host: 'travis-job-9fbfe21e-f35f-442b-8fde-917cbb8d98e8', ip: '127.0.0.1', os.name: 'Linux', os.arch: 'amd64', os.version: '5.0.0-1031-gcp', java.version: '14.0.1'
Driver info: org.openqa.selenium.chrome.ChromeDriver
Capabilities {acceptInsecureCerts: false, browserName: chrome, browserVersion: 83.0.4103.106, chrome: {chromedriverVersion: 83.0.4103.39 (ccbf011cb2d2b..., userDataDir: /tmp/.com.google.Chrome.DqcoPm}, goog:chromeOptions: {debuggerAddress: localhost:34927}, javascriptEnabled: true, networkConnectionEnabled: false, pageLoadStrategy: normal, platform: LINUX, platformName: LINUX, proxy: Proxy(), setWindowRect: true, strictFileInteractability: false, timeouts: {implicit: 0, pageLoad: 300000, script: 30000}, unhandledPromptBehavior: dismiss and notify, webauthn:virtualAuthenticators: true}
Session ID: f1eb1af7a7d88faa80380b46a96be83d
