#logback.classic pattern: %d{HH:mm:ss} %-5level %logger{36} - %msg%n
09:25:26 DEBUG i.g.bonigarcia.wdm.WebDriverManager - Driver chromedriver 79.0.3945.36 found in cache
09:25:26 INFO  i.g.bonigarcia.wdm.WebDriverManager - Exporting webdriver.chrome.driver as /home/travis/.m2/repository/webdriver/chromedriver/linux64/79.0.3945.36/chromedriver
09:25:27 INFO  com.steps.Hooks - Chosen executor: CHROME
09:25:27 INFO  com.steps.Hooks - ================================================ TEST STARTED ================================================
09:25:27 INFO  com.steps.Hooks - [34mTEST NAME: I WOULD LIKE TO BUY NEW FADED SHORT SLEEVE T-SHIRTS FROM AUTOMATIONPRACTICE.COM[0m
09:25:28 INFO  com.steps.Hooks - Page ready: TRUE
09:25:28 ERROR io.qameta.allure.util.NamingUtils - Could not find parameter string
09:25:28 ERROR io.qameta.allure.util.NamingUtils - Could not find parameter string
09:25:29 INFO  com.steps.Hooks - User login: THOR.ODINSON@EXAMPLE.COM
09:25:29 INFO  com.steps.Hooks - User password: 12345
09:25:32 INFO  com.steps.Hooks - User clicked on: WOMEN submenu category
09:25:33 INFO  com.steps.Hooks - Chosen product details:
 Quantity: 5
 Size: M
 Color: BLUE
09:25:36 INFO  com.steps.Hooks - [31mTEST WILL BE REPEATED (2/2): I WOULD LIKE TO BUY NEW FADED SHORT SLEEVE T-SHIRTS FROM AUTOMATIONPRACTICE.COM[0m
09:25:36 DEBUG i.g.bonigarcia.wdm.WebDriverManager - Driver chromedriver 79.0.3945.36 found in cache
09:25:36 INFO  i.g.bonigarcia.wdm.WebDriverManager - Exporting webdriver.chrome.driver as /home/travis/.m2/repository/webdriver/chromedriver/linux64/79.0.3945.36/chromedriver
09:25:36 INFO  com.steps.Hooks - Chosen executor: CHROME
09:25:36 INFO  com.steps.Hooks - ================================================ TEST STARTED ================================================
09:25:36 INFO  com.steps.Hooks - [34mTEST NAME: I WOULD LIKE TO BUY NEW FADED SHORT SLEEVE T-SHIRTS FROM AUTOMATIONPRACTICE.COM[0m
09:25:38 INFO  com.steps.Hooks - Page ready: TRUE
09:25:38 ERROR io.qameta.allure.util.NamingUtils - Could not find parameter string
09:25:38 ERROR io.qameta.allure.util.NamingUtils - Could not find parameter string
09:25:38 INFO  com.steps.Hooks - User login: THOR.ODINSON@EXAMPLE.COM
09:25:38 INFO  com.steps.Hooks - User password: 12345
09:25:40 INFO  com.steps.Hooks - User clicked on: WOMEN submenu category
09:25:41 INFO  com.steps.Hooks - Chosen product details:
 Quantity: 5
 Size: M
 Color: BLUE
09:25:44 INFO  com.steps.Hooks - ====================================== TEST FINISHED WITH [31mFAILED STATUS [0m======================================
09:25:45 ERROR com.steps.Hooks - java.lang.AssertionError: Value didn't match expected value! expected [82.55] but found [82,55]
