#logback.classic pattern: %d{HH:mm:ss} %-5level %logger{36} - %msg%n
21:15:17 INFO  i.g.bonigarcia.wdm.WebDriverManager - Please answer the following questionnaire based on your experience with WebDriverManager. Thanks a lot!
21:15:17 INFO  i.g.bonigarcia.wdm.WebDriverManager - ====> http://tiny.cc/wdm-survey <====
21:15:17 DEBUG i.g.b.wdm.cache.ResolutionCache - Resolution chrome=83 in cache (valid until 21:13:02 21/06/2020 UTC)
21:15:17 INFO  i.g.bonigarcia.wdm.WebDriverManager - Using chromedriver 83.0.4103.39 (since Chrome 83 is installed in your machine)
21:15:17 DEBUG i.g.bonigarcia.wdm.WebDriverManager - Driver chromedriver 83.0.4103.39 found in cache
21:15:17 INFO  i.g.bonigarcia.wdm.WebDriverManager - Exporting webdriver.chrome.driver as /home/travis/.m2/repository/webdriver/chromedriver/linux64/83.0.4103.39/chromedriver
21:15:18 INFO  com.steps.Hooks - ================================================ TEST STARTED ================================================
21:15:18 INFO  com.steps.Hooks - [34mTEST NAME: [US-222]/[3] I AM ABLE TO SEND REQUEST VIA CONTACT US FORM WITCH ATTACHED FILE[0m
21:15:18 INFO  com.steps.Hooks - Chosen executor: "CHROME"
21:15:20 INFO  com.steps.Hooks - Page ready: "TRUE"
21:15:27 INFO  com.steps.Hooks - [31mTEST RETRY (1/1): [US-222]/[3] I AM ABLE TO SEND REQUEST VIA CONTACT US FORM WITCH ATTACHED FILE[0m
21:15:27 INFO  i.g.bonigarcia.wdm.WebDriverManager - Please answer the following questionnaire based on your experience with WebDriverManager. Thanks a lot!
21:15:27 INFO  i.g.bonigarcia.wdm.WebDriverManager - ====> http://tiny.cc/wdm-survey <====
21:15:27 DEBUG i.g.b.wdm.cache.ResolutionCache - Resolution chrome=83 in cache (valid until 21:13:02 21/06/2020 UTC)
21:15:27 INFO  i.g.bonigarcia.wdm.WebDriverManager - Using chromedriver 83.0.4103.39 (since Chrome 83 is installed in your machine)
21:15:27 DEBUG i.g.bonigarcia.wdm.WebDriverManager - Driver chromedriver 83.0.4103.39 found in cache
21:15:27 INFO  i.g.bonigarcia.wdm.WebDriverManager - Exporting webdriver.chrome.driver as /home/travis/.m2/repository/webdriver/chromedriver/linux64/83.0.4103.39/chromedriver
21:15:28 INFO  com.steps.Hooks - ================================================ TEST STARTED ================================================
21:15:28 INFO  com.steps.Hooks - [34mTEST NAME: [US-222]/[3] I AM ABLE TO SEND REQUEST VIA CONTACT US FORM WITCH ATTACHED FILE[0m
21:15:28 INFO  com.steps.Hooks - Chosen executor: "CHROME"
21:15:32 INFO  com.steps.Hooks - Page ready: "TRUE"
21:17:37 INFO  com.steps.Hooks - ====================================== TEST FINISHED WITH [31mFAILED STATUS [0m======================================
21:17:37 ERROR com.steps.Hooks - org.openqa.selenium.TimeoutException: Expected condition failed: waiting for element to be clickable: [[ChromeDriver: chrome on LINUX (f708bc19280a0b805106bb87c9769eba)] -> xpath: //div[@class='col-xs-12 col-md-3']//select[@id='id_contact']] (tried for 5 second(s) with 500 milliseconds interval)
Build info: version: '3.141.59', revision: 'e82be7d358', time: '2018-11-14T08:17:03'
System info: host: 'travis-job-9fbfe21e-f35f-442b-8fde-917cbb8d98e8', ip: '127.0.0.1', os.name: 'Linux', os.arch: 'amd64', os.version: '5.0.0-1031-gcp', java.version: '14.0.1'
Driver info: org.openqa.selenium.chrome.ChromeDriver
Capabilities {acceptInsecureCerts: false, browserName: chrome, browserVersion: 83.0.4103.106, chrome: {chromedriverVersion: 83.0.4103.39 (ccbf011cb2d2b..., userDataDir: /tmp/.com.google.Chrome.nO2HPI}, goog:chromeOptions: {debuggerAddress: localhost:43903}, javascriptEnabled: true, networkConnectionEnabled: false, pageLoadStrategy: normal, platform: LINUX, platformName: LINUX, proxy: Proxy(), setWindowRect: true, strictFileInteractability: false, timeouts: {implicit: 0, pageLoad: 300000, script: 30000}, unhandledPromptBehavior: dismiss and notify, webauthn:virtualAuthenticators: true}
Session ID: f708bc19280a0b805106bb87c9769eba
