#logback.classic pattern: %d{HH:mm:ss} %-5level %logger{36} - %msg%n
21:34:51 INFO  i.g.bonigarcia.wdm.WebDriverManager - Please answer the following questionnaire based on your experience with WebDriverManager. Thanks a lot!
21:34:51 INFO  i.g.bonigarcia.wdm.WebDriverManager - ====> http://tiny.cc/wdm-survey <====
21:34:51 DEBUG i.g.b.wdm.cache.ResolutionCache - Resolution chrome=83 in cache (valid until 21:25:04 21/06/2020 UTC)
21:34:51 INFO  i.g.bonigarcia.wdm.WebDriverManager - Using chromedriver 83.0.4103.39 (since Chrome 83 is installed in your machine)
21:34:51 DEBUG i.g.bonigarcia.wdm.WebDriverManager - Driver chromedriver 83.0.4103.39 found in cache
21:34:51 INFO  i.g.bonigarcia.wdm.WebDriverManager - Exporting webdriver.chrome.driver as /home/travis/.m2/repository/webdriver/chromedriver/linux64/83.0.4103.39/chromedriver
21:34:52 INFO  com.steps.Hooks - ================================================ TEST STARTED ================================================
21:34:52 INFO  com.steps.Hooks - [34mTEST NAME: [US-444]/[9] I WOULD LIKE TO SEE REGISTRATION ERROR, WHEN I DON'T FILL COUNTRY INPUT[0m
21:34:52 INFO  com.steps.Hooks - Chosen executor: "CHROME"
21:34:53 INFO  com.steps.Hooks - Page ready: "TRUE"
21:34:55 INFO  com.steps.Hooks - User valid email: "D416AFORESTROP@COMCAST.NET"
21:34:56 INFO  com.steps.Hooks - User gender: "Male"
21:34:56 INFO  com.steps.Hooks - User first name: "ANDREE"
21:34:57 INFO  com.steps.Hooks - User last name: "AREIZAGA"
21:34:57 INFO  com.steps.Hooks - User password: "CON~FLATIONS"
21:35:12 INFO  com.steps.Hooks - [31mTEST RETRY (1/1): [US-444]/[9] I WOULD LIKE TO SEE REGISTRATION ERROR, WHEN I DON'T FILL COUNTRY INPUT[0m
21:35:12 INFO  i.g.bonigarcia.wdm.WebDriverManager - Please answer the following questionnaire based on your experience with WebDriverManager. Thanks a lot!
21:35:12 INFO  i.g.bonigarcia.wdm.WebDriverManager - ====> http://tiny.cc/wdm-survey <====
21:35:12 DEBUG i.g.b.wdm.cache.ResolutionCache - Resolution chrome=83 in cache (valid until 21:25:04 21/06/2020 UTC)
21:35:12 INFO  i.g.bonigarcia.wdm.WebDriverManager - Using chromedriver 83.0.4103.39 (since Chrome 83 is installed in your machine)
21:35:12 DEBUG i.g.bonigarcia.wdm.WebDriverManager - Driver chromedriver 83.0.4103.39 found in cache
21:35:12 INFO  i.g.bonigarcia.wdm.WebDriverManager - Exporting webdriver.chrome.driver as /home/travis/.m2/repository/webdriver/chromedriver/linux64/83.0.4103.39/chromedriver
21:35:13 INFO  com.steps.Hooks - ================================================ TEST STARTED ================================================
21:35:13 INFO  com.steps.Hooks - [34mTEST NAME: [US-444]/[9] I WOULD LIKE TO SEE REGISTRATION ERROR, WHEN I DON'T FILL COUNTRY INPUT[0m
21:35:13 INFO  com.steps.Hooks - Chosen executor: "CHROME"
21:35:15 INFO  com.steps.Hooks - Page ready: "TRUE"
21:35:16 INFO  com.steps.Hooks - User valid email: "C7CA4SNODHAYWOOD@HOTMAIL.COM"
21:35:18 INFO  com.steps.Hooks - User gender: "Female"
21:35:18 INFO  com.steps.Hooks - User first name: "SIMON"
21:35:18 INFO  com.steps.Hooks - User last name: "OBRYANT"
21:35:19 INFO  com.steps.Hooks - User password: "HUMIDNE.SS"
21:35:34 INFO  com.steps.Hooks - ====================================== TEST FINISHED WITH [31mFAILED STATUS [0m======================================
21:35:34 ERROR com.steps.Hooks - org.openqa.selenium.TimeoutException: Expected condition failed: waiting for element to be clickable: [[ChromeDriver: chrome on LINUX (e43a110a683dac4c5b2eb0af51358f21)] -> xpath: //select[@id='days']] (tried for 15 second(s) with 500 milliseconds interval)
Build info: version: '3.141.59', revision: 'e82be7d358', time: '2018-11-14T08:17:03'
System info: host: 'travis-job-4c1e0e6a-9003-45ed-962a-c7395d5d90e7', ip: '127.0.0.1', os.name: 'Linux', os.arch: 'amd64', os.version: '5.0.0-1031-gcp', java.version: '14.0.1'
Driver info: org.openqa.selenium.chrome.ChromeDriver
Capabilities {acceptInsecureCerts: false, browserName: chrome, browserVersion: 83.0.4103.106, chrome: {chromedriverVersion: 83.0.4103.39 (ccbf011cb2d2b..., userDataDir: /tmp/.com.google.Chrome.TSbzTr}, goog:chromeOptions: {debuggerAddress: localhost:34673}, javascriptEnabled: true, networkConnectionEnabled: false, pageLoadStrategy: normal, platform: LINUX, platformName: LINUX, proxy: Proxy(), setWindowRect: true, strictFileInteractability: false, timeouts: {implicit: 0, pageLoad: 300000, script: 30000}, unhandledPromptBehavior: dismiss and notify, webauthn:virtualAuthenticators: true}
Session ID: e43a110a683dac4c5b2eb0af51358f21
