#logback.classic pattern: %d{HH:mm:ss} %-5level %logger{36} - %msg%n
15:44:40 DEBUG io.github.bonigarcia.wdm.Preferences - Preference chrome=81 (valid until 2020-05-01 15:25:50)
15:44:40 DEBUG io.github.bonigarcia.wdm.Preferences - Preference chrome81=81.0.4044.69 (valid until 2020-05-01 15:25:50)
15:44:40 INFO  i.g.bonigarcia.wdm.WebDriverManager - Using chromedriver 81.0.4044.69 (since Google Chrome 81 is installed in your machine)
15:44:40 DEBUG i.g.bonigarcia.wdm.WebDriverManager - Driver chromedriver 81.0.4044.69 found in cache
15:44:40 INFO  i.g.bonigarcia.wdm.WebDriverManager - Exporting webdriver.chrome.driver as /home/travis/.m2/repository/webdriver/chromedriver/linux64/81.0.4044.69/chromedriver
15:44:40 INFO  com.steps.Hooks - Chosen executor: "CHROME"
15:44:40 INFO  com.steps.Hooks - ================================================ TEST STARTED ================================================
15:44:40 INFO  com.steps.Hooks - [34mTEST NAME: [US-666]/[2] I WOULD LIKE TO BUY NEW "BLOUSE"[0m
15:44:52 INFO  com.steps.Hooks - Page ready: "TRUE"
15:45:04 INFO  com.steps.Hooks - User login: "THOR.ODINSON@EXAMPLE.COM"
15:45:04 INFO  com.steps.Hooks - User password: "12345"
15:45:22 INFO  com.steps.Hooks - [31mTEST RETRY (1/1): [US-666]/[2] I WOULD LIKE TO BUY NEW "BLOUSE"[0m
15:45:22 DEBUG io.github.bonigarcia.wdm.Preferences - Preference chrome=81 (valid until 2020-05-01 15:25:50)
15:45:22 DEBUG io.github.bonigarcia.wdm.Preferences - Preference chrome81=81.0.4044.69 (valid until 2020-05-01 15:25:50)
15:45:22 INFO  i.g.bonigarcia.wdm.WebDriverManager - Using chromedriver 81.0.4044.69 (since Google Chrome 81 is installed in your machine)
15:45:22 DEBUG i.g.bonigarcia.wdm.WebDriverManager - Driver chromedriver 81.0.4044.69 found in cache
15:45:22 INFO  i.g.bonigarcia.wdm.WebDriverManager - Exporting webdriver.chrome.driver as /home/travis/.m2/repository/webdriver/chromedriver/linux64/81.0.4044.69/chromedriver
15:45:22 INFO  com.steps.Hooks - Chosen executor: "CHROME"
15:45:22 INFO  com.steps.Hooks - ================================================ TEST STARTED ================================================
15:45:22 INFO  com.steps.Hooks - [34mTEST NAME: [US-666]/[2] I WOULD LIKE TO BUY NEW "BLOUSE"[0m
15:45:33 INFO  com.steps.Hooks - Page ready: "TRUE"
15:45:48 INFO  com.steps.Hooks - ====================================== TEST FINISHED WITH [31mFAILED STATUS [0m======================================
15:45:49 ERROR com.steps.Hooks - org.openqa.selenium.NoSuchElementException: no such element: Unable to locate element: {"method":"xpath","selector":"//a[@class='login']"}
  (Session info: chrome=81.0.4044.129)
For documentation on this error, please visit: https://www.seleniumhq.org/exceptions/no_such_element.html
Build info: version: '3.141.59', revision: 'e82be7d358', time: '2018-11-14T08:17:03'
System info: host: 'localhost', ip: '127.0.0.1', os.name: 'Linux', os.arch: 'amd64', os.version: '4.4.0-101-generic', java.version: '1.8.0_151'
Driver info: org.openqa.selenium.chrome.ChromeDriver
Capabilities {acceptInsecureCerts: false, browserName: chrome, browserVersion: 81.0.4044.129, chrome: {chromedriverVersion: 81.0.4044.69 (6813546031a4b..., userDataDir: /tmp/.com.google.Chrome.lmXmQB}, goog:chromeOptions: {debuggerAddress: localhost:35431}, javascriptEnabled: true, networkConnectionEnabled: false, pageLoadStrategy: normal, platform: LINUX, platformName: LINUX, proxy: Proxy(), setWindowRect: true, strictFileInteractability: false, timeouts: {implicit: 0, pageLoad: 300000, script: 30000}, unhandledPromptBehavior: dismiss and notify, webauthn:virtualAuthenticators: true}
Session ID: f253761e41c23c6e9687a97d3b250c07
*** Element info: {Using=xpath, value=//a[@class='login']}
