#logback.classic pattern: %d{HH:mm:ss} %-5level %logger{36} - %msg%n
15:21:28 DEBUG io.github.bonigarcia.wdm.Preferences - Preference chrome=81 (valid until 2020-04-20 15:17:59)
15:21:28 DEBUG io.github.bonigarcia.wdm.Preferences - Preference chrome81=81.0.4044.69 (valid until 2020-04-20 15:17:59)
15:21:28 INFO  i.g.bonigarcia.wdm.WebDriverManager - Using chromedriver 81.0.4044.69 (since Google Chrome 81 is installed in your machine)
15:21:28 DEBUG i.g.bonigarcia.wdm.WebDriverManager - Driver chromedriver 81.0.4044.69 found in cache
15:21:28 INFO  i.g.bonigarcia.wdm.WebDriverManager - Exporting webdriver.chrome.driver as /home/travis/.m2/repository/webdriver/chromedriver/linux64/81.0.4044.69/chromedriver
15:21:28 INFO  com.steps.Hooks - Chosen executor: "CHROME"
15:21:28 INFO  com.steps.Hooks - ================================================ TEST STARTED ================================================
15:21:28 INFO  com.steps.Hooks - [34mTEST NAME: [US-444]/[3] I WOULD LIKE TO SEE REGISTRATION ERROR, WHEN I DON'T FILL EMAIL INPUT[0m
15:21:30 INFO  com.steps.Hooks - Page ready: "TRUE"
15:21:31 INFO  com.steps.Hooks - User valid email: "50009PAIDSANDRA@ATT.NET"
15:22:02 INFO  com.steps.Hooks - [31mTEST RETRY (1/1): [US-444]/[3] I WOULD LIKE TO SEE REGISTRATION ERROR, WHEN I DON'T FILL EMAIL INPUT[0m
15:22:02 DEBUG io.github.bonigarcia.wdm.Preferences - Preference chrome=81 (valid until 2020-04-20 15:17:59)
15:22:02 DEBUG io.github.bonigarcia.wdm.Preferences - Preference chrome81=81.0.4044.69 (valid until 2020-04-20 15:17:59)
15:22:02 INFO  i.g.bonigarcia.wdm.WebDriverManager - Using chromedriver 81.0.4044.69 (since Google Chrome 81 is installed in your machine)
15:22:02 DEBUG i.g.bonigarcia.wdm.WebDriverManager - Driver chromedriver 81.0.4044.69 found in cache
15:22:02 INFO  i.g.bonigarcia.wdm.WebDriverManager - Exporting webdriver.chrome.driver as /home/travis/.m2/repository/webdriver/chromedriver/linux64/81.0.4044.69/chromedriver
15:22:03 INFO  com.steps.Hooks - Chosen executor: "CHROME"
15:22:03 INFO  com.steps.Hooks - ================================================ TEST STARTED ================================================
15:22:03 INFO  com.steps.Hooks - [34mTEST NAME: [US-444]/[3] I WOULD LIKE TO SEE REGISTRATION ERROR, WHEN I DON'T FILL EMAIL INPUT[0m
15:22:05 INFO  com.steps.Hooks - Page ready: "TRUE"
15:22:07 INFO  com.steps.Hooks - User valid email: "19993ANESSWATTED@AOL.COM"
15:22:38 INFO  com.steps.Hooks - ====================================== TEST FINISHED WITH [31mFAILED STATUS [0m======================================
15:22:39 ERROR com.steps.Hooks - org.openqa.selenium.TimeoutException: Expected condition failed: waiting for visibility of Proxy element for: DefaultElementLocator 'By.xpath: //form[@id='create-account_form']' (tried for 5 second(s) with 500 milliseconds interval)
