#logback.classic pattern: %d{HH:mm:ss} %-5level %logger{36} - %msg%n
15:29:11 DEBUG io.github.bonigarcia.wdm.Preferences - Preference chrome=81 (valid until 2020-05-01 15:25:50)
15:29:11 DEBUG io.github.bonigarcia.wdm.Preferences - Preference chrome81=81.0.4044.69 (valid until 2020-05-01 15:25:50)
15:29:11 INFO  i.g.bonigarcia.wdm.WebDriverManager - Using chromedriver 81.0.4044.69 (since Google Chrome 81 is installed in your machine)
15:29:11 DEBUG i.g.bonigarcia.wdm.WebDriverManager - Driver chromedriver 81.0.4044.69 found in cache
15:29:11 INFO  i.g.bonigarcia.wdm.WebDriverManager - Exporting webdriver.chrome.driver as /home/travis/.m2/repository/webdriver/chromedriver/linux64/81.0.4044.69/chromedriver
15:29:12 INFO  com.steps.Hooks - Chosen executor: "CHROME"
15:29:12 INFO  com.steps.Hooks - ================================================ TEST STARTED ================================================
15:29:12 INFO  com.steps.Hooks - [34mTEST NAME: [US-222]/[8] I AM NOT ABLE TO SEND REQUEST VIA CONTACT US FORM, ALL INPUTS ARE MISSING[0m
15:29:27 INFO  com.steps.Hooks - [31mTEST RETRY (1/1): [US-222]/[8] I AM NOT ABLE TO SEND REQUEST VIA CONTACT US FORM, ALL INPUTS ARE MISSING[0m
15:29:27 DEBUG io.github.bonigarcia.wdm.Preferences - Preference chrome=81 (valid until 2020-05-01 15:25:50)
15:29:27 DEBUG io.github.bonigarcia.wdm.Preferences - Preference chrome81=81.0.4044.69 (valid until 2020-05-01 15:25:50)
15:29:27 INFO  i.g.bonigarcia.wdm.WebDriverManager - Using chromedriver 81.0.4044.69 (since Google Chrome 81 is installed in your machine)
15:29:27 DEBUG i.g.bonigarcia.wdm.WebDriverManager - Driver chromedriver 81.0.4044.69 found in cache
15:29:27 INFO  i.g.bonigarcia.wdm.WebDriverManager - Exporting webdriver.chrome.driver as /home/travis/.m2/repository/webdriver/chromedriver/linux64/81.0.4044.69/chromedriver
15:29:27 INFO  com.steps.Hooks - Chosen executor: "CHROME"
15:29:27 INFO  com.steps.Hooks - ================================================ TEST STARTED ================================================
15:29:27 INFO  com.steps.Hooks - [34mTEST NAME: [US-222]/[8] I AM NOT ABLE TO SEND REQUEST VIA CONTACT US FORM, ALL INPUTS ARE MISSING[0m
15:29:41 INFO  com.steps.Hooks - ====================================== TEST FINISHED WITH [31mFAILED STATUS [0m======================================
15:29:42 ERROR com.steps.Hooks - java.lang.AssertionError: Upssss, something went really bad! Even Michael Scofield couldn't have predicted that error! :) expected [http://automationpractice.com/index.php] but found [http://automationpractice.com/]
