#logback.classic pattern: %d{HH:mm:ss} %-5level %logger{36} - %msg%n
17:59:02 DEBUG io.github.bonigarcia.wdm.Preferences - Preference chrome=80 (valid until 2020-03-09 17:56:07)
17:59:02 DEBUG io.github.bonigarcia.wdm.Preferences - Preference chrome80=80.0.3987.106 (valid until 2020-03-09 17:56:07)
17:59:02 INFO  i.g.bonigarcia.wdm.WebDriverManager - Using chromedriver 80.0.3987.106 (since Google Chrome 80 is installed in your machine)
17:59:02 DEBUG i.g.bonigarcia.wdm.WebDriverManager - Driver chromedriver 80.0.3987.106 found in cache
17:59:02 INFO  i.g.bonigarcia.wdm.WebDriverManager - Exporting webdriver.chrome.driver as /home/travis/.m2/repository/webdriver/chromedriver/linux64/80.0.3987.106/chromedriver
17:59:02 INFO  com.steps.Hooks - Chosen executor: CHROME
17:59:02 INFO  com.steps.Hooks - ================================================ TEST STARTED ================================================
17:59:02 INFO  com.steps.Hooks - [34mTEST NAME: I WOULD LIKE TO SEE REGISTRATION ERROR, WHEN I DON'T FILL CITY INPUT[0m
17:59:05 INFO  com.steps.Hooks - User valid email: RIDCHRYSTAL@GMAIL.COM
17:59:07 INFO  com.steps.Hooks - Chosen gender: Female
17:59:07 INFO  com.steps.Hooks - User first name: KYLE
17:59:07 INFO  com.steps.Hooks - User last name: TRICKETT
17:59:07 INFO  com.steps.Hooks - User password: TYMPA$NUMS
17:59:07 INFO  com.steps.Hooks - User birthday: 1-10-1916 
17:59:07 INFO  com.steps.Hooks - [31mTEST WILL BE REPEATED (2/2): I WOULD LIKE TO SEE REGISTRATION ERROR, WHEN I DON'T FILL CITY INPUT[0m
17:59:07 DEBUG io.github.bonigarcia.wdm.Preferences - Preference chrome=80 (valid until 2020-03-09 17:56:07)
17:59:07 DEBUG io.github.bonigarcia.wdm.Preferences - Preference chrome80=80.0.3987.106 (valid until 2020-03-09 17:56:07)
17:59:07 INFO  i.g.bonigarcia.wdm.WebDriverManager - Using chromedriver 80.0.3987.106 (since Google Chrome 80 is installed in your machine)
17:59:07 DEBUG i.g.bonigarcia.wdm.WebDriverManager - Driver chromedriver 80.0.3987.106 found in cache
17:59:07 INFO  i.g.bonigarcia.wdm.WebDriverManager - Exporting webdriver.chrome.driver as /home/travis/.m2/repository/webdriver/chromedriver/linux64/80.0.3987.106/chromedriver
17:59:08 INFO  com.steps.Hooks - Chosen executor: CHROME
17:59:08 INFO  com.steps.Hooks - ================================================ TEST STARTED ================================================
17:59:08 INFO  com.steps.Hooks - [34mTEST NAME: I WOULD LIKE TO SEE REGISTRATION ERROR, WHEN I DON'T FILL CITY INPUT[0m
17:59:10 INFO  com.steps.Hooks - User valid email: THRU_TWITES@MAC.COM
17:59:11 INFO  com.steps.Hooks - Chosen gender: Female
17:59:11 INFO  com.steps.Hooks - User first name: HANH
17:59:11 INFO  com.steps.Hooks - User last name: VERHAGEN
17:59:11 INFO  com.steps.Hooks - User password: GI?VEAWAY
17:59:12 INFO  com.steps.Hooks - User birthday: 23-4-1954 
17:59:12 INFO  com.steps.Hooks - ====================================== TEST FINISHED WITH [31mFAILED STATUS [0m======================================
17:59:12 ERROR com.steps.Hooks - java.lang.AssertionError: Value didn't match expected value! expected [4] but found [APRIL]
