#logback.classic pattern: %d{HH:mm:ss} %-5level %logger{36} - %msg%n
21:45:22 INFO  i.g.bonigarcia.wdm.WebDriverManager - Please answer the following questionnaire based on your experience with WebDriverManager. Thanks a lot!
21:45:22 INFO  i.g.bonigarcia.wdm.WebDriverManager - ====> http://tiny.cc/wdm-survey <====
21:45:22 DEBUG i.g.b.wdm.cache.ResolutionCache - Resolution chrome=83 in cache (valid until 21:38:54 21/06/2020 UTC)
21:45:22 INFO  i.g.bonigarcia.wdm.WebDriverManager - Using chromedriver 83.0.4103.39 (since Chrome 83 is installed in your machine)
21:45:22 DEBUG i.g.bonigarcia.wdm.WebDriverManager - Driver chromedriver 83.0.4103.39 found in cache
21:45:22 INFO  i.g.bonigarcia.wdm.WebDriverManager - Exporting webdriver.chrome.driver as /home/travis/.m2/repository/webdriver/chromedriver/linux64/83.0.4103.39/chromedriver
21:45:23 INFO  com.steps.Hooks - ================================================ TEST STARTED ================================================
21:45:23 INFO  com.steps.Hooks - [34mTEST NAME: [US-333]/[5] I CAN'T CREATE AN ACCOUNT, WHEN ONE OF REQUIRED FIELDS IS MISSING[0m
21:45:23 INFO  com.steps.Hooks - Chosen executor: "CHROME"
21:45:26 INFO  com.steps.Hooks - Page ready: "TRUE"
21:45:28 INFO  com.steps.Hooks - User valid email: "08174LUSHBURT@EMAIL.COM"
21:45:29 INFO  com.steps.Hooks - User first name: "THOR"
21:45:29 INFO  com.steps.Hooks - User last name: "ODINSON"
21:45:30 INFO  com.steps.Hooks - User password: "#PASSWD123"
21:45:30 INFO  com.steps.Hooks - User address: ""
21:45:30 INFO  com.steps.Hooks - User city: "CITY"
21:45:51 INFO  com.steps.Hooks - [31mTEST RETRY (1/1): [US-333]/[5] I CAN'T CREATE AN ACCOUNT, WHEN ONE OF REQUIRED FIELDS IS MISSING[0m
21:45:51 INFO  i.g.bonigarcia.wdm.WebDriverManager - Please answer the following questionnaire based on your experience with WebDriverManager. Thanks a lot!
21:45:51 INFO  i.g.bonigarcia.wdm.WebDriverManager - ====> http://tiny.cc/wdm-survey <====
21:45:51 DEBUG i.g.b.wdm.cache.ResolutionCache - Resolution chrome=83 in cache (valid until 21:38:54 21/06/2020 UTC)
21:45:51 INFO  i.g.bonigarcia.wdm.WebDriverManager - Using chromedriver 83.0.4103.39 (since Chrome 83 is installed in your machine)
21:45:51 DEBUG i.g.bonigarcia.wdm.WebDriverManager - Driver chromedriver 83.0.4103.39 found in cache
21:45:51 INFO  i.g.bonigarcia.wdm.WebDriverManager - Exporting webdriver.chrome.driver as /home/travis/.m2/repository/webdriver/chromedriver/linux64/83.0.4103.39/chromedriver
21:45:51 INFO  com.steps.Hooks - ================================================ TEST STARTED ================================================
21:45:51 INFO  com.steps.Hooks - [34mTEST NAME: [US-333]/[5] I CAN'T CREATE AN ACCOUNT, WHEN ONE OF REQUIRED FIELDS IS MISSING[0m
21:45:51 INFO  com.steps.Hooks - Chosen executor: "CHROME"
21:45:53 INFO  com.steps.Hooks - Page ready: "TRUE"
21:45:55 INFO  com.steps.Hooks - User valid email: "6E55BDEFORMEDSIELIGOWSKI@COMCAST.NET"
21:45:56 INFO  com.steps.Hooks - User first name: "THOR"
21:45:57 INFO  com.steps.Hooks - User last name: "ODINSON"
21:45:57 INFO  com.steps.Hooks - User password: "#PASSWD123"
21:45:57 INFO  com.steps.Hooks - User address: ""
21:45:58 INFO  com.steps.Hooks - User city: "CITY"
21:46:18 INFO  com.steps.Hooks - ====================================== TEST FINISHED WITH [31mFAILED STATUS [0m======================================
21:46:18 ERROR com.steps.Hooks - org.openqa.selenium.TimeoutException: Expected condition failed: waiting for visibility of [[ChromeDriver: chrome on LINUX (399c39402268870cbfac12aebd55f00e)] -> xpath: //select[@id='id_state']] (tried for 20 second(s) with 500 milliseconds interval)
Build info: version: '3.141.59', revision: 'e82be7d358', time: '2018-11-14T08:17:03'
System info: host: 'travis-job-6c882010-1e1d-4a5a-8d3b-68beababbba6', ip: '127.0.0.1', os.name: 'Linux', os.arch: 'amd64', os.version: '5.0.0-1031-gcp', java.version: '14.0.1'
Driver info: org.openqa.selenium.chrome.ChromeDriver
Capabilities {acceptInsecureCerts: false, browserName: chrome, browserVersion: 83.0.4103.106, chrome: {chromedriverVersion: 83.0.4103.39 (ccbf011cb2d2b..., userDataDir: /tmp/.com.google.Chrome.AdiKdA}, goog:chromeOptions: {debuggerAddress: localhost:34339}, javascriptEnabled: true, networkConnectionEnabled: false, pageLoadStrategy: normal, platform: LINUX, platformName: LINUX, proxy: Proxy(), setWindowRect: true, strictFileInteractability: false, timeouts: {implicit: 0, pageLoad: 300000, script: 30000}, unhandledPromptBehavior: dismiss and notify, webauthn:virtualAuthenticators: true}
Session ID: 399c39402268870cbfac12aebd55f00e
