#logback.classic pattern: %d{HH:mm:ss} %-5level %logger{36} - %msg%n
17:58:32 DEBUG io.github.bonigarcia.wdm.Preferences - Preference chrome=80 (valid until 2020-03-09 17:56:07)
17:58:32 DEBUG io.github.bonigarcia.wdm.Preferences - Preference chrome80=80.0.3987.106 (valid until 2020-03-09 17:56:07)
17:58:32 INFO  i.g.bonigarcia.wdm.WebDriverManager - Using chromedriver 80.0.3987.106 (since Google Chrome 80 is installed in your machine)
17:58:32 DEBUG i.g.bonigarcia.wdm.WebDriverManager - Driver chromedriver 80.0.3987.106 found in cache
17:58:32 INFO  i.g.bonigarcia.wdm.WebDriverManager - Exporting webdriver.chrome.driver as /home/travis/.m2/repository/webdriver/chromedriver/linux64/80.0.3987.106/chromedriver
17:58:32 INFO  com.steps.Hooks - Chosen executor: CHROME
17:58:32 INFO  com.steps.Hooks - ================================================ TEST STARTED ================================================
17:58:32 INFO  com.steps.Hooks - [34mTEST NAME: I WOULD LIKE TO SEE REGISTRATION ERROR, WHEN I DON'T FILL EMAIL INPUT[0m
17:58:34 INFO  com.steps.Hooks - User valid email: FOILEDFAUSTINA@MAIL.COM
17:58:36 INFO  com.steps.Hooks - Chosen gender: Male
17:58:36 INFO  com.steps.Hooks - User first name: BARBERA
17:58:36 INFO  com.steps.Hooks - User last name: STOECKERT
17:58:36 INFO  com.steps.Hooks - User password: }CONCURRENT
17:58:36 INFO  com.steps.Hooks - User birthday: 28-4-1958 
17:58:36 INFO  com.steps.Hooks - [31mTEST WILL BE REPEATED (2/2): I WOULD LIKE TO SEE REGISTRATION ERROR, WHEN I DON'T FILL EMAIL INPUT[0m
17:58:37 DEBUG io.github.bonigarcia.wdm.Preferences - Preference chrome=80 (valid until 2020-03-09 17:56:07)
17:58:37 DEBUG io.github.bonigarcia.wdm.Preferences - Preference chrome80=80.0.3987.106 (valid until 2020-03-09 17:56:07)
17:58:37 INFO  i.g.bonigarcia.wdm.WebDriverManager - Using chromedriver 80.0.3987.106 (since Google Chrome 80 is installed in your machine)
17:58:37 DEBUG i.g.bonigarcia.wdm.WebDriverManager - Driver chromedriver 80.0.3987.106 found in cache
17:58:37 INFO  i.g.bonigarcia.wdm.WebDriverManager - Exporting webdriver.chrome.driver as /home/travis/.m2/repository/webdriver/chromedriver/linux64/80.0.3987.106/chromedriver
17:58:37 INFO  com.steps.Hooks - Chosen executor: CHROME
17:58:37 INFO  com.steps.Hooks - ================================================ TEST STARTED ================================================
17:58:37 INFO  com.steps.Hooks - [34mTEST NAME: I WOULD LIKE TO SEE REGISTRATION ERROR, WHEN I DON'T FILL EMAIL INPUT[0m
17:58:39 INFO  com.steps.Hooks - User valid email: CLIPPEDMICAH@MAIL.COM
17:58:41 INFO  com.steps.Hooks - Chosen gender: Female
17:58:41 INFO  com.steps.Hooks - User first name: VERSIE
17:58:41 INFO  com.steps.Hooks - User last name: SALAZ
17:58:41 INFO  com.steps.Hooks - User password: CENOT>E22
17:58:42 INFO  com.steps.Hooks - User birthday: 4-3-1969 
17:58:42 INFO  com.steps.Hooks - ====================================== TEST FINISHED WITH [31mFAILED STATUS [0m======================================
17:58:42 ERROR com.steps.Hooks - java.lang.AssertionError: Value didn't match expected value! expected [3] but found [MARCH]
