#logback.classic pattern: %d{HH:mm:ss} %-5level %logger{36} - %msg%n
21:19:52 INFO  i.g.bonigarcia.wdm.WebDriverManager - Please answer the following questionnaire based on your experience with WebDriverManager. Thanks a lot!
21:19:52 INFO  i.g.bonigarcia.wdm.WebDriverManager - ====> http://tiny.cc/wdm-survey <====
21:19:52 DEBUG i.g.b.wdm.cache.ResolutionCache - Resolution chrome=83 in cache (valid until 21:13:02 21/06/2020 UTC)
21:19:52 INFO  i.g.bonigarcia.wdm.WebDriverManager - Using chromedriver 83.0.4103.39 (since Chrome 83 is installed in your machine)
21:19:52 DEBUG i.g.bonigarcia.wdm.WebDriverManager - Driver chromedriver 83.0.4103.39 found in cache
21:19:52 INFO  i.g.bonigarcia.wdm.WebDriverManager - Exporting webdriver.chrome.driver as /home/travis/.m2/repository/webdriver/chromedriver/linux64/83.0.4103.39/chromedriver
21:19:52 INFO  com.steps.Hooks - ================================================ TEST STARTED ================================================
21:19:52 INFO  com.steps.Hooks - [34mTEST NAME: [US-444]/[9] I WOULD LIKE TO SEE REGISTRATION ERROR, WHEN I DON'T FILL COUNTRY INPUT[0m
21:19:52 INFO  com.steps.Hooks - Chosen executor: "CHROME"
21:19:54 INFO  com.steps.Hooks - Page ready: "TRUE"
21:19:55 INFO  com.steps.Hooks - User valid email: "B1BD6BOUGHTELWOOD@MAC.COM"
21:19:57 INFO  com.steps.Hooks - User gender: "Male"
21:19:57 INFO  com.steps.Hooks - User first name: "LYLE"
21:19:57 INFO  com.steps.Hooks - User last name: "CABAL"
21:19:57 INFO  com.steps.Hooks - User password: "^COTHURNUS"
21:20:03 INFO  com.steps.Hooks - [31mTEST RETRY (1/1): [US-444]/[9] I WOULD LIKE TO SEE REGISTRATION ERROR, WHEN I DON'T FILL COUNTRY INPUT[0m
21:20:03 INFO  i.g.bonigarcia.wdm.WebDriverManager - Please answer the following questionnaire based on your experience with WebDriverManager. Thanks a lot!
21:20:03 INFO  i.g.bonigarcia.wdm.WebDriverManager - ====> http://tiny.cc/wdm-survey <====
21:20:03 DEBUG i.g.b.wdm.cache.ResolutionCache - Resolution chrome=83 in cache (valid until 21:13:02 21/06/2020 UTC)
21:20:03 INFO  i.g.bonigarcia.wdm.WebDriverManager - Using chromedriver 83.0.4103.39 (since Chrome 83 is installed in your machine)
21:20:03 DEBUG i.g.bonigarcia.wdm.WebDriverManager - Driver chromedriver 83.0.4103.39 found in cache
21:20:03 INFO  i.g.bonigarcia.wdm.WebDriverManager - Exporting webdriver.chrome.driver as /home/travis/.m2/repository/webdriver/chromedriver/linux64/83.0.4103.39/chromedriver
21:20:04 INFO  com.steps.Hooks - ================================================ TEST STARTED ================================================
21:20:04 INFO  com.steps.Hooks - [34mTEST NAME: [US-444]/[9] I WOULD LIKE TO SEE REGISTRATION ERROR, WHEN I DON'T FILL COUNTRY INPUT[0m
21:20:04 INFO  com.steps.Hooks - Chosen executor: "CHROME"
21:20:05 INFO  com.steps.Hooks - Page ready: "TRUE"
21:20:07 INFO  com.steps.Hooks - User valid email: "0DA4BBLAMEDTHROWN@YAHOO.CO.UK"
21:20:08 INFO  com.steps.Hooks - User gender: "Female"
21:20:08 INFO  com.steps.Hooks - User first name: "FLORINDA"
21:20:09 INFO  com.steps.Hooks - User last name: "LATHRUM"
21:20:09 INFO  com.steps.Hooks - User password: "/CAMBIUM2"
21:20:14 INFO  com.steps.Hooks - ====================================== TEST FINISHED WITH [31mFAILED STATUS [0m======================================
21:20:14 ERROR com.steps.Hooks - org.openqa.selenium.TimeoutException: Expected condition failed: waiting for element to be clickable: [[ChromeDriver: chrome on LINUX (20d3fe994630bf20aa4441d7c2acb186)] -> xpath: //select[@id='days']] (tried for 5 second(s) with 500 milliseconds interval)
Build info: version: '3.141.59', revision: 'e82be7d358', time: '2018-11-14T08:17:03'
System info: host: 'travis-job-9fbfe21e-f35f-442b-8fde-917cbb8d98e8', ip: '127.0.0.1', os.name: 'Linux', os.arch: 'amd64', os.version: '5.0.0-1031-gcp', java.version: '14.0.1'
Driver info: org.openqa.selenium.chrome.ChromeDriver
Capabilities {acceptInsecureCerts: false, browserName: chrome, browserVersion: 83.0.4103.106, chrome: {chromedriverVersion: 83.0.4103.39 (ccbf011cb2d2b..., userDataDir: /tmp/.com.google.Chrome.dcCTI0}, goog:chromeOptions: {debuggerAddress: localhost:45983}, javascriptEnabled: true, networkConnectionEnabled: false, pageLoadStrategy: normal, platform: LINUX, platformName: LINUX, proxy: Proxy(), setWindowRect: true, strictFileInteractability: false, timeouts: {implicit: 0, pageLoad: 300000, script: 30000}, unhandledPromptBehavior: dismiss and notify, webauthn:virtualAuthenticators: true}
Session ID: 20d3fe994630bf20aa4441d7c2acb186
