#logback.classic pattern: %d{HH:mm:ss} %-5level %logger{36} - %msg%n
15:34:09 DEBUG io.github.bonigarcia.wdm.Preferences - Preference chrome=81 (valid until 2020-05-01 15:25:50)
15:34:09 DEBUG io.github.bonigarcia.wdm.Preferences - Preference chrome81=81.0.4044.69 (valid until 2020-05-01 15:25:50)
15:34:09 INFO  i.g.bonigarcia.wdm.WebDriverManager - Using chromedriver 81.0.4044.69 (since Google Chrome 81 is installed in your machine)
15:34:09 DEBUG i.g.bonigarcia.wdm.WebDriverManager - Driver chromedriver 81.0.4044.69 found in cache
15:34:09 INFO  i.g.bonigarcia.wdm.WebDriverManager - Exporting webdriver.chrome.driver as /home/travis/.m2/repository/webdriver/chromedriver/linux64/81.0.4044.69/chromedriver
15:34:09 INFO  com.steps.Hooks - Chosen executor: "CHROME"
15:34:10 INFO  com.steps.Hooks - ================================================ TEST STARTED ================================================
15:34:10 INFO  com.steps.Hooks - [34mTEST NAME: [US-444]/[4] I WOULD LIKE TO SEE REGISTRATION ERROR, WHEN I DON'T FILL PASSWORD INPUT[0m
15:34:13 INFO  com.steps.Hooks - [31mTEST RETRY (1/1): [US-444]/[4] I WOULD LIKE TO SEE REGISTRATION ERROR, WHEN I DON'T FILL PASSWORD INPUT[0m
15:34:13 DEBUG io.github.bonigarcia.wdm.Preferences - Preference chrome=81 (valid until 2020-05-01 15:25:50)
15:34:13 DEBUG io.github.bonigarcia.wdm.Preferences - Preference chrome81=81.0.4044.69 (valid until 2020-05-01 15:25:50)
15:34:13 INFO  i.g.bonigarcia.wdm.WebDriverManager - Using chromedriver 81.0.4044.69 (since Google Chrome 81 is installed in your machine)
15:34:13 DEBUG i.g.bonigarcia.wdm.WebDriverManager - Driver chromedriver 81.0.4044.69 found in cache
15:34:13 INFO  i.g.bonigarcia.wdm.WebDriverManager - Exporting webdriver.chrome.driver as /home/travis/.m2/repository/webdriver/chromedriver/linux64/81.0.4044.69/chromedriver
15:34:14 INFO  com.steps.Hooks - Chosen executor: "CHROME"
15:34:14 INFO  com.steps.Hooks - ================================================ TEST STARTED ================================================
15:34:14 INFO  com.steps.Hooks - [34mTEST NAME: [US-444]/[4] I WOULD LIKE TO SEE REGISTRATION ERROR, WHEN I DON'T FILL PASSWORD INPUT[0m
15:34:29 INFO  com.steps.Hooks - ====================================== TEST FINISHED WITH [31mFAILED STATUS [0m======================================
15:34:29 ERROR com.steps.Hooks - org.openqa.selenium.TimeoutException: timeout: Timed out receiving message from renderer: -0.000
  (Session info: chrome=81.0.4044.129)
Build info: version: '3.141.59', revision: 'e82be7d358', time: '2018-11-14T08:17:03'
System info: host: 'localhost', ip: '127.0.0.1', os.name: 'Linux', os.arch: 'amd64', os.version: '4.4.0-101-generic', java.version: '1.8.0_151'
Driver info: org.openqa.selenium.chrome.ChromeDriver
Capabilities {acceptInsecureCerts: false, browserName: chrome, browserVersion: 81.0.4044.129, chrome: {chromedriverVersion: 81.0.4044.69 (6813546031a4b..., userDataDir: /tmp/.com.google.Chrome.0tb09f}, goog:chromeOptions: {debuggerAddress: localhost:44787}, javascriptEnabled: true, networkConnectionEnabled: false, pageLoadStrategy: normal, platform: LINUX, platformName: LINUX, proxy: Proxy(), setWindowRect: true, strictFileInteractability: false, timeouts: {implicit: 0, pageLoad: 300000, script: 30000}, unhandledPromptBehavior: dismiss and notify, webauthn:virtualAuthenticators: true}
Session ID: 21b279084870bc48db70cd1262fda0a7
