#logback.classic pattern: %d{HH:mm:ss} %-5level %logger{36} - %msg%n
15:39:41 INFO  i.g.bonigarcia.wdm.WebDriverManager - Please answer the following questionnaire based on your experience with WebDriverManager. Thanks a lot!
15:39:41 INFO  i.g.bonigarcia.wdm.WebDriverManager - ====> http://tiny.cc/wdm-survey <====
15:39:41 DEBUG i.g.b.wdm.cache.ResolutionCache - Resolution chrome=83 in cache (valid until 15:35:15 07/06/2020 UTC)
15:39:41 INFO  i.g.bonigarcia.wdm.WebDriverManager - Using chromedriver 83.0.4103.39 (since Chrome 83 is installed in your machine)
15:39:41 DEBUG i.g.bonigarcia.wdm.WebDriverManager - Driver chromedriver 83.0.4103.39 found in cache
15:39:41 INFO  i.g.bonigarcia.wdm.WebDriverManager - Exporting webdriver.chrome.driver as /home/travis/.m2/repository/webdriver/chromedriver/linux64/83.0.4103.39/chromedriver
15:39:41 INFO  com.steps.Hooks - ================================================ TEST STARTED ================================================
15:39:41 INFO  com.steps.Hooks - [34mTEST NAME: [US-333]/[6] I CAN'T CREATE AN ACCOUNT, WHEN EMAIL IS ALREADY IN DATABASE[0m
15:39:41 INFO  com.steps.Hooks - Chosen executor: "CHROME"
15:39:56 INFO  com.steps.Hooks - [31mTEST RETRY (1/1): [US-333]/[6] I CAN'T CREATE AN ACCOUNT, WHEN EMAIL IS ALREADY IN DATABASE[0m
15:39:56 INFO  i.g.bonigarcia.wdm.WebDriverManager - Please answer the following questionnaire based on your experience with WebDriverManager. Thanks a lot!
15:39:56 INFO  i.g.bonigarcia.wdm.WebDriverManager - ====> http://tiny.cc/wdm-survey <====
15:39:56 DEBUG i.g.b.wdm.cache.ResolutionCache - Resolution chrome=83 in cache (valid until 15:35:15 07/06/2020 UTC)
15:39:56 INFO  i.g.bonigarcia.wdm.WebDriverManager - Using chromedriver 83.0.4103.39 (since Chrome 83 is installed in your machine)
15:39:56 DEBUG i.g.bonigarcia.wdm.WebDriverManager - Driver chromedriver 83.0.4103.39 found in cache
15:39:56 INFO  i.g.bonigarcia.wdm.WebDriverManager - Exporting webdriver.chrome.driver as /home/travis/.m2/repository/webdriver/chromedriver/linux64/83.0.4103.39/chromedriver
15:39:57 INFO  com.steps.Hooks - ================================================ TEST STARTED ================================================
15:39:57 INFO  com.steps.Hooks - [34mTEST NAME: [US-333]/[6] I CAN'T CREATE AN ACCOUNT, WHEN EMAIL IS ALREADY IN DATABASE[0m
15:39:57 INFO  com.steps.Hooks - Chosen executor: "CHROME"
15:40:12 INFO  com.steps.Hooks - ====================================== TEST FINISHED WITH [31mFAILED STATUS [0m======================================
15:40:13 ERROR com.steps.Hooks - org.openqa.selenium.TimeoutException: timeout: Timed out receiving message from renderer: -0.000
  (Session info: chrome=83.0.4103.97)
Build info: version: '3.141.59', revision: 'e82be7d358', time: '2018-11-14T08:17:03'
System info: host: 'travis-job-f648f5e9-f454-45d9-b5b8-332a0172a730', ip: '127.0.0.1', os.name: 'Linux', os.arch: 'amd64', os.version: '5.0.0-1031-gcp', java.version: '14.0.1'
Driver info: org.openqa.selenium.chrome.ChromeDriver
Capabilities {acceptInsecureCerts: false, browserName: chrome, browserVersion: 83.0.4103.97, chrome: {chromedriverVersion: 83.0.4103.39 (ccbf011cb2d2b..., userDataDir: /tmp/.com.google.Chrome.1r2NGw}, goog:chromeOptions: {debuggerAddress: localhost:35195}, javascriptEnabled: true, networkConnectionEnabled: false, pageLoadStrategy: normal, platform: LINUX, platformName: LINUX, proxy: Proxy(), setWindowRect: true, strictFileInteractability: false, timeouts: {implicit: 0, pageLoad: 300000, script: 30000}, unhandledPromptBehavior: dismiss and notify, webauthn:virtualAuthenticators: true}
Session ID: 8691295f492eb72de312bff2cbb9a80b
