#logback.classic pattern: %d{HH:mm:ss} %-5level %logger{36} - %msg%n
21:18:16 INFO  i.g.bonigarcia.wdm.WebDriverManager - Please answer the following questionnaire based on your experience with WebDriverManager. Thanks a lot!
21:18:16 INFO  i.g.bonigarcia.wdm.WebDriverManager - ====> http://tiny.cc/wdm-survey <====
21:18:16 DEBUG i.g.b.wdm.cache.ResolutionCache - Resolution chrome=83 in cache (valid until 21:13:02 21/06/2020 UTC)
21:18:16 INFO  i.g.bonigarcia.wdm.WebDriverManager - Using chromedriver 83.0.4103.39 (since Chrome 83 is installed in your machine)
21:18:16 DEBUG i.g.bonigarcia.wdm.WebDriverManager - Driver chromedriver 83.0.4103.39 found in cache
21:18:16 INFO  i.g.bonigarcia.wdm.WebDriverManager - Exporting webdriver.chrome.driver as /home/travis/.m2/repository/webdriver/chromedriver/linux64/83.0.4103.39/chromedriver
21:18:17 INFO  com.steps.Hooks - ================================================ TEST STARTED ================================================
21:18:17 INFO  com.steps.Hooks - [34mTEST NAME: [US-444]/[5] I WOULD LIKE TO SEE REGISTRATION ERROR, WHEN I DON'T FILL ADDRESS INPUT[0m
21:18:17 INFO  com.steps.Hooks - Chosen executor: "CHROME"
21:18:20 INFO  com.steps.Hooks - Page ready: "TRUE"
21:18:21 INFO  com.steps.Hooks - User valid email: "EFC99CHASTELITEHISER@MAIL.COM"
21:18:23 INFO  com.steps.Hooks - User gender: "Female"
21:18:23 INFO  com.steps.Hooks - User first name: "WILDA"
21:18:24 INFO  com.steps.Hooks - User last name: "HATHCOCK"
21:18:24 INFO  com.steps.Hooks - User password: "<ASPERSION"
21:18:30 INFO  com.steps.Hooks - [31mTEST RETRY (1/1): [US-444]/[5] I WOULD LIKE TO SEE REGISTRATION ERROR, WHEN I DON'T FILL ADDRESS INPUT[0m
21:18:30 INFO  i.g.bonigarcia.wdm.WebDriverManager - Please answer the following questionnaire based on your experience with WebDriverManager. Thanks a lot!
21:18:30 INFO  i.g.bonigarcia.wdm.WebDriverManager - ====> http://tiny.cc/wdm-survey <====
21:18:30 DEBUG i.g.b.wdm.cache.ResolutionCache - Resolution chrome=83 in cache (valid until 21:13:02 21/06/2020 UTC)
21:18:30 INFO  i.g.bonigarcia.wdm.WebDriverManager - Using chromedriver 83.0.4103.39 (since Chrome 83 is installed in your machine)
21:18:30 DEBUG i.g.bonigarcia.wdm.WebDriverManager - Driver chromedriver 83.0.4103.39 found in cache
21:18:30 INFO  i.g.bonigarcia.wdm.WebDriverManager - Exporting webdriver.chrome.driver as /home/travis/.m2/repository/webdriver/chromedriver/linux64/83.0.4103.39/chromedriver
21:18:31 INFO  com.steps.Hooks - ================================================ TEST STARTED ================================================
21:18:31 INFO  com.steps.Hooks - [34mTEST NAME: [US-444]/[5] I WOULD LIKE TO SEE REGISTRATION ERROR, WHEN I DON'T FILL ADDRESS INPUT[0m
21:18:31 INFO  com.steps.Hooks - Chosen executor: "CHROME"
21:18:32 INFO  com.steps.Hooks - Page ready: "TRUE"
21:18:34 INFO  com.steps.Hooks - User valid email: "2FF8EHEFTYWOROBEL@GMAIL.COM"
21:18:35 INFO  com.steps.Hooks - User gender: "Male"
21:18:35 INFO  com.steps.Hooks - User first name: "ASHLY"
21:18:36 INFO  com.steps.Hooks - User last name: "DARI"
21:18:36 INFO  com.steps.Hooks - User password: "FIMB?RIAS"
21:18:41 INFO  com.steps.Hooks - ====================================== TEST FINISHED WITH [31mFAILED STATUS [0m======================================
21:18:41 ERROR com.steps.Hooks - org.openqa.selenium.TimeoutException: Expected condition failed: waiting for element to be clickable: [[ChromeDriver: chrome on LINUX (2ed0b9d83539511fd8fc3e6c319c71fb)] -> xpath: //select[@id='days']] (tried for 5 second(s) with 500 milliseconds interval)
Build info: version: '3.141.59', revision: 'e82be7d358', time: '2018-11-14T08:17:03'
System info: host: 'travis-job-9fbfe21e-f35f-442b-8fde-917cbb8d98e8', ip: '127.0.0.1', os.name: 'Linux', os.arch: 'amd64', os.version: '5.0.0-1031-gcp', java.version: '14.0.1'
Driver info: org.openqa.selenium.chrome.ChromeDriver
Capabilities {acceptInsecureCerts: false, browserName: chrome, browserVersion: 83.0.4103.106, chrome: {chromedriverVersion: 83.0.4103.39 (ccbf011cb2d2b..., userDataDir: /tmp/.com.google.Chrome.gt5env}, goog:chromeOptions: {debuggerAddress: localhost:34985}, javascriptEnabled: true, networkConnectionEnabled: false, pageLoadStrategy: normal, platform: LINUX, platformName: LINUX, proxy: Proxy(), setWindowRect: true, strictFileInteractability: false, timeouts: {implicit: 0, pageLoad: 300000, script: 30000}, unhandledPromptBehavior: dismiss and notify, webauthn:virtualAuthenticators: true}
Session ID: 2ed0b9d83539511fd8fc3e6c319c71fb
