#logback.classic pattern: %d{HH:mm:ss} %-5level %logger{36} - %msg%n
16:05:17 INFO  i.g.bonigarcia.wdm.WebDriverManager - Please answer the following questionnaire based on your experience with WebDriverManager. Thanks a lot!
16:05:17 INFO  i.g.bonigarcia.wdm.WebDriverManager - ====> http://tiny.cc/wdm-survey <====
16:05:17 DEBUG i.g.b.wdm.cache.ResolutionCache - Resolution chrome=83 in cache (valid until 16:01:02 07/06/2020 UTC)
16:05:17 INFO  i.g.bonigarcia.wdm.WebDriverManager - Using chromedriver 83.0.4103.39 (since Chrome 83 is installed in your machine)
16:05:17 DEBUG i.g.bonigarcia.wdm.WebDriverManager - Driver chromedriver 83.0.4103.39 found in cache
16:05:17 INFO  i.g.bonigarcia.wdm.WebDriverManager - Exporting webdriver.chrome.driver as /home/travis/.m2/repository/webdriver/chromedriver/linux64/83.0.4103.39/chromedriver
16:05:19 INFO  com.steps.Hooks - ================================================ TEST STARTED ================================================
16:05:19 INFO  com.steps.Hooks - [34mTEST NAME: [US-222]/[4] I AM NOT ABLE TO SEND REQUEST VIA CONTACT US FORM, EMAIL INPUT IS INVALID[0m
16:05:19 INFO  com.steps.Hooks - Chosen executor: "CHROME"
16:05:26 INFO  com.steps.Hooks - [31mTEST RETRY (1/1): [US-222]/[4] I AM NOT ABLE TO SEND REQUEST VIA CONTACT US FORM, EMAIL INPUT IS INVALID[0m
16:05:26 INFO  i.g.bonigarcia.wdm.WebDriverManager - Please answer the following questionnaire based on your experience with WebDriverManager. Thanks a lot!
16:05:26 INFO  i.g.bonigarcia.wdm.WebDriverManager - ====> http://tiny.cc/wdm-survey <====
16:05:26 DEBUG i.g.b.wdm.cache.ResolutionCache - Resolution chrome=83 in cache (valid until 16:01:02 07/06/2020 UTC)
16:05:26 INFO  i.g.bonigarcia.wdm.WebDriverManager - Using chromedriver 83.0.4103.39 (since Chrome 83 is installed in your machine)
16:05:26 DEBUG i.g.bonigarcia.wdm.WebDriverManager - Driver chromedriver 83.0.4103.39 found in cache
16:05:26 INFO  i.g.bonigarcia.wdm.WebDriverManager - Exporting webdriver.chrome.driver as /home/travis/.m2/repository/webdriver/chromedriver/linux64/83.0.4103.39/chromedriver
16:05:27 INFO  com.steps.Hooks - ================================================ TEST STARTED ================================================
16:05:27 INFO  com.steps.Hooks - [34mTEST NAME: [US-222]/[4] I AM NOT ABLE TO SEND REQUEST VIA CONTACT US FORM, EMAIL INPUT IS INVALID[0m
16:05:27 INFO  com.steps.Hooks - Chosen executor: "CHROME"
16:05:38 INFO  com.steps.Hooks - ====================================== TEST FINISHED WITH [31mFAILED STATUS [0m======================================
16:05:38 ERROR com.steps.Hooks - java.lang.AssertionError: Upssss, something went really bad! Even Michael Scofield couldn't have predicted that error! :) expected [http://automationpractice.com/index.php] but found [http://automationpractice.com/]
