#logback.classic pattern: %d{HH:mm:ss} %-5level %logger{36} - %msg%n
15:22:50 DEBUG io.github.bonigarcia.wdm.Preferences - Preference chrome=81 (valid until 2020-04-20 15:17:59)
15:22:50 DEBUG io.github.bonigarcia.wdm.Preferences - Preference chrome81=81.0.4044.69 (valid until 2020-04-20 15:17:59)
15:22:50 INFO  i.g.bonigarcia.wdm.WebDriverManager - Using chromedriver 81.0.4044.69 (since Google Chrome 81 is installed in your machine)
15:22:50 DEBUG i.g.bonigarcia.wdm.WebDriverManager - Driver chromedriver 81.0.4044.69 found in cache
15:22:50 INFO  i.g.bonigarcia.wdm.WebDriverManager - Exporting webdriver.chrome.driver as /home/travis/.m2/repository/webdriver/chromedriver/linux64/81.0.4044.69/chromedriver
15:22:50 INFO  com.steps.Hooks - Chosen executor: "CHROME"
15:22:50 INFO  com.steps.Hooks - ================================================ TEST STARTED ================================================
15:22:50 INFO  com.steps.Hooks - [34mTEST NAME: [US-444]/[5] I WOULD LIKE TO SEE REGISTRATION ERROR, WHEN I DON'T FILL ADDRESS INPUT[0m
15:22:54 INFO  com.steps.Hooks - Page ready: "TRUE"
15:22:57 INFO  com.steps.Hooks - User valid email: "ED193THRAWCOHILL@MSN.COM"
15:23:28 INFO  com.steps.Hooks - [31mTEST RETRY (1/1): [US-444]/[5] I WOULD LIKE TO SEE REGISTRATION ERROR, WHEN I DON'T FILL ADDRESS INPUT[0m
15:23:28 DEBUG io.github.bonigarcia.wdm.Preferences - Preference chrome=81 (valid until 2020-04-20 15:17:59)
15:23:28 DEBUG io.github.bonigarcia.wdm.Preferences - Preference chrome81=81.0.4044.69 (valid until 2020-04-20 15:17:59)
15:23:28 INFO  i.g.bonigarcia.wdm.WebDriverManager - Using chromedriver 81.0.4044.69 (since Google Chrome 81 is installed in your machine)
15:23:28 DEBUG i.g.bonigarcia.wdm.WebDriverManager - Driver chromedriver 81.0.4044.69 found in cache
15:23:28 INFO  i.g.bonigarcia.wdm.WebDriverManager - Exporting webdriver.chrome.driver as /home/travis/.m2/repository/webdriver/chromedriver/linux64/81.0.4044.69/chromedriver
15:23:29 INFO  com.steps.Hooks - Chosen executor: "CHROME"
15:23:29 INFO  com.steps.Hooks - ================================================ TEST STARTED ================================================
15:23:29 INFO  com.steps.Hooks - [34mTEST NAME: [US-444]/[5] I WOULD LIKE TO SEE REGISTRATION ERROR, WHEN I DON'T FILL ADDRESS INPUT[0m
15:23:33 INFO  com.steps.Hooks - Page ready: "TRUE"
15:23:38 INFO  com.steps.Hooks - User valid email: "12C52FUMEDMADELEINE@MSN.COM"
15:24:09 INFO  com.steps.Hooks - ====================================== TEST FINISHED WITH [31mFAILED STATUS [0m======================================
15:24:09 ERROR com.steps.Hooks - org.openqa.selenium.TimeoutException: Expected condition failed: waiting for visibility of Proxy element for: DefaultElementLocator 'By.xpath: //form[@id='create-account_form']' (tried for 5 second(s) with 500 milliseconds interval)
