{
  "uid" : "1535e94b2c6548c5",
  "name" : "I would like to use search box and be able to see sorted results by: \"Price: Highest first\"",
  "fullName" : "tests.SearchBox_Tests.test_7",
  "historyId" : "4ee21d60985b34780bb32ea0ba1f23e4",
  "time" : {
    "start" : 1583692042052,
    "stop" : 1583692046418,
    "duration" : 4366
  },
  "description" : "A a user I would like to see results of searching phrase ->\nI would like to use search box and be able to see sorted results by: \"Price: Highest first\"",
  "descriptionHtml" : "<p>A a user I would like to see results of searching phrase -&gt;\nI would like to use search box and be able to see sorted results by: &quot;Price: Highest first&quot;</p>\n",
  "status" : "failed",
  "statusMessage" : "Results which have been found didn't match expected PRICE: HIGHEST FIRST sorting results!: Lists differ at element [1]: 3050 != 2898 expected [3050] but found [2898]",
  "statusTrace" : "java.lang.AssertionError: Results which have been found didn't match expected PRICE: HIGHEST FIRST sorting results!: Lists differ at element [1]: 3050 != 2898 expected [3050] but found [2898]\n\tat org.testng.Assert.fail(Assert.java:97)\n\tat org.testng.Assert.assertEqualsImpl(Assert.java:136)\n\tat org.testng.Assert.assertEquals(Assert.java:1033)\n\tat com.steps.SearchPageSteps.iCanSeeThatResultsAreCorrectlySortedBy_aroundBody10(SearchPageSteps.java:130)\n\tat com.steps.SearchPageSteps$AjcClosure11.run(SearchPageSteps.java:1)\n\tat org.aspectj.runtime.reflect.JoinPointImpl.proceed(JoinPointImpl.java:149)\n\tat io.qameta.allure.aspects.StepsAspects.step(StepsAspects.java:50)\n\tat com.steps.SearchPageSteps.iCanSeeThatResultsAreCorrectlySortedBy(SearchPageSteps.java:113)\n\tat tests.SearchBox_Tests.test_7(SearchBox_Tests.java:202)\n\tat sun.reflect.NativeMethodAccessorImpl.invoke0(Native Method)\n\tat sun.reflect.NativeMethodAccessorImpl.invoke(NativeMethodAccessorImpl.java:62)\n\tat sun.reflect.DelegatingMethodAccessorImpl.invoke(DelegatingMethodAccessorImpl.java:43)\n\tat java.lang.reflect.Method.invoke(Method.java:498)\n\tat org.testng.internal.MethodInvocationHelper.invokeMethod(MethodInvocationHelper.java:133)\n\tat org.testng.internal.TestInvoker.invokeMethod(TestInvoker.java:584)\n\tat org.testng.internal.TestInvoker.retryFailed(TestInvoker.java:204)\n\tat org.testng.internal.MethodRunner.runInSequence(MethodRunner.java:58)\n\tat org.testng.internal.TestInvoker$MethodInvocationAgent.invoke(TestInvoker.java:804)\n\tat org.testng.internal.TestInvoker.invokeTestMethods(TestInvoker.java:145)\n\tat org.testng.internal.TestMethodWorker.invokeTestMethods(TestMethodWorker.java:146)\n\tat org.testng.internal.TestMethodWorker.run(TestMethodWorker.java:128)\n\tat java.util.ArrayList.forEach(ArrayList.java:1255)\n\tat org.testng.TestRunner.privateRun(TestRunner.java:770)\n\tat org.testng.TestRunner.run(TestRunner.java:591)\n\tat org.testng.SuiteRunner.runTest(SuiteRunner.java:402)\n\tat org.testng.SuiteRunner.runSequentially(SuiteRunner.java:396)\n\tat org.testng.SuiteRunner.privateRun(SuiteRunner.java:355)\n\tat org.testng.SuiteRunner.run(SuiteRunner.java:304)\n\tat org.testng.SuiteRunnerWorker.runSuite(SuiteRunnerWorker.java:53)\n\tat org.testng.SuiteRunnerWorker.run(SuiteRunnerWorker.java:96)\n\tat org.testng.TestNG.runSuitesSequentially(TestNG.java:1180)\n\tat org.testng.TestNG.runSuitesLocally(TestNG.java:1102)\n\tat org.testng.TestNG.runSuites(TestNG.java:1032)\n\tat org.testng.TestNG.run(TestNG.java:1000)\n\tat org.gradle.api.internal.tasks.testing.testng.TestNGTestClassProcessor.runTests(TestNGTestClassProcessor.java:139)\n\tat org.gradle.api.internal.tasks.testing.testng.TestNGTestClassProcessor.stop(TestNGTestClassProcessor.java:89)\n\tat org.gradle.api.internal.tasks.testing.SuiteTestClassProcessor.stop(SuiteTestClassProcessor.java:61)\n\tat sun.reflect.NativeMethodAccessorImpl.invoke0(Native Method)\n\tat sun.reflect.NativeMethodAccessorImpl.invoke(NativeMethodAccessorImpl.java:62)\n\tat sun.reflect.DelegatingMethodAccessorImpl.invoke(DelegatingMethodAccessorImpl.java:43)\n\tat java.lang.reflect.Method.invoke(Method.java:498)\n\tat org.gradle.internal.dispatch.ReflectionDispatch.dispatch(ReflectionDispatch.java:35)\n\tat org.gradle.internal.dispatch.ReflectionDispatch.dispatch(ReflectionDispatch.java:24)\n\tat org.gradle.internal.dispatch.ContextClassLoaderDispatch.dispatch(ContextClassLoaderDispatch.java:32)\n\tat org.gradle.internal.dispatch.ProxyDispatchAdapter$DispatchingInvocationHandler.invoke(ProxyDispatchAdapter.java:93)\n\tat com.sun.proxy.$Proxy1.stop(Unknown Source)\n\tat org.gradle.api.internal.tasks.testing.worker.TestWorker.stop(TestWorker.java:123)\n\tat sun.reflect.NativeMethodAccessorImpl.invoke0(Native Method)\n\tat sun.reflect.NativeMethodAccessorImpl.invoke(NativeMethodAccessorImpl.java:62)\n\tat sun.reflect.DelegatingMethodAccessorImpl.invoke(DelegatingMethodAccessorImpl.java:43)\n\tat java.lang.reflect.Method.invoke(Method.java:498)\n\tat org.gradle.internal.dispatch.ReflectionDispatch.dispatch(ReflectionDispatch.java:35)\n\tat org.gradle.internal.dispatch.ReflectionDispatch.dispatch(ReflectionDispatch.java:24)\n\tat org.gradle.internal.remote.internal.hub.MessageHubBackedObjectConnection$DispatchWrapper.dispatch(MessageHubBackedObjectConnection.java:155)\n\tat org.gradle.internal.remote.internal.hub.MessageHubBackedObjectConnection$DispatchWrapper.dispatch(MessageHubBackedObjectConnection.java:137)\n\tat org.gradle.internal.remote.internal.hub.MessageHub$Handler.run(MessageHub.java:404)\n\tat org.gradle.internal.concurrent.ExecutorPolicy$CatchAndRecordFailures.onExecute(ExecutorPolicy.java:63)\n\tat org.gradle.internal.concurrent.ManagedExecutorImpl$1.run(ManagedExecutorImpl.java:46)\n\tat java.util.concurrent.ThreadPoolExecutor.runWorker(ThreadPoolExecutor.java:1149)\n\tat java.util.concurrent.ThreadPoolExecutor$Worker.run(ThreadPoolExecutor.java:624)\n\tat org.gradle.internal.concurrent.ThreadFactoryImpl$ManagedThreadRunnable.run(ThreadFactoryImpl.java:55)\n\tat java.lang.Thread.run(Thread.java:748)\n",
  "flaky" : false,
  "newFailed" : false,
  "beforeStages" : [ {
    "name" : "Setting up data Excel File",
    "time" : {
      "start" : 1583691780239,
      "stop" : 1583691782049,
      "duration" : 1810
    },
    "description" : "Setting up data Excel File",
    "status" : "passed",
    "steps" : [ ],
    "attachments" : [ ],
    "parameters" : [ ],
    "stepsCount" : 0,
    "attachmentsCount" : 0,
    "shouldDisplayMessage" : false,
    "hasContent" : false
  }, {
    "name" : "Setting up Test Class",
    "time" : {
      "start" : 1583692041574,
      "stop" : 1583692042051,
      "duration" : 477
    },
    "description" : "Setting up Test Class",
    "status" : "passed",
    "steps" : [ ],
    "attachments" : [ ],
    "parameters" : [ ],
    "stepsCount" : 0,
    "attachmentsCount" : 0,
    "shouldDisplayMessage" : false,
    "hasContent" : false
  } ],
  "testStage" : {
    "description" : "A a user I would like to see results of searching phrase ->\nI would like to use search box and be able to see sorted results by: \"Price: Highest first\"",
    "status" : "failed",
    "statusMessage" : "Results which have been found didn't match expected PRICE: HIGHEST FIRST sorting results!: Lists differ at element [1]: 3050 != 2898 expected [3050] but found [2898]",
    "statusTrace" : "java.lang.AssertionError: Results which have been found didn't match expected PRICE: HIGHEST FIRST sorting results!: Lists differ at element [1]: 3050 != 2898 expected [3050] but found [2898]\n\tat org.testng.Assert.fail(Assert.java:97)\n\tat org.testng.Assert.assertEqualsImpl(Assert.java:136)\n\tat org.testng.Assert.assertEquals(Assert.java:1033)\n\tat com.steps.SearchPageSteps.iCanSeeThatResultsAreCorrectlySortedBy_aroundBody10(SearchPageSteps.java:130)\n\tat com.steps.SearchPageSteps$AjcClosure11.run(SearchPageSteps.java:1)\n\tat org.aspectj.runtime.reflect.JoinPointImpl.proceed(JoinPointImpl.java:149)\n\tat io.qameta.allure.aspects.StepsAspects.step(StepsAspects.java:50)\n\tat com.steps.SearchPageSteps.iCanSeeThatResultsAreCorrectlySortedBy(SearchPageSteps.java:113)\n\tat tests.SearchBox_Tests.test_7(SearchBox_Tests.java:202)\n\tat sun.reflect.NativeMethodAccessorImpl.invoke0(Native Method)\n\tat sun.reflect.NativeMethodAccessorImpl.invoke(NativeMethodAccessorImpl.java:62)\n\tat sun.reflect.DelegatingMethodAccessorImpl.invoke(DelegatingMethodAccessorImpl.java:43)\n\tat java.lang.reflect.Method.invoke(Method.java:498)\n\tat org.testng.internal.MethodInvocationHelper.invokeMethod(MethodInvocationHelper.java:133)\n\tat org.testng.internal.TestInvoker.invokeMethod(TestInvoker.java:584)\n\tat org.testng.internal.TestInvoker.retryFailed(TestInvoker.java:204)\n\tat org.testng.internal.MethodRunner.runInSequence(MethodRunner.java:58)\n\tat org.testng.internal.TestInvoker$MethodInvocationAgent.invoke(TestInvoker.java:804)\n\tat org.testng.internal.TestInvoker.invokeTestMethods(TestInvoker.java:145)\n\tat org.testng.internal.TestMethodWorker.invokeTestMethods(TestMethodWorker.java:146)\n\tat org.testng.internal.TestMethodWorker.run(TestMethodWorker.java:128)\n\tat java.util.ArrayList.forEach(ArrayList.java:1255)\n\tat org.testng.TestRunner.privateRun(TestRunner.java:770)\n\tat org.testng.TestRunner.run(TestRunner.java:591)\n\tat org.testng.SuiteRunner.runTest(SuiteRunner.java:402)\n\tat org.testng.SuiteRunner.runSequentially(SuiteRunner.java:396)\n\tat org.testng.SuiteRunner.privateRun(SuiteRunner.java:355)\n\tat org.testng.SuiteRunner.run(SuiteRunner.java:304)\n\tat org.testng.SuiteRunnerWorker.runSuite(SuiteRunnerWorker.java:53)\n\tat org.testng.SuiteRunnerWorker.run(SuiteRunnerWorker.java:96)\n\tat org.testng.TestNG.runSuitesSequentially(TestNG.java:1180)\n\tat org.testng.TestNG.runSuitesLocally(TestNG.java:1102)\n\tat org.testng.TestNG.runSuites(TestNG.java:1032)\n\tat org.testng.TestNG.run(TestNG.java:1000)\n\tat org.gradle.api.internal.tasks.testing.testng.TestNGTestClassProcessor.runTests(TestNGTestClassProcessor.java:139)\n\tat org.gradle.api.internal.tasks.testing.testng.TestNGTestClassProcessor.stop(TestNGTestClassProcessor.java:89)\n\tat org.gradle.api.internal.tasks.testing.SuiteTestClassProcessor.stop(SuiteTestClassProcessor.java:61)\n\tat sun.reflect.NativeMethodAccessorImpl.invoke0(Native Method)\n\tat sun.reflect.NativeMethodAccessorImpl.invoke(NativeMethodAccessorImpl.java:62)\n\tat sun.reflect.DelegatingMethodAccessorImpl.invoke(DelegatingMethodAccessorImpl.java:43)\n\tat java.lang.reflect.Method.invoke(Method.java:498)\n\tat org.gradle.internal.dispatch.ReflectionDispatch.dispatch(ReflectionDispatch.java:35)\n\tat org.gradle.internal.dispatch.ReflectionDispatch.dispatch(ReflectionDispatch.java:24)\n\tat org.gradle.internal.dispatch.ContextClassLoaderDispatch.dispatch(ContextClassLoaderDispatch.java:32)\n\tat org.gradle.internal.dispatch.ProxyDispatchAdapter$DispatchingInvocationHandler.invoke(ProxyDispatchAdapter.java:93)\n\tat com.sun.proxy.$Proxy1.stop(Unknown Source)\n\tat org.gradle.api.internal.tasks.testing.worker.TestWorker.stop(TestWorker.java:123)\n\tat sun.reflect.NativeMethodAccessorImpl.invoke0(Native Method)\n\tat sun.reflect.NativeMethodAccessorImpl.invoke(NativeMethodAccessorImpl.java:62)\n\tat sun.reflect.DelegatingMethodAccessorImpl.invoke(DelegatingMethodAccessorImpl.java:43)\n\tat java.lang.reflect.Method.invoke(Method.java:498)\n\tat org.gradle.internal.dispatch.ReflectionDispatch.dispatch(ReflectionDispatch.java:35)\n\tat org.gradle.internal.dispatch.ReflectionDispatch.dispatch(ReflectionDispatch.java:24)\n\tat org.gradle.internal.remote.internal.hub.MessageHubBackedObjectConnection$DispatchWrapper.dispatch(MessageHubBackedObjectConnection.java:155)\n\tat org.gradle.internal.remote.internal.hub.MessageHubBackedObjectConnection$DispatchWrapper.dispatch(MessageHubBackedObjectConnection.java:137)\n\tat org.gradle.internal.remote.internal.hub.MessageHub$Handler.run(MessageHub.java:404)\n\tat org.gradle.internal.concurrent.ExecutorPolicy$CatchAndRecordFailures.onExecute(ExecutorPolicy.java:63)\n\tat org.gradle.internal.concurrent.ManagedExecutorImpl$1.run(ManagedExecutorImpl.java:46)\n\tat java.util.concurrent.ThreadPoolExecutor.runWorker(ThreadPoolExecutor.java:1149)\n\tat java.util.concurrent.ThreadPoolExecutor$Worker.run(ThreadPoolExecutor.java:624)\n\tat org.gradle.internal.concurrent.ThreadFactoryImpl$ManagedThreadRunnable.run(ThreadFactoryImpl.java:55)\n\tat java.lang.Thread.run(Thread.java:748)\n",
    "steps" : [ {
      "name" : "I open home page",
      "time" : {
        "start" : 1583692042054,
        "stop" : 1583692043747,
        "duration" : 1693
      },
      "status" : "passed",
      "steps" : [ ],
      "attachments" : [ ],
      "parameters" : [ ],
      "stepsCount" : 0,
      "attachmentsCount" : 0,
      "shouldDisplayMessage" : false,
      "hasContent" : false
    }, {
      "name" : "I can see automationpractice.com website",
      "time" : {
        "start" : 1583692043747,
        "stop" : 1583692043753,
        "duration" : 6
      },
      "status" : "passed",
      "steps" : [ ],
      "attachments" : [ ],
      "parameters" : [ ],
      "stepsCount" : 0,
      "attachmentsCount" : 0,
      "shouldDisplayMessage" : false,
      "hasContent" : false
    }, {
      "name" : "I search for phrase Printed Dress",
      "time" : {
        "start" : 1583692043753,
        "stop" : 1583692043899,
        "duration" : 146
      },
      "status" : "passed",
      "steps" : [ ],
      "attachments" : [ ],
      "parameters" : [ {
        "name" : "searchPhrase",
        "value" : "Printed Dress"
      } ],
      "stepsCount" : 0,
      "attachmentsCount" : 0,
      "shouldDisplayMessage" : false,
      "hasContent" : true
    }, {
      "name" : "I click on search icon",
      "time" : {
        "start" : 1583692043900,
        "stop" : 1583692044949,
        "duration" : 1049
      },
      "status" : "passed",
      "steps" : [ ],
      "attachments" : [ ],
      "parameters" : [ ],
      "stepsCount" : 0,
      "attachmentsCount" : 0,
      "shouldDisplayMessage" : false,
      "hasContent" : false
    }, {
      "name" : "I can see numbers of results equals to 5",
      "time" : {
        "start" : 1583692044949,
        "stop" : 1583692044981,
        "duration" : 32
      },
      "status" : "passed",
      "steps" : [ ],
      "attachments" : [ ],
      "parameters" : [ {
        "name" : "expectedCountOfResults",
        "value" : "5"
      } ],
      "stepsCount" : 0,
      "attachmentsCount" : 0,
      "shouldDisplayMessage" : false,
      "hasContent" : true
    }, {
      "name" : "I can see that every results which have been found contains phrase Printed Dress",
      "time" : {
        "start" : 1583692044981,
        "stop" : 1583692045136,
        "duration" : 155
      },
      "status" : "passed",
      "steps" : [ ],
      "attachments" : [ ],
      "parameters" : [ {
        "name" : "searchPhrase",
        "value" : "Printed Dress"
      } ],
      "stepsCount" : 0,
      "attachmentsCount" : 0,
      "shouldDisplayMessage" : false,
      "hasContent" : true
    }, {
      "name" : "I select from Dropdown Sort by Price: Highest first",
      "time" : {
        "start" : 1583692045136,
        "stop" : 1583692045797,
        "duration" : 661
      },
      "status" : "passed",
      "steps" : [ ],
      "attachments" : [ ],
      "parameters" : [ {
        "name" : "sortBy",
        "value" : "Price: Highest first"
      } ],
      "stepsCount" : 0,
      "attachmentsCount" : 0,
      "shouldDisplayMessage" : false,
      "hasContent" : true
    }, {
      "name" : "I can see that results are correctly sorted by Price: Highest first",
      "time" : {
        "start" : 1583692045797,
        "stop" : 1583692045880,
        "duration" : 83
      },
      "status" : "failed",
      "statusMessage" : "Results which have been found didn't match expected PRICE: HIGHEST FIRST sorting results!: Lists differ at element [1]: 3050 != 2898 expected [3050] but found [2898]",
      "statusTrace" : "java.lang.AssertionError: Results which have been found didn't match expected PRICE: HIGHEST FIRST sorting results!: Lists differ at element [1]: 3050 != 2898 expected [3050] but found [2898]\n\tat org.testng.Assert.fail(Assert.java:97)\n\tat org.testng.Assert.assertEqualsImpl(Assert.java:136)\n\tat org.testng.Assert.assertEquals(Assert.java:1033)\n\tat com.steps.SearchPageSteps.iCanSeeThatResultsAreCorrectlySortedBy_aroundBody10(SearchPageSteps.java:130)\n\tat com.steps.SearchPageSteps$AjcClosure11.run(SearchPageSteps.java:1)\n\tat org.aspectj.runtime.reflect.JoinPointImpl.proceed(JoinPointImpl.java:149)\n\tat io.qameta.allure.aspects.StepsAspects.step(StepsAspects.java:50)\n\tat com.steps.SearchPageSteps.iCanSeeThatResultsAreCorrectlySortedBy(SearchPageSteps.java:113)\n\tat tests.SearchBox_Tests.test_7(SearchBox_Tests.java:202)\n\tat sun.reflect.NativeMethodAccessorImpl.invoke0(Native Method)\n\tat sun.reflect.NativeMethodAccessorImpl.invoke(NativeMethodAccessorImpl.java:62)\n\tat sun.reflect.DelegatingMethodAccessorImpl.invoke(DelegatingMethodAccessorImpl.java:43)\n\tat java.lang.reflect.Method.invoke(Method.java:498)\n\tat org.testng.internal.MethodInvocationHelper.invokeMethod(MethodInvocationHelper.java:133)\n\tat org.testng.internal.TestInvoker.invokeMethod(TestInvoker.java:584)\n\tat org.testng.internal.TestInvoker.retryFailed(TestInvoker.java:204)\n\tat org.testng.internal.MethodRunner.runInSequence(MethodRunner.java:58)\n\tat org.testng.internal.TestInvoker$MethodInvocationAgent.invoke(TestInvoker.java:804)\n\tat org.testng.internal.TestInvoker.invokeTestMethods(TestInvoker.java:145)\n\tat org.testng.internal.TestMethodWorker.invokeTestMethods(TestMethodWorker.java:146)\n\tat org.testng.internal.TestMethodWorker.run(TestMethodWorker.java:128)\n\tat java.util.ArrayList.forEach(ArrayList.java:1255)\n\tat org.testng.TestRunner.privateRun(TestRunner.java:770)\n\tat org.testng.TestRunner.run(TestRunner.java:591)\n\tat org.testng.SuiteRunner.runTest(SuiteRunner.java:402)\n\tat org.testng.SuiteRunner.runSequentially(SuiteRunner.java:396)\n\tat org.testng.SuiteRunner.privateRun(SuiteRunner.java:355)\n\tat org.testng.SuiteRunner.run(SuiteRunner.java:304)\n\tat org.testng.SuiteRunnerWorker.runSuite(SuiteRunnerWorker.java:53)\n\tat org.testng.SuiteRunnerWorker.run(SuiteRunnerWorker.java:96)\n\tat org.testng.TestNG.runSuitesSequentially(TestNG.java:1180)\n\tat org.testng.TestNG.runSuitesLocally(TestNG.java:1102)\n\tat org.testng.TestNG.runSuites(TestNG.java:1032)\n\tat org.testng.TestNG.run(TestNG.java:1000)\n\tat org.gradle.api.internal.tasks.testing.testng.TestNGTestClassProcessor.runTests(TestNGTestClassProcessor.java:139)\n\tat org.gradle.api.internal.tasks.testing.testng.TestNGTestClassProcessor.stop(TestNGTestClassProcessor.java:89)\n\tat org.gradle.api.internal.tasks.testing.SuiteTestClassProcessor.stop(SuiteTestClassProcessor.java:61)\n\tat sun.reflect.NativeMethodAccessorImpl.invoke0(Native Method)\n\tat sun.reflect.NativeMethodAccessorImpl.invoke(NativeMethodAccessorImpl.java:62)\n\tat sun.reflect.DelegatingMethodAccessorImpl.invoke(DelegatingMethodAccessorImpl.java:43)\n\tat java.lang.reflect.Method.invoke(Method.java:498)\n\tat org.gradle.internal.dispatch.ReflectionDispatch.dispatch(ReflectionDispatch.java:35)\n\tat org.gradle.internal.dispatch.ReflectionDispatch.dispatch(ReflectionDispatch.java:24)\n\tat org.gradle.internal.dispatch.ContextClassLoaderDispatch.dispatch(ContextClassLoaderDispatch.java:32)\n\tat org.gradle.internal.dispatch.ProxyDispatchAdapter$DispatchingInvocationHandler.invoke(ProxyDispatchAdapter.java:93)\n\tat com.sun.proxy.$Proxy1.stop(Unknown Source)\n\tat org.gradle.api.internal.tasks.testing.worker.TestWorker.stop(TestWorker.java:123)\n\tat sun.reflect.NativeMethodAccessorImpl.invoke0(Native Method)\n\tat sun.reflect.NativeMethodAccessorImpl.invoke(NativeMethodAccessorImpl.java:62)\n\tat sun.reflect.DelegatingMethodAccessorImpl.invoke(DelegatingMethodAccessorImpl.java:43)\n\tat java.lang.reflect.Method.invoke(Method.java:498)\n\tat org.gradle.internal.dispatch.ReflectionDispatch.dispatch(ReflectionDispatch.java:35)\n\tat org.gradle.internal.dispatch.ReflectionDispatch.dispatch(ReflectionDispatch.java:24)\n\tat org.gradle.internal.remote.internal.hub.MessageHubBackedObjectConnection$DispatchWrapper.dispatch(MessageHubBackedObjectConnection.java:155)\n\tat org.gradle.internal.remote.internal.hub.MessageHubBackedObjectConnection$DispatchWrapper.dispatch(MessageHubBackedObjectConnection.java:137)\n\tat org.gradle.internal.remote.internal.hub.MessageHub$Handler.run(MessageHub.java:404)\n\tat org.gradle.internal.concurrent.ExecutorPolicy$CatchAndRecordFailures.onExecute(ExecutorPolicy.java:63)\n\tat org.gradle.internal.concurrent.ManagedExecutorImpl$1.run(ManagedExecutorImpl.java:46)\n\tat java.util.concurrent.ThreadPoolExecutor.runWorker(ThreadPoolExecutor.java:1149)\n\tat java.util.concurrent.ThreadPoolExecutor$Worker.run(ThreadPoolExecutor.java:624)\n\tat org.gradle.internal.concurrent.ThreadFactoryImpl$ManagedThreadRunnable.run(ThreadFactoryImpl.java:55)\n\tat java.lang.Thread.run(Thread.java:748)\n",
      "steps" : [ ],
      "attachments" : [ ],
      "parameters" : [ {
        "name" : "sortedBy",
        "value" : "Price: Highest first"
      } ],
      "stepsCount" : 0,
      "attachmentsCount" : 0,
      "shouldDisplayMessage" : true,
      "hasContent" : true
    } ],
    "attachments" : [ {
      "uid" : "a357ae9f04226800",
      "name" : "Scenario FAIL screenshot",
      "source" : "a357ae9f04226800.png",
      "type" : "image/png",
      "size" : 163662
    }, {
      "uid" : "ec28fe9d02207f36",
      "name" : "TestNG test FAIL logs",
      "source" : "ec28fe9d02207f36.txt",
      "type" : "text/plain",
      "size" : 3130
    } ],
    "parameters" : [ ],
    "stepsCount" : 8,
    "attachmentsCount" : 2,
    "shouldDisplayMessage" : false,
    "hasContent" : true
  },
  "afterStages" : [ {
    "name" : "Teardown Test Class",
    "time" : {
      "start" : 1583692046419,
      "stop" : 1583692046491,
      "duration" : 72
    },
    "description" : "Teardown Test Class",
    "status" : "passed",
    "steps" : [ ],
    "attachments" : [ ],
    "parameters" : [ ],
    "stepsCount" : 0,
    "attachmentsCount" : 0,
    "shouldDisplayMessage" : false,
    "hasContent" : false
  } ],
  "labels" : [ {
    "name" : "package",
    "value" : "tests.SearchBox_Tests"
  }, {
    "name" : "testClass",
    "value" : "tests.SearchBox_Tests"
  }, {
    "name" : "testMethod",
    "value" : "test_7"
  }, {
    "name" : "parentSuite",
    "value" : "Automationpractice.com WEB - Kamil Nowocin"
  }, {
    "name" : "suite",
    "value" : "Automated tests for WEB client"
  }, {
    "name" : "subSuite",
    "value" : "tests.SearchBox_Tests"
  }, {
    "name" : "host",
    "value" : "localhost"
  }, {
    "name" : "thread",
    "value" : "5047@localhost.Test worker(9)"
  }, {
    "name" : "epic",
    "value" : "Web App Tests"
  }, {
    "name" : "feature",
    "value" : "SEARCHBOX TESTS"
  }, {
    "name" : "story",
    "value" : "POSITIVE FLOW"
  }, {
    "name" : "severity",
    "value" : "normal"
  }, {
    "name" : "owner",
    "value" : "Kamil Nowocin"
  }, {
    "name" : "resultFormat",
    "value" : "allure2"
  } ],
  "parameters" : [ ],
  "links" : [ {
    "name" : "TAP-037",
    "url" : "https://tracker.FAKECOMPANY.com/jira/browse/TAP-037",
    "type" : "issue"
  } ],
  "hidden" : false,
  "retry" : false,
  "extra" : {
    "severity" : "normal",
    "owner" : "Kamil Nowocin",
    "retries" : [ {
      "uid" : "18af9f8927d4ef69",
      "status" : "skipped",
      "statusDetails" : "Results which have been found didn't match expected PRICE: HIGHEST FIRST sorting results!: Lists differ at element [1]: 3050 != 2898 expected [3050] but found [2898]",
      "time" : {
        "start" : 1583692036555,
        "stop" : 1583692041484,
        "duration" : 4929
      }
    } ],
    "categories" : [ {
      "name" : "Product defects",
      "matchedStatuses" : [ ],
      "flaky" : false
    } ],
    "history" : {
      "statistic" : {
        "failed" : 92,
        "broken" : 2,
        "skipped" : 0,
        "passed" : 0,
        "unknown" : 0,
        "total" : 94
      },
      "items" : [ {
        "uid" : "b35f37816af18b53",
        "reportUrl" : "https://travis-ci.com/kamil-nowocin/Test_Automation-automationpractice/builds/152332219/#testresult/b35f37816af18b53",
        "status" : "failed",
        "statusDetails" : "Results which have been found didn't match expected PRICE: HIGHEST FIRST sorting results!: Lists differ at element [1]: 3050 != 2898 expected [3050] but found [2898]",
        "time" : {
          "start" : 1583690451931,
          "stop" : 1583690455717,
          "duration" : 3786
        }
      }, {
        "uid" : "ed318423a145cce0",
        "reportUrl" : "https://travis-ci.com/kamil-nowocin/Test_Automation-automationpractice/builds/152332084/#testresult/ed318423a145cce0",
        "status" : "failed",
        "statusDetails" : "Results which have been found didn't match expected PRICE: HIGHEST FIRST sorting results!: Lists differ at element [1]: 3050 != 2898 expected [3050] but found [2898]",
        "time" : {
          "start" : 1583690202303,
          "stop" : 1583690206600,
          "duration" : 4297
        }
      }, {
        "uid" : "28803eee389c38f6",
        "reportUrl" : "https://travis-ci.com/kamil-nowocin/Test_Automation-automationpractice/builds/152329231/#testresult/28803eee389c38f6",
        "status" : "failed",
        "statusDetails" : "Results which have been found didn't match expected PRICE: HIGHEST FIRST sorting results!: Lists differ at element [1]: 3050 != 2898 expected [3050] but found [2898]",
        "time" : {
          "start" : 1583685971951,
          "stop" : 1583685975264,
          "duration" : 3313
        }
      }, {
        "uid" : "a0ccd477ccfe0ee",
        "reportUrl" : "https://travis-ci.com/kamil-nowocin/Test_Automation-automationpractice/builds/152276512/#testresult/a0ccd477ccfe0ee",
        "status" : "failed",
        "statusDetails" : "Results which have been found didn't match expected PRICE: HIGHEST FIRST sorting results!: Lists differ at element [1]: 3050 != 2898 expected [3050] but found [2898]",
        "time" : {
          "start" : 1583599611599,
          "stop" : 1583599615089,
          "duration" : 3490
        }
      }, {
        "uid" : "adfe723aaf92928e",
        "reportUrl" : "https://travis-ci.com/kamil-nowocin/Test_Automation-automationpractice/builds/152181086/#testresult/adfe723aaf92928e",
        "status" : "broken",
        "statusDetails" : "stale element reference: element is not attached to the page document\n  (Session info: chrome=80.0.3987.132)\nFor documentation on this error, please visit: https://www.seleniumhq.org/exceptions/stale_element_reference.html\nBuild info: version: '3.141.59', revision: 'e82be7d358', time: '2018-11-14T08:17:03'\nSystem info: host: 'localhost', ip: '127.0.0.1', os.name: 'Linux', os.arch: 'amd64', os.version: '4.4.0-101-generic', java.version: '1.8.0_151'\nDriver info: org.openqa.selenium.chrome.ChromeDriver\nCapabilities {acceptInsecureCerts: false, browserName: chrome, browserVersion: 80.0.3987.132, chrome: {chromedriverVersion: 80.0.3987.106 (f68069574609..., userDataDir: /tmp/.com.google.Chrome.1hOKAp}, goog:chromeOptions: {debuggerAddress: localhost:42283}, javascriptEnabled: true, networkConnectionEnabled: false, pageLoadStrategy: normal, platform: LINUX, platformName: LINUX, proxy: Proxy(), setWindowRect: true, strictFileInteractability: false, timeouts: {implicit: 0, pageLoad: 300000, script: 30000}, unhandledPromptBehavior: dismiss and notify}\nSession ID: 98d5b1825c9ed1f9ca02c88cab5c158b",
        "time" : {
          "start" : 1583513156852,
          "stop" : 1583513161165,
          "duration" : 4313
        }
      } ]
    },
    "tags" : [ ]
  },
  "source" : "1535e94b2c6548c5.json",
  "parameterValues" : [ ]
}