{
  "uid" : "1a011d38431847f7",
  "name" : "Runs Cucumber Feature",
  "fullName" : "com.TestNGRunner.scenario",
  "historyId" : "ed041dddd03a043b0f0817492ce42747",
  "time" : {
    "start" : 1573413538223,
    "stop" : 1573413545572,
    "duration" : 7349
  },
  "status" : "failed",
  "statusMessage" : "expected [Welcome to your account. Here you can manage all of your personal information and orders. ] but found [Welcome to your account. Here you can manage all of your personal information and orders.]",
  "statusTrace" : "java.lang.AssertionError: expected [Welcome to your account. Here you can manage all of your personal information and orders. ] but found [Welcome to your account. Here you can manage all of your personal information and orders.]\n\tat org.testng.Assert.fail(Assert.java:97)\n\tat org.testng.Assert.assertEqualsImpl(Assert.java:136)\n\tat org.testng.Assert.assertEquals(Assert.java:118)\n\tat org.testng.Assert.assertEquals(Assert.java:575)\n\tat org.testng.Assert.assertEquals(Assert.java:585)\n\tat com.steps.RegistrationPageSteps.iCanSeeWelcomeMessage_aroundBody60(RegistrationPageSteps.java:220)\n\tat com.steps.RegistrationPageSteps$AjcClosure61.run(RegistrationPageSteps.java:1)\n\tat org.aspectj.runtime.reflect.JoinPointImpl.proceed(JoinPointImpl.java:149)\n\tat io.qameta.allure.aspects.StepsAspects.step(StepsAspects.java:50)\n\tat com.steps.RegistrationPageSteps.iCanSeeWelcomeMessage(RegistrationPageSteps.java:219)\n\tat ✽.I can see welcome message(file:src/test/resources/features/Login.feature:14)\n",
  "flaky" : false,
  "newFailed" : false,
  "beforeStages" : [ {
    "name" : "setUpClass",
    "time" : {
      "start" : 1573413485191,
      "stop" : 1573413485654,
      "duration" : 463
    },
    "description" : "",
    "status" : "passed",
    "steps" : [ ],
    "attachments" : [ ],
    "parameters" : [ ],
    "stepsCount" : 0,
    "attachmentsCount" : 0,
    "shouldDisplayMessage" : false,
    "hasContent" : false
  } ],
  "testStage" : {
    "status" : "failed",
    "statusMessage" : "expected [Welcome to your account. Here you can manage all of your personal information and orders. ] but found [Welcome to your account. Here you can manage all of your personal information and orders.]",
    "statusTrace" : "java.lang.AssertionError: expected [Welcome to your account. Here you can manage all of your personal information and orders. ] but found [Welcome to your account. Here you can manage all of your personal information and orders.]\n\tat org.testng.Assert.fail(Assert.java:97)\n\tat org.testng.Assert.assertEqualsImpl(Assert.java:136)\n\tat org.testng.Assert.assertEquals(Assert.java:118)\n\tat org.testng.Assert.assertEquals(Assert.java:575)\n\tat org.testng.Assert.assertEquals(Assert.java:585)\n\tat com.steps.RegistrationPageSteps.iCanSeeWelcomeMessage_aroundBody60(RegistrationPageSteps.java:220)\n\tat com.steps.RegistrationPageSteps$AjcClosure61.run(RegistrationPageSteps.java:1)\n\tat org.aspectj.runtime.reflect.JoinPointImpl.proceed(JoinPointImpl.java:149)\n\tat io.qameta.allure.aspects.StepsAspects.step(StepsAspects.java:50)\n\tat com.steps.RegistrationPageSteps.iCanSeeWelcomeMessage(RegistrationPageSteps.java:219)\n\tat ✽.I can see welcome message(file:src/test/resources/features/Login.feature:14)\n",
    "steps" : [ {
      "name" : "I open home page",
      "time" : {
        "start" : 1573413538900,
        "stop" : 1573413541131,
        "duration" : 2231
      },
      "status" : "passed",
      "steps" : [ ],
      "attachments" : [ ],
      "parameters" : [ ],
      "stepsCount" : 0,
      "attachmentsCount" : 0,
      "shouldDisplayMessage" : false,
      "hasContent" : false
    }, {
      "name" : "I click on Sign in button",
      "time" : {
        "start" : 1573413541134,
        "stop" : 1573413542680,
        "duration" : 1546
      },
      "status" : "passed",
      "steps" : [ ],
      "attachments" : [ ],
      "parameters" : [ ],
      "stepsCount" : 0,
      "attachmentsCount" : 0,
      "shouldDisplayMessage" : false,
      "hasContent" : false
    }, {
      "name" : "I can see login form",
      "time" : {
        "start" : 1573413542681,
        "stop" : 1573413542824,
        "duration" : 143
      },
      "status" : "passed",
      "steps" : [ ],
      "attachments" : [ ],
      "parameters" : [ ],
      "stepsCount" : 0,
      "attachmentsCount" : 0,
      "shouldDisplayMessage" : false,
      "hasContent" : false
    }, {
      "name" : "I can see login form",
      "time" : {
        "start" : 1573413542824,
        "stop" : 1573413542958,
        "duration" : 134
      },
      "status" : "passed",
      "steps" : [ ],
      "attachments" : [ ],
      "parameters" : [ ],
      "stepsCount" : 0,
      "attachmentsCount" : 0,
      "shouldDisplayMessage" : false,
      "hasContent" : false
    }, {
      "name" : "I enter login {string}",
      "time" : {
        "start" : 1573413542959,
        "stop" : 1573413543141,
        "duration" : 182
      },
      "status" : "passed",
      "steps" : [ ],
      "attachments" : [ ],
      "parameters" : [ {
        "name" : "email",
        "value" : "thor.odinson@example.com"
      } ],
      "stepsCount" : 0,
      "attachmentsCount" : 0,
      "shouldDisplayMessage" : false,
      "hasContent" : true
    }, {
      "name" : "I enter password {string}",
      "time" : {
        "start" : 1573413543142,
        "stop" : 1573413543242,
        "duration" : 100
      },
      "status" : "passed",
      "steps" : [ ],
      "attachments" : [ ],
      "parameters" : [ {
        "name" : "password",
        "value" : "12345"
      } ],
      "stepsCount" : 0,
      "attachmentsCount" : 0,
      "shouldDisplayMessage" : false,
      "hasContent" : true
    }, {
      "name" : "I click on submit button",
      "time" : {
        "start" : 1573413543243,
        "stop" : 1573413544688,
        "duration" : 1445
      },
      "status" : "passed",
      "steps" : [ ],
      "attachments" : [ ],
      "parameters" : [ ],
      "stepsCount" : 0,
      "attachmentsCount" : 0,
      "shouldDisplayMessage" : false,
      "hasContent" : false
    }, {
      "name" : "I can see welcome message",
      "time" : {
        "start" : 1573413544689,
        "stop" : 1573413544851,
        "duration" : 162
      },
      "status" : "failed",
      "statusMessage" : "expected [Welcome to your account. Here you can manage all of your personal information and orders. ] but found [Welcome to your account. Here you can manage all of your personal information and orders.]",
      "statusTrace" : "java.lang.AssertionError: expected [Welcome to your account. Here you can manage all of your personal information and orders. ] but found [Welcome to your account. Here you can manage all of your personal information and orders.]\n\tat org.testng.Assert.fail(Assert.java:97)\n\tat org.testng.Assert.assertEqualsImpl(Assert.java:136)\n\tat org.testng.Assert.assertEquals(Assert.java:118)\n\tat org.testng.Assert.assertEquals(Assert.java:575)\n\tat org.testng.Assert.assertEquals(Assert.java:585)\n\tat com.steps.RegistrationPageSteps.iCanSeeWelcomeMessage_aroundBody60(RegistrationPageSteps.java:220)\n\tat com.steps.RegistrationPageSteps$AjcClosure61.run(RegistrationPageSteps.java:1)\n\tat org.aspectj.runtime.reflect.JoinPointImpl.proceed(JoinPointImpl.java:149)\n\tat io.qameta.allure.aspects.StepsAspects.step(StepsAspects.java:50)\n\tat com.steps.RegistrationPageSteps.iCanSeeWelcomeMessage(RegistrationPageSteps.java:219)\n\tat sun.reflect.NativeMethodAccessorImpl.invoke0(Native Method)\n\tat sun.reflect.NativeMethodAccessorImpl.invoke(NativeMethodAccessorImpl.java:62)\n\tat sun.reflect.DelegatingMethodAccessorImpl.invoke(DelegatingMethodAccessorImpl.java:43)\n\tat java.lang.reflect.Method.invoke(Method.java:498)\n\tat cucumber.runtime.Utils$1.call(Utils.java:26)\n\tat cucumber.runtime.Timeout.timeout(Timeout.java:16)\n\tat cucumber.runtime.Utils.invoke(Utils.java:20)\n\tat cucumber.runtime.java.JavaStepDefinition.execute(JavaStepDefinition.java:57)\n\tat cucumber.runner.PickleStepDefinitionMatch.runStep(PickleStepDefinitionMatch.java:50)\n\tat cucumber.runner.TestStep.executeStep(TestStep.java:65)\n\tat cucumber.runner.TestStep.run(TestStep.java:50)\n\tat cucumber.runner.PickleStepTestStep.run(PickleStepTestStep.java:43)\n\tat cucumber.runner.TestCase.run(TestCase.java:46)\n\tat cucumber.runner.Runner.runPickle(Runner.java:50)\n\tat io.cucumber.testng.TestNGCucumberRunner.runScenario(TestNGCucumberRunner.java:79)\n\tat com.TestNGRunner.scenario(TestNGRunner.java:31)\n\tat sun.reflect.NativeMethodAccessorImpl.invoke0(Native Method)\n\tat sun.reflect.NativeMethodAccessorImpl.invoke(NativeMethodAccessorImpl.java:62)\n\tat sun.reflect.DelegatingMethodAccessorImpl.invoke(DelegatingMethodAccessorImpl.java:43)\n\tat java.lang.reflect.Method.invoke(Method.java:498)\n\tat org.testng.internal.MethodInvocationHelper.invokeMethod(MethodInvocationHelper.java:133)\n\tat org.testng.internal.TestInvoker.invokeMethod(TestInvoker.java:584)\n\tat org.testng.internal.TestInvoker.invokeTestMethod(TestInvoker.java:172)\n\tat org.testng.internal.MethodRunner.runInSequence(MethodRunner.java:46)\n\tat org.testng.internal.TestInvoker$MethodInvocationAgent.invoke(TestInvoker.java:804)\n\tat org.testng.internal.TestInvoker.invokeTestMethods(TestInvoker.java:145)\n\tat org.testng.internal.TestMethodWorker.invokeTestMethods(TestMethodWorker.java:146)\n\tat org.testng.internal.TestMethodWorker.run(TestMethodWorker.java:128)\n\tat java.util.ArrayList.forEach(ArrayList.java:1255)\n\tat org.testng.TestRunner.privateRun(TestRunner.java:770)\n\tat org.testng.TestRunner.run(TestRunner.java:591)\n\tat org.testng.SuiteRunner.runTest(SuiteRunner.java:402)\n\tat org.testng.SuiteRunner.runSequentially(SuiteRunner.java:396)\n\tat org.testng.SuiteRunner.privateRun(SuiteRunner.java:355)\n\tat org.testng.SuiteRunner.run(SuiteRunner.java:304)\n\tat org.testng.SuiteRunnerWorker.runSuite(SuiteRunnerWorker.java:53)\n\tat org.testng.SuiteRunnerWorker.run(SuiteRunnerWorker.java:96)\n\tat org.testng.TestNG.runSuitesSequentially(TestNG.java:1180)\n\tat org.testng.TestNG.runSuitesLocally(TestNG.java:1102)\n\tat org.testng.TestNG.runSuites(TestNG.java:1032)\n\tat org.testng.TestNG.run(TestNG.java:1000)\n\tat org.gradle.api.internal.tasks.testing.testng.TestNGTestClassProcessor.runTests(TestNGTestClassProcessor.java:139)\n\tat org.gradle.api.internal.tasks.testing.testng.TestNGTestClassProcessor.stop(TestNGTestClassProcessor.java:89)\n\tat org.gradle.api.internal.tasks.testing.SuiteTestClassProcessor.stop(SuiteTestClassProcessor.java:61)\n\tat sun.reflect.NativeMethodAccessorImpl.invoke0(Native Method)\n\tat sun.reflect.NativeMethodAccessorImpl.invoke(NativeMethodAccessorImpl.java:62)\n\tat sun.reflect.DelegatingMethodAccessorImpl.invoke(DelegatingMethodAccessorImpl.java:43)\n\tat java.lang.reflect.Method.invoke(Method.java:498)\n\tat org.gradle.internal.dispatch.ReflectionDispatch.dispatch(ReflectionDispatch.java:35)\n\tat org.gradle.internal.dispatch.ReflectionDispatch.dispatch(ReflectionDispatch.java:24)\n\tat org.gradle.internal.dispatch.ContextClassLoaderDispatch.dispatch(ContextClassLoaderDispatch.java:32)\n\tat org.gradle.internal.dispatch.ProxyDispatchAdapter$DispatchingInvocationHandler.invoke(ProxyDispatchAdapter.java:93)\n\tat com.sun.proxy.$Proxy1.stop(Unknown Source)\n\tat org.gradle.api.internal.tasks.testing.worker.TestWorker.stop(TestWorker.java:123)\n\tat sun.reflect.NativeMethodAccessorImpl.invoke0(Native Method)\n\tat sun.reflect.NativeMethodAccessorImpl.invoke(NativeMethodAccessorImpl.java:62)\n\tat sun.reflect.DelegatingMethodAccessorImpl.invoke(DelegatingMethodAccessorImpl.java:43)\n\tat java.lang.reflect.Method.invoke(Method.java:498)\n\tat org.gradle.internal.dispatch.ReflectionDispatch.dispatch(ReflectionDispatch.java:35)\n\tat org.gradle.internal.dispatch.ReflectionDispatch.dispatch(ReflectionDispatch.java:24)\n\tat org.gradle.internal.remote.internal.hub.MessageHubBackedObjectConnection$DispatchWrapper.dispatch(MessageHubBackedObjectConnection.java:155)\n\tat org.gradle.internal.remote.internal.hub.MessageHubBackedObjectConnection$DispatchWrapper.dispatch(MessageHubBackedObjectConnection.java:137)\n\tat org.gradle.internal.remote.internal.hub.MessageHub$Handler.run(MessageHub.java:404)\n\tat org.gradle.internal.concurrent.ExecutorPolicy$CatchAndRecordFailures.onExecute(ExecutorPolicy.java:63)\n\tat org.gradle.internal.concurrent.ManagedExecutorImpl$1.run(ManagedExecutorImpl.java:46)\n\tat java.util.concurrent.ThreadPoolExecutor.runWorker(ThreadPoolExecutor.java:1149)\n\tat java.util.concurrent.ThreadPoolExecutor$Worker.run(ThreadPoolExecutor.java:624)\n\tat org.gradle.internal.concurrent.ThreadFactoryImpl$ManagedThreadRunnable.run(ThreadFactoryImpl.java:55)\n\tat java.lang.Thread.run(Thread.java:748)\n",
      "steps" : [ ],
      "attachments" : [ ],
      "parameters" : [ ],
      "stepsCount" : 0,
      "attachmentsCount" : 0,
      "shouldDisplayMessage" : true,
      "hasContent" : true
    } ],
    "attachments" : [ {
      "uid" : "ee02d558dc281a0b",
      "name" : "allureSaveTextLog",
      "source" : "ee02d558dc281a0b.txt",
      "type" : "text/plain",
      "size" : 41
    }, {
      "uid" : "f31528ba7668d8c8",
      "name" : "Scenario FAIL screenshot",
      "source" : "f31528ba7668d8c8.png",
      "type" : "image/png",
      "size" : 98978
    } ],
    "parameters" : [ ],
    "stepsCount" : 8,
    "attachmentsCount" : 2,
    "shouldDisplayMessage" : false,
    "hasContent" : true
  },
  "afterStages" : [ {
    "name" : "tearDownClass",
    "time" : {
      "start" : 1573413742480,
      "stop" : 1573413743212,
      "duration" : 732
    },
    "description" : "",
    "status" : "passed",
    "steps" : [ ],
    "attachments" : [ ],
    "parameters" : [ ],
    "stepsCount" : 0,
    "attachmentsCount" : 0,
    "shouldDisplayMessage" : false,
    "hasContent" : false
  } ],
  "labels" : [ {
    "name" : "package",
    "value" : "com.TestNGRunner"
  }, {
    "name" : "testClass",
    "value" : "com.TestNGRunner"
  }, {
    "name" : "testMethod",
    "value" : "scenario"
  }, {
    "name" : "parentSuite",
    "value" : "Gradle suite"
  }, {
    "name" : "suite",
    "value" : "Gradle test"
  }, {
    "name" : "subSuite",
    "value" : "com.TestNGRunner"
  }, {
    "name" : "host",
    "value" : "localhost"
  }, {
    "name" : "thread",
    "value" : "5030@localhost.Test worker(9)"
  }, {
    "name" : "resultFormat",
    "value" : "allure2"
  } ],
  "parameters" : [ {
    "name" : "arg0",
    "value" : "\"As a user I can log into automationpractice.com website - user is registered in database (positive flow)\""
  }, {
    "name" : "arg1",
    "value" : "\"As a user I would like to log in automationpractice.com\""
  } ],
  "links" : [ ],
  "hidden" : false,
  "retry" : false,
  "extra" : {
    "severity" : "normal",
    "retries" : [ ],
    "categories" : [ {
      "name" : "Product defects",
      "matchedStatuses" : [ ],
      "flaky" : false
    } ],
    "tags" : [ ]
  },
  "source" : "1a011d38431847f7.json",
  "parameterValues" : [ "\"As a user I can log into automationpractice.com website - user is registered in database (positive flow)\"", "\"As a user I would like to log in automationpractice.com\"" ]
}