{
  "uid" : "48cfae7ee50f3714",
  "name" : "[US-444]/[4] I would like to see registration error, when I don't fill password input",
  "fullName" : "tests.WebAPP.RegistrationValidators_Tests.test_4",
  "historyId" : "354ec87fb72d560b5b35f1edd7b64d8c",
  "time" : {
    "start" : 1592687884044,
    "stop" : 1592687896461,
    "duration" : 12417
  },
  "description" : "[US-444]/[4] As a user I would like to see registration error, when I don't fill password input",
  "descriptionHtml" : "<p>[US-444]/[4] As a user I would like to see registration error, when I don't fill password input</p>\n",
  "status" : "broken",
  "statusMessage" : "Expected condition failed: waiting for element to be clickable: [[ChromeDriver: chrome on LINUX (ec07b8d33c42c44d2771f0ec2fa1c393)] -> xpath: //select[@id='days']] (tried for 5 second(s) with 500 milliseconds interval)\nBuild info: version: '3.141.59', revision: 'e82be7d358', time: '2018-11-14T08:17:03'\nSystem info: host: 'travis-job-9fbfe21e-f35f-442b-8fde-917cbb8d98e8', ip: '127.0.0.1', os.name: 'Linux', os.arch: 'amd64', os.version: '5.0.0-1031-gcp', java.version: '14.0.1'\nDriver info: org.openqa.selenium.chrome.ChromeDriver\nCapabilities {acceptInsecureCerts: false, browserName: chrome, browserVersion: 83.0.4103.106, chrome: {chromedriverVersion: 83.0.4103.39 (ccbf011cb2d2b..., userDataDir: /tmp/.com.google.Chrome.BjaJ1K}, goog:chromeOptions: {debuggerAddress: localhost:41843}, javascriptEnabled: true, networkConnectionEnabled: false, pageLoadStrategy: normal, platform: LINUX, platformName: LINUX, proxy: Proxy(), setWindowRect: true, strictFileInteractability: false, timeouts: {implicit: 0, pageLoad: 300000, script: 30000}, unhandledPromptBehavior: dismiss and notify, webauthn:virtualAuthenticators: true}\nSession ID: ec07b8d33c42c44d2771f0ec2fa1c393",
  "statusTrace" : "org.openqa.selenium.TimeoutException: Expected condition failed: waiting for element to be clickable: [[ChromeDriver: chrome on LINUX (ec07b8d33c42c44d2771f0ec2fa1c393)] -> xpath: //select[@id='days']] (tried for 5 second(s) with 500 milliseconds interval)\nBuild info: version: '3.141.59', revision: 'e82be7d358', time: '2018-11-14T08:17:03'\nSystem info: host: 'travis-job-9fbfe21e-f35f-442b-8fde-917cbb8d98e8', ip: '127.0.0.1', os.name: 'Linux', os.arch: 'amd64', os.version: '5.0.0-1031-gcp', java.version: '14.0.1'\nDriver info: org.openqa.selenium.chrome.ChromeDriver\nCapabilities {acceptInsecureCerts: false, browserName: chrome, browserVersion: 83.0.4103.106, chrome: {chromedriverVersion: 83.0.4103.39 (ccbf011cb2d2b..., userDataDir: /tmp/.com.google.Chrome.BjaJ1K}, goog:chromeOptions: {debuggerAddress: localhost:41843}, javascriptEnabled: true, networkConnectionEnabled: false, pageLoadStrategy: normal, platform: LINUX, platformName: LINUX, proxy: Proxy(), setWindowRect: true, strictFileInteractability: false, timeouts: {implicit: 0, pageLoad: 300000, script: 30000}, unhandledPromptBehavior: dismiss and notify, webauthn:virtualAuthenticators: true}\nSession ID: ec07b8d33c42c44d2771f0ec2fa1c393\n\tat org.openqa.selenium.support.ui.WebDriverWait.timeoutException(WebDriverWait.java:95)\n\tat org.openqa.selenium.support.ui.FluentWait.until(FluentWait.java:272)\n\tat com.buildSettings.TestCommons.waitForElementToBeClickable(TestCommons.java:35)\n\tat com.buildSettings.TestCommons.selectFromDropdownByValue(TestCommons.java:88)\n\tat com.steps.RegistrationPageSteps.iChooseDateOfBirth(RegistrationPageSteps.java:268)\n\tat tests.WebAPP.RegistrationValidators_Tests.test_4(RegistrationValidators_Tests.java:168)\n\tat java.base/jdk.internal.reflect.NativeMethodAccessorImpl.invoke0(Native Method)\n\tat java.base/jdk.internal.reflect.NativeMethodAccessorImpl.invoke(NativeMethodAccessorImpl.java:62)\n\tat java.base/jdk.internal.reflect.DelegatingMethodAccessorImpl.invoke(DelegatingMethodAccessorImpl.java:43)\n\tat java.base/java.lang.reflect.Method.invoke(Method.java:564)\n\tat org.testng.internal.MethodInvocationHelper.invokeMethod(MethodInvocationHelper.java:134)\n\tat org.testng.internal.TestInvoker.invokeMethod(TestInvoker.java:597)\n\tat org.testng.internal.TestInvoker.retryFailed(TestInvoker.java:213)\n\tat org.testng.internal.MethodRunner.runInSequence(MethodRunner.java:58)\n\tat org.testng.internal.TestInvoker$MethodInvocationAgent.invoke(TestInvoker.java:816)\n\tat org.testng.internal.TestInvoker.invokeTestMethods(TestInvoker.java:146)\n\tat org.testng.internal.TestMethodWorker.invokeTestMethods(TestMethodWorker.java:146)\n\tat org.testng.internal.TestMethodWorker.run(TestMethodWorker.java:128)\n\tat java.base/java.util.concurrent.ThreadPoolExecutor.runWorker(ThreadPoolExecutor.java:1130)\n\tat java.base/java.util.concurrent.ThreadPoolExecutor$Worker.run(ThreadPoolExecutor.java:630)\n\tat java.base/java.lang.Thread.run(Thread.java:832)\n",
  "flaky" : false,
  "newFailed" : false,
  "beforeStages" : [ {
    "name" : "Setting up Excel File",
    "time" : {
      "start" : 1592687592306,
      "stop" : 1592687592352,
      "duration" : 46
    },
    "description" : "Setting up Excel File",
    "status" : "passed",
    "steps" : [ ],
    "attachments" : [ ],
    "parameters" : [ ],
    "stepsCount" : 0,
    "attachmentsCount" : 0,
    "shouldDisplayMessage" : false,
    "hasContent" : false
  }, {
    "name" : "Setting up Test Class",
    "time" : {
      "start" : 1592687883043,
      "stop" : 1592687884042,
      "duration" : 999
    },
    "description" : "Setting up Test Class",
    "status" : "passed",
    "steps" : [ ],
    "attachments" : [ ],
    "parameters" : [ ],
    "stepsCount" : 0,
    "attachmentsCount" : 0,
    "shouldDisplayMessage" : false,
    "hasContent" : false
  } ],
  "testStage" : {
    "description" : "[US-444]/[4] As a user I would like to see registration error, when I don't fill password input",
    "status" : "broken",
    "statusMessage" : "Expected condition failed: waiting for element to be clickable: [[ChromeDriver: chrome on LINUX (ec07b8d33c42c44d2771f0ec2fa1c393)] -> xpath: //select[@id='days']] (tried for 5 second(s) with 500 milliseconds interval)\nBuild info: version: '3.141.59', revision: 'e82be7d358', time: '2018-11-14T08:17:03'\nSystem info: host: 'travis-job-9fbfe21e-f35f-442b-8fde-917cbb8d98e8', ip: '127.0.0.1', os.name: 'Linux', os.arch: 'amd64', os.version: '5.0.0-1031-gcp', java.version: '14.0.1'\nDriver info: org.openqa.selenium.chrome.ChromeDriver\nCapabilities {acceptInsecureCerts: false, browserName: chrome, browserVersion: 83.0.4103.106, chrome: {chromedriverVersion: 83.0.4103.39 (ccbf011cb2d2b..., userDataDir: /tmp/.com.google.Chrome.BjaJ1K}, goog:chromeOptions: {debuggerAddress: localhost:41843}, javascriptEnabled: true, networkConnectionEnabled: false, pageLoadStrategy: normal, platform: LINUX, platformName: LINUX, proxy: Proxy(), setWindowRect: true, strictFileInteractability: false, timeouts: {implicit: 0, pageLoad: 300000, script: 30000}, unhandledPromptBehavior: dismiss and notify, webauthn:virtualAuthenticators: true}\nSession ID: ec07b8d33c42c44d2771f0ec2fa1c393",
    "statusTrace" : "org.openqa.selenium.TimeoutException: Expected condition failed: waiting for element to be clickable: [[ChromeDriver: chrome on LINUX (ec07b8d33c42c44d2771f0ec2fa1c393)] -> xpath: //select[@id='days']] (tried for 5 second(s) with 500 milliseconds interval)\nBuild info: version: '3.141.59', revision: 'e82be7d358', time: '2018-11-14T08:17:03'\nSystem info: host: 'travis-job-9fbfe21e-f35f-442b-8fde-917cbb8d98e8', ip: '127.0.0.1', os.name: 'Linux', os.arch: 'amd64', os.version: '5.0.0-1031-gcp', java.version: '14.0.1'\nDriver info: org.openqa.selenium.chrome.ChromeDriver\nCapabilities {acceptInsecureCerts: false, browserName: chrome, browserVersion: 83.0.4103.106, chrome: {chromedriverVersion: 83.0.4103.39 (ccbf011cb2d2b..., userDataDir: /tmp/.com.google.Chrome.BjaJ1K}, goog:chromeOptions: {debuggerAddress: localhost:41843}, javascriptEnabled: true, networkConnectionEnabled: false, pageLoadStrategy: normal, platform: LINUX, platformName: LINUX, proxy: Proxy(), setWindowRect: true, strictFileInteractability: false, timeouts: {implicit: 0, pageLoad: 300000, script: 30000}, unhandledPromptBehavior: dismiss and notify, webauthn:virtualAuthenticators: true}\nSession ID: ec07b8d33c42c44d2771f0ec2fa1c393\n\tat org.openqa.selenium.support.ui.WebDriverWait.timeoutException(WebDriverWait.java:95)\n\tat org.openqa.selenium.support.ui.FluentWait.until(FluentWait.java:272)\n\tat com.buildSettings.TestCommons.waitForElementToBeClickable(TestCommons.java:35)\n\tat com.buildSettings.TestCommons.selectFromDropdownByValue(TestCommons.java:88)\n\tat com.steps.RegistrationPageSteps.iChooseDateOfBirth(RegistrationPageSteps.java:268)\n\tat tests.WebAPP.RegistrationValidators_Tests.test_4(RegistrationValidators_Tests.java:168)\n\tat java.base/jdk.internal.reflect.NativeMethodAccessorImpl.invoke0(Native Method)\n\tat java.base/jdk.internal.reflect.NativeMethodAccessorImpl.invoke(NativeMethodAccessorImpl.java:62)\n\tat java.base/jdk.internal.reflect.DelegatingMethodAccessorImpl.invoke(DelegatingMethodAccessorImpl.java:43)\n\tat java.base/java.lang.reflect.Method.invoke(Method.java:564)\n\tat org.testng.internal.MethodInvocationHelper.invokeMethod(MethodInvocationHelper.java:134)\n\tat org.testng.internal.TestInvoker.invokeMethod(TestInvoker.java:597)\n\tat org.testng.internal.TestInvoker.retryFailed(TestInvoker.java:213)\n\tat org.testng.internal.MethodRunner.runInSequence(MethodRunner.java:58)\n\tat org.testng.internal.TestInvoker$MethodInvocationAgent.invoke(TestInvoker.java:816)\n\tat org.testng.internal.TestInvoker.invokeTestMethods(TestInvoker.java:146)\n\tat org.testng.internal.TestMethodWorker.invokeTestMethods(TestMethodWorker.java:146)\n\tat org.testng.internal.TestMethodWorker.run(TestMethodWorker.java:128)\n\tat java.base/java.util.concurrent.ThreadPoolExecutor.runWorker(ThreadPoolExecutor.java:1130)\n\tat java.base/java.util.concurrent.ThreadPoolExecutor$Worker.run(ThreadPoolExecutor.java:630)\n\tat java.base/java.lang.Thread.run(Thread.java:832)\n",
    "steps" : [ {
      "name" : "I open home page",
      "time" : {
        "start" : 1592687884047,
        "stop" : 1592687886488,
        "duration" : 2441
      },
      "status" : "passed",
      "steps" : [ ],
      "attachments" : [ ],
      "parameters" : [ ],
      "stepsCount" : 0,
      "attachmentsCount" : 0,
      "shouldDisplayMessage" : false,
      "hasContent" : false
    }, {
      "name" : "I can see automationpractice.com website",
      "time" : {
        "start" : 1592687886488,
        "stop" : 1592687886587,
        "duration" : 99
      },
      "status" : "passed",
      "steps" : [ ],
      "attachments" : [ ],
      "parameters" : [ ],
      "stepsCount" : 0,
      "attachmentsCount" : 0,
      "shouldDisplayMessage" : false,
      "hasContent" : false
    }, {
      "name" : "I click on Sign in button",
      "time" : {
        "start" : 1592687886587,
        "stop" : 1592687887953,
        "duration" : 1366
      },
      "status" : "passed",
      "steps" : [ ],
      "attachments" : [ ],
      "parameters" : [ ],
      "stepsCount" : 0,
      "attachmentsCount" : 0,
      "shouldDisplayMessage" : false,
      "hasContent" : false
    }, {
      "name" : "I write an email address",
      "time" : {
        "start" : 1592687887953,
        "stop" : 1592687888247,
        "duration" : 294
      },
      "status" : "passed",
      "steps" : [ ],
      "attachments" : [ ],
      "parameters" : [ ],
      "stepsCount" : 0,
      "attachmentsCount" : 0,
      "shouldDisplayMessage" : false,
      "hasContent" : false
    }, {
      "name" : "I click on Create An Account button",
      "time" : {
        "start" : 1592687888247,
        "stop" : 1592687888484,
        "duration" : 237
      },
      "status" : "passed",
      "steps" : [ ],
      "attachments" : [ ],
      "parameters" : [ ],
      "stepsCount" : 0,
      "attachmentsCount" : 0,
      "shouldDisplayMessage" : false,
      "hasContent" : false
    }, {
      "name" : "I can see registration page form",
      "time" : {
        "start" : 1592687888484,
        "stop" : 1592687888525,
        "duration" : 41
      },
      "status" : "passed",
      "steps" : [ ],
      "attachments" : [ ],
      "parameters" : [ ],
      "stepsCount" : 0,
      "attachmentsCount" : 0,
      "shouldDisplayMessage" : false,
      "hasContent" : false
    }, {
      "name" : "I choose gender",
      "time" : {
        "start" : 1592687888525,
        "stop" : 1592687889739,
        "duration" : 1214
      },
      "status" : "passed",
      "steps" : [ ],
      "attachments" : [ ],
      "parameters" : [ ],
      "stepsCount" : 0,
      "attachmentsCount" : 0,
      "shouldDisplayMessage" : false,
      "hasContent" : false
    }, {
      "name" : "I write my first name",
      "time" : {
        "start" : 1592687889739,
        "stop" : 1592687890095,
        "duration" : 356
      },
      "status" : "passed",
      "steps" : [ ],
      "attachments" : [ ],
      "parameters" : [ ],
      "stepsCount" : 0,
      "attachmentsCount" : 0,
      "shouldDisplayMessage" : false,
      "hasContent" : false
    }, {
      "name" : "I write my last name",
      "time" : {
        "start" : 1592687890095,
        "stop" : 1592687890587,
        "duration" : 492
      },
      "status" : "passed",
      "steps" : [ ],
      "attachments" : [ ],
      "parameters" : [ ],
      "stepsCount" : 0,
      "attachmentsCount" : 0,
      "shouldDisplayMessage" : false,
      "hasContent" : false
    }, {
      "name" : "I choose date of birth",
      "time" : {
        "start" : 1592687890587,
        "stop" : 1592687896082,
        "duration" : 5495
      },
      "status" : "broken",
      "statusMessage" : "Expected condition failed: waiting for element to be clickable: [[ChromeDriver: chrome on LINUX (ec07b8d33c42c44d2771f0ec2fa1c393)] -> xpath: //select[@id='days']] (tried for 5 second(s) with 500 milliseconds interval)\nBuild info: version: '3.141.59', revision: 'e82be7d358', time: '2018-11-14T08:17:03'\nSystem info: host: 'travis-job-9fbfe21e-f35f-442b-8fde-917cbb8d98e8', ip: '127.0.0.1', os.name: 'Linux', os.arch: 'amd64', os.version: '5.0.0-1031-gcp', java.version: '14.0.1'\nDriver info: org.openqa.selenium.chrome.ChromeDriver\nCapabilities {acceptInsecureCerts: false, browserName: chrome, browserVersion: 83.0.4103.106, chrome: {chromedriverVersion: 83.0.4103.39 (ccbf011cb2d2b..., userDataDir: /tmp/.com.google.Chrome.BjaJ1K}, goog:chromeOptions: {debuggerAddress: localhost:41843}, javascriptEnabled: true, networkConnectionEnabled: false, pageLoadStrategy: normal, platform: LINUX, platformName: LINUX, proxy: Proxy(), setWindowRect: true, strictFileInteractability: false, timeouts: {implicit: 0, pageLoad: 300000, script: 30000}, unhandledPromptBehavior: dismiss and notify, webauthn:virtualAuthenticators: true}\nSession ID: ec07b8d33c42c44d2771f0ec2fa1c393",
      "statusTrace" : "org.openqa.selenium.TimeoutException: Expected condition failed: waiting for element to be clickable: [[ChromeDriver: chrome on LINUX (ec07b8d33c42c44d2771f0ec2fa1c393)] -> xpath: //select[@id='days']] (tried for 5 second(s) with 500 milliseconds interval)\nBuild info: version: '3.141.59', revision: 'e82be7d358', time: '2018-11-14T08:17:03'\nSystem info: host: 'travis-job-9fbfe21e-f35f-442b-8fde-917cbb8d98e8', ip: '127.0.0.1', os.name: 'Linux', os.arch: 'amd64', os.version: '5.0.0-1031-gcp', java.version: '14.0.1'\nDriver info: org.openqa.selenium.chrome.ChromeDriver\nCapabilities {acceptInsecureCerts: false, browserName: chrome, browserVersion: 83.0.4103.106, chrome: {chromedriverVersion: 83.0.4103.39 (ccbf011cb2d2b..., userDataDir: /tmp/.com.google.Chrome.BjaJ1K}, goog:chromeOptions: {debuggerAddress: localhost:41843}, javascriptEnabled: true, networkConnectionEnabled: false, pageLoadStrategy: normal, platform: LINUX, platformName: LINUX, proxy: Proxy(), setWindowRect: true, strictFileInteractability: false, timeouts: {implicit: 0, pageLoad: 300000, script: 30000}, unhandledPromptBehavior: dismiss and notify, webauthn:virtualAuthenticators: true}\nSession ID: ec07b8d33c42c44d2771f0ec2fa1c393\n\tat org.openqa.selenium.support.ui.WebDriverWait.timeoutException(WebDriverWait.java:95)\n\tat org.openqa.selenium.support.ui.FluentWait.until(FluentWait.java:272)\n\tat com.buildSettings.TestCommons.waitForElementToBeClickable(TestCommons.java:35)\n\tat com.buildSettings.TestCommons.selectFromDropdownByValue(TestCommons.java:88)\n\tat com.steps.RegistrationPageSteps.iChooseDateOfBirth(RegistrationPageSteps.java:268)\n\tat tests.WebAPP.RegistrationValidators_Tests.test_4(RegistrationValidators_Tests.java:168)\n\tat java.base/jdk.internal.reflect.NativeMethodAccessorImpl.invoke0(Native Method)\n\tat java.base/jdk.internal.reflect.NativeMethodAccessorImpl.invoke(NativeMethodAccessorImpl.java:62)\n\tat java.base/jdk.internal.reflect.DelegatingMethodAccessorImpl.invoke(DelegatingMethodAccessorImpl.java:43)\n\tat java.base/java.lang.reflect.Method.invoke(Method.java:564)\n\tat org.testng.internal.MethodInvocationHelper.invokeMethod(MethodInvocationHelper.java:134)\n\tat org.testng.internal.TestInvoker.invokeMethod(TestInvoker.java:597)\n\tat org.testng.internal.TestInvoker.retryFailed(TestInvoker.java:213)\n\tat org.testng.internal.MethodRunner.runInSequence(MethodRunner.java:58)\n\tat org.testng.internal.TestInvoker$MethodInvocationAgent.invoke(TestInvoker.java:816)\n\tat org.testng.internal.TestInvoker.invokeTestMethods(TestInvoker.java:146)\n\tat org.testng.internal.TestMethodWorker.invokeTestMethods(TestMethodWorker.java:146)\n\tat org.testng.internal.TestMethodWorker.run(TestMethodWorker.java:128)\n\tat java.base/java.util.concurrent.ThreadPoolExecutor.runWorker(ThreadPoolExecutor.java:1130)\n\tat java.base/java.util.concurrent.ThreadPoolExecutor$Worker.run(ThreadPoolExecutor.java:630)\n\tat java.base/java.lang.Thread.run(Thread.java:832)\n",
      "steps" : [ ],
      "attachments" : [ ],
      "parameters" : [ ],
      "stepsCount" : 0,
      "attachmentsCount" : 0,
      "shouldDisplayMessage" : true,
      "hasContent" : true
    } ],
    "attachments" : [ {
      "uid" : "93d317bf312043cc",
      "name" : "Scenario FAIL screenshot",
      "source" : "93d317bf312043cc.png",
      "type" : "image/png",
      "size" : 39789
    }, {
      "uid" : "d9794ad9cb470b7d",
      "name" : "TestNG test FAIL logs",
      "source" : "d9794ad9cb470b7d.txt",
      "type" : "text/plain",
      "size" : 4445
    } ],
    "parameters" : [ ],
    "stepsCount" : 10,
    "attachmentsCount" : 2,
    "shouldDisplayMessage" : false,
    "hasContent" : true
  },
  "afterStages" : [ {
    "name" : "Teardown Test Class",
    "time" : {
      "start" : 1592687896463,
      "stop" : 1592687896613,
      "duration" : 150
    },
    "description" : "Teardown Test Class",
    "status" : "passed",
    "steps" : [ ],
    "attachments" : [ ],
    "parameters" : [ ],
    "stepsCount" : 0,
    "attachmentsCount" : 0,
    "shouldDisplayMessage" : false,
    "hasContent" : false
  }, {
    "name" : "Teardown Test Suite",
    "time" : {
      "start" : 1592688015203,
      "stop" : 1592688016459,
      "duration" : 1256
    },
    "description" : "Teardown Test Suite",
    "status" : "passed",
    "steps" : [ ],
    "attachments" : [ ],
    "parameters" : [ ],
    "stepsCount" : 0,
    "attachmentsCount" : 0,
    "shouldDisplayMessage" : false,
    "hasContent" : false
  } ],
  "labels" : [ {
    "name" : "package",
    "value" : "tests.WebAPP.RegistrationValidators_Tests"
  }, {
    "name" : "testClass",
    "value" : "tests.WebAPP.RegistrationValidators_Tests"
  }, {
    "name" : "testMethod",
    "value" : "test_4"
  }, {
    "name" : "parentSuite",
    "value" : "Automationpractice.com WEB - Kamil Nowocin"
  }, {
    "name" : "suite",
    "value" : "Automated tests for WEB client"
  }, {
    "name" : "subSuite",
    "value" : "tests.WebAPP.RegistrationValidators_Tests"
  }, {
    "name" : "host",
    "value" : "travis-job-9fbfe21e-f35f-442b-8fde-917cbb8d98e8"
  }, {
    "name" : "thread",
    "value" : "6385@travis-job-9fbfe21e-f35f-442b-8fde-917cbb8d98e8.TestNG-test=Automated tests for WEB client-1(37)"
  }, {
    "name" : "framework",
    "value" : "testng"
  }, {
    "name" : "language",
    "value" : "java"
  }, {
    "name" : "story",
    "value" : "NEGATIVE FLOW"
  }, {
    "name" : "owner",
    "value" : "Kamil Nowocin"
  }, {
    "name" : "epic",
    "value" : "Web App Tests"
  }, {
    "name" : "feature",
    "value" : "REGISTRATION VALIDATORS TESTS"
  }, {
    "name" : "severity",
    "value" : "normal"
  }, {
    "name" : "resultFormat",
    "value" : "allure2"
  } ],
  "parameters" : [ ],
  "links" : [ {
    "name" : "STORY-444",
    "url" : "https://tracker.FAKE.com/jira/browse/AUTOMATION_PRACTICE/STORY-444",
    "type" : "tms"
  }, {
    "name" : "TAP-0023",
    "url" : "https://tracker.FAKE.com/jira/browse/AUTOMATION_PRACTICE/issue/TAP-0023",
    "type" : "issue"
  } ],
  "hidden" : false,
  "retry" : false,
  "extra" : {
    "severity" : "normal",
    "owner" : "Kamil Nowocin",
    "retries" : [ {
      "uid" : "17bdf7a5e40b0957",
      "status" : "skipped",
      "statusDetails" : "Expected condition failed: waiting for element to be clickable: [[ChromeDriver: chrome on LINUX (231e75b94992e785ed8a7c2da48723ca)] -> xpath: //select[@id='days']] (tried for 5 second(s) with 500 milliseconds interval)\nBuild info: version: '3.141.59', revision: 'e82be7d358', time: '2018-11-14T08:17:03'\nSystem info: host: 'travis-job-9fbfe21e-f35f-442b-8fde-917cbb8d98e8', ip: '127.0.0.1', os.name: 'Linux', os.arch: 'amd64', os.version: '5.0.0-1031-gcp', java.version: '14.0.1'\nDriver info: org.openqa.selenium.chrome.ChromeDriver\nCapabilities {acceptInsecureCerts: false, browserName: chrome, browserVersion: 83.0.4103.106, chrome: {chromedriverVersion: 83.0.4103.39 (ccbf011cb2d2b..., userDataDir: /tmp/.com.google.Chrome.Kk71pa}, goog:chromeOptions: {debuggerAddress: localhost:37861}, javascriptEnabled: true, networkConnectionEnabled: false, pageLoadStrategy: normal, platform: LINUX, platformName: LINUX, proxy: Proxy(), setWindowRect: true, strictFileInteractability: false, timeouts: {implicit: 0, pageLoad: 300000, script: 30000}, unhandledPromptBehavior: dismiss and notify, webauthn:virtualAuthenticators: true}\nSession ID: 231e75b94992e785ed8a7c2da48723ca",
      "time" : {
        "start" : 1592687871185,
        "stop" : 1592687882918,
        "duration" : 11733
      }
    } ],
    "categories" : [ {
      "name" : "Test defects",
      "matchedStatuses" : [ ],
      "flaky" : false
    } ],
    "history" : {
      "statistic" : {
        "failed" : 0,
        "broken" : 4,
        "skipped" : 14,
        "passed" : 128,
        "unknown" : 0,
        "total" : 146
      },
      "items" : [ {
        "uid" : "2525586cecca8bc4",
        "reportUrl" : "https://travis-ci.com/kamil-nowocin/Test_Automation-automationpractice/builds/172327372/#testresult/2525586cecca8bc4",
        "status" : "passed",
        "time" : {
          "start" : 1592668576068,
          "stop" : 1592668589784,
          "duration" : 13716
        }
      }, {
        "uid" : "1cea705d2b0947f",
        "reportUrl" : "https://travis-ci.com/kamil-nowocin/Test_Automation-automationpractice/builds/172234351/#testresult/1cea705d2b0947f",
        "status" : "passed",
        "time" : {
          "start" : 1592582164160,
          "stop" : 1592582173244,
          "duration" : 9084
        }
      }, {
        "uid" : "429d1c1e22b74e81",
        "reportUrl" : "https://travis-ci.com/kamil-nowocin/Test_Automation-automationpractice/builds/172068674/#testresult/429d1c1e22b74e81",
        "status" : "passed",
        "time" : {
          "start" : 1592495735547,
          "stop" : 1592495745733,
          "duration" : 10186
        }
      }, {
        "uid" : "d5f1a8da6507504d",
        "reportUrl" : "https://travis-ci.com/kamil-nowocin/Test_Automation-automationpractice/builds/171875054/#testresult/d5f1a8da6507504d",
        "status" : "passed",
        "time" : {
          "start" : 1592409278429,
          "stop" : 1592409287858,
          "duration" : 9429
        }
      }, {
        "uid" : "567bca5ca97f811f",
        "reportUrl" : "https://travis-ci.com/kamil-nowocin/Test_Automation-automationpractice/builds/171651962/#testresult/567bca5ca97f811f",
        "status" : "passed",
        "time" : {
          "start" : 1592322855052,
          "stop" : 1592322864757,
          "duration" : 9705
        }
      } ]
    },
    "tags" : [ ]
  },
  "source" : "48cfae7ee50f3714.json",
  "parameterValues" : [ ]
}