{
  "uid" : "55d2e25adaaf3ba7",
  "name" : "Runs Cucumber Feature",
  "fullName" : "com.TestNGRunner.scenario",
  "historyId" : "85c6e328896bb6743573ac088ea594ac",
  "time" : {
    "start" : 1576598336435,
    "stop" : 1576598343678,
    "duration" : 7243
  },
  "description" : "TEST DESCRIPTION",
  "descriptionHtml" : "<p>TEST DESCRIPTION</p>\n",
  "status" : "failed",
  "statusMessage" : "Warning message didn't contain this phrase! Country is invalid did not expect to find [true] but found [false]",
  "statusTrace" : "java.lang.AssertionError: Warning message didn't contain this phrase! Country is invalid did not expect to find [true] but found [false]\n\tat org.testng.Assert.fail(Assert.java:97)\n\tat org.testng.Assert.failNotEquals(Assert.java:969)\n\tat org.testng.Assert.assertTrue(Assert.java:43)\n\tat com.steps.RegistrationPageSteps.iCanSeeWarningMessageAboutMissingFInput_aroundBody66(RegistrationPageSteps.java:308)\n\tat com.steps.RegistrationPageSteps$AjcClosure67.run(RegistrationPageSteps.java:1)\n\tat org.aspectj.runtime.reflect.JoinPointImpl.proceed(JoinPointImpl.java:149)\n\tat io.qameta.allure.aspects.StepsAspects.step(StepsAspects.java:50)\n\tat com.steps.RegistrationPageSteps.iCanSeeWarningMessageAboutMissingFInput(RegistrationPageSteps.java:266)\n\tat ✽.I can see warning message about missing \"country\" input(file:src/test/resources/features/RegistrationPageValidators.feature:154)\n",
  "flaky" : false,
  "newFailed" : true,
  "beforeStages" : [ {
    "name" : "setUpClass",
    "time" : {
      "start" : 1576598076516,
      "stop" : 1576598076737,
      "duration" : 221
    },
    "description" : "",
    "status" : "passed",
    "steps" : [ ],
    "attachments" : [ ],
    "parameters" : [ ],
    "stepsCount" : 0,
    "attachmentsCount" : 0,
    "shouldDisplayMessage" : false,
    "hasContent" : false
  } ],
  "testStage" : {
    "description" : "TEST DESCRIPTION",
    "status" : "failed",
    "statusMessage" : "Warning message didn't contain this phrase! Country is invalid did not expect to find [true] but found [false]",
    "statusTrace" : "java.lang.AssertionError: Warning message didn't contain this phrase! Country is invalid did not expect to find [true] but found [false]\n\tat org.testng.Assert.fail(Assert.java:97)\n\tat org.testng.Assert.failNotEquals(Assert.java:969)\n\tat org.testng.Assert.assertTrue(Assert.java:43)\n\tat com.steps.RegistrationPageSteps.iCanSeeWarningMessageAboutMissingFInput_aroundBody66(RegistrationPageSteps.java:308)\n\tat com.steps.RegistrationPageSteps$AjcClosure67.run(RegistrationPageSteps.java:1)\n\tat org.aspectj.runtime.reflect.JoinPointImpl.proceed(JoinPointImpl.java:149)\n\tat io.qameta.allure.aspects.StepsAspects.step(StepsAspects.java:50)\n\tat com.steps.RegistrationPageSteps.iCanSeeWarningMessageAboutMissingFInput(RegistrationPageSteps.java:266)\n\tat ✽.I can see warning message about missing \"country\" input(file:src/test/resources/features/RegistrationPageValidators.feature:154)\n",
    "steps" : [ {
      "name" : "I open home page",
      "time" : {
        "start" : 1576598337041,
        "stop" : 1576598339032,
        "duration" : 1991
      },
      "status" : "passed",
      "steps" : [ ],
      "attachments" : [ ],
      "parameters" : [ ],
      "stepsCount" : 0,
      "attachmentsCount" : 0,
      "shouldDisplayMessage" : false,
      "hasContent" : false
    }, {
      "name" : "I click on Sign in button",
      "time" : {
        "start" : 1576598339033,
        "stop" : 1576598340144,
        "duration" : 1111
      },
      "status" : "passed",
      "steps" : [ ],
      "attachments" : [ ],
      "parameters" : [ ],
      "stepsCount" : 0,
      "attachmentsCount" : 0,
      "shouldDisplayMessage" : false,
      "hasContent" : false
    }, {
      "name" : "I write an email address",
      "time" : {
        "start" : 1576598340145,
        "stop" : 1576598340626,
        "duration" : 481
      },
      "status" : "passed",
      "steps" : [ ],
      "attachments" : [ ],
      "parameters" : [ ],
      "stepsCount" : 0,
      "attachmentsCount" : 0,
      "shouldDisplayMessage" : false,
      "hasContent" : false
    }, {
      "name" : "I click on Create An Account button",
      "time" : {
        "start" : 1576598340626,
        "stop" : 1576598340708,
        "duration" : 82
      },
      "status" : "passed",
      "steps" : [ ],
      "attachments" : [ ],
      "parameters" : [ ],
      "stepsCount" : 0,
      "attachmentsCount" : 0,
      "shouldDisplayMessage" : false,
      "hasContent" : false
    }, {
      "name" : "I can see registration page form",
      "time" : {
        "start" : 1576598340708,
        "stop" : 1576598340845,
        "duration" : 137
      },
      "status" : "passed",
      "steps" : [ ],
      "attachments" : [ ],
      "parameters" : [ ],
      "stepsCount" : 0,
      "attachmentsCount" : 0,
      "shouldDisplayMessage" : false,
      "hasContent" : false
    }, {
      "name" : "I can see registration page form",
      "time" : {
        "start" : 1576598340845,
        "stop" : 1576598340968,
        "duration" : 123
      },
      "status" : "passed",
      "steps" : [ ],
      "attachments" : [ ],
      "parameters" : [ ],
      "stepsCount" : 0,
      "attachmentsCount" : 0,
      "shouldDisplayMessage" : false,
      "hasContent" : false
    }, {
      "name" : "I choose gender",
      "time" : {
        "start" : 1576598340968,
        "stop" : 1576598341826,
        "duration" : 858
      },
      "status" : "passed",
      "steps" : [ ],
      "attachments" : [ ],
      "parameters" : [ ],
      "stepsCount" : 0,
      "attachmentsCount" : 0,
      "shouldDisplayMessage" : false,
      "hasContent" : false
    }, {
      "name" : "I write my first name",
      "time" : {
        "start" : 1576598341827,
        "stop" : 1576598341974,
        "duration" : 147
      },
      "status" : "passed",
      "steps" : [ ],
      "attachments" : [ ],
      "parameters" : [ ],
      "stepsCount" : 0,
      "attachmentsCount" : 0,
      "shouldDisplayMessage" : false,
      "hasContent" : false
    }, {
      "name" : "I write my last name",
      "time" : {
        "start" : 1576598341974,
        "stop" : 1576598342079,
        "duration" : 105
      },
      "status" : "passed",
      "steps" : [ ],
      "attachments" : [ ],
      "parameters" : [ ],
      "stepsCount" : 0,
      "attachmentsCount" : 0,
      "shouldDisplayMessage" : false,
      "hasContent" : false
    }, {
      "name" : "I write password",
      "time" : {
        "start" : 1576598342079,
        "stop" : 1576598342217,
        "duration" : 138
      },
      "status" : "passed",
      "steps" : [ ],
      "attachments" : [ ],
      "parameters" : [ ],
      "stepsCount" : 0,
      "attachmentsCount" : 0,
      "shouldDisplayMessage" : false,
      "hasContent" : false
    }, {
      "name" : "I write my address",
      "time" : {
        "start" : 1576598342217,
        "stop" : 1576598342480,
        "duration" : 263
      },
      "status" : "passed",
      "steps" : [ ],
      "attachments" : [ ],
      "parameters" : [ ],
      "stepsCount" : 0,
      "attachmentsCount" : 0,
      "shouldDisplayMessage" : false,
      "hasContent" : false
    }, {
      "name" : "I write city name",
      "time" : {
        "start" : 1576598342480,
        "stop" : 1576598342610,
        "duration" : 130
      },
      "status" : "passed",
      "steps" : [ ],
      "attachments" : [ ],
      "parameters" : [ ],
      "stepsCount" : 0,
      "attachmentsCount" : 0,
      "shouldDisplayMessage" : false,
      "hasContent" : false
    }, {
      "name" : "I choose country -",
      "time" : {
        "start" : 1576598342610,
        "stop" : 1576598342763,
        "duration" : 153
      },
      "status" : "passed",
      "steps" : [ ],
      "attachments" : [ ],
      "parameters" : [ {
        "name" : "country",
        "value" : "-"
      } ],
      "stepsCount" : 0,
      "attachmentsCount" : 0,
      "shouldDisplayMessage" : false,
      "hasContent" : true
    }, {
      "name" : "I write mobile phone",
      "time" : {
        "start" : 1576598342763,
        "stop" : 1576598342912,
        "duration" : 149
      },
      "status" : "passed",
      "steps" : [ ],
      "attachments" : [ ],
      "parameters" : [ ],
      "stepsCount" : 0,
      "attachmentsCount" : 0,
      "shouldDisplayMessage" : false,
      "hasContent" : false
    }, {
      "name" : "I write my address alias",
      "time" : {
        "start" : 1576598342912,
        "stop" : 1576598343128,
        "duration" : 216
      },
      "status" : "passed",
      "steps" : [ ],
      "attachments" : [ ],
      "parameters" : [ ],
      "stepsCount" : 0,
      "attachmentsCount" : 0,
      "shouldDisplayMessage" : false,
      "hasContent" : false
    }, {
      "name" : "I click on Register button",
      "time" : {
        "start" : 1576598343128,
        "stop" : 1576598343194,
        "duration" : 66
      },
      "status" : "passed",
      "steps" : [ ],
      "attachments" : [ ],
      "parameters" : [ ],
      "stepsCount" : 0,
      "attachmentsCount" : 0,
      "shouldDisplayMessage" : false,
      "hasContent" : false
    }, {
      "name" : "I can see warning message about missing country input",
      "time" : {
        "start" : 1576598343194,
        "stop" : 1576598343376,
        "duration" : 182
      },
      "status" : "failed",
      "statusMessage" : "Warning message didn't contain this phrase! Country is invalid did not expect to find [true] but found [false]",
      "statusTrace" : "java.lang.AssertionError: Warning message didn't contain this phrase! Country is invalid did not expect to find [true] but found [false]\n\tat org.testng.Assert.fail(Assert.java:97)\n\tat org.testng.Assert.failNotEquals(Assert.java:969)\n\tat org.testng.Assert.assertTrue(Assert.java:43)\n\tat com.steps.RegistrationPageSteps.iCanSeeWarningMessageAboutMissingFInput_aroundBody66(RegistrationPageSteps.java:308)\n\tat com.steps.RegistrationPageSteps$AjcClosure67.run(RegistrationPageSteps.java:1)\n\tat org.aspectj.runtime.reflect.JoinPointImpl.proceed(JoinPointImpl.java:149)\n\tat io.qameta.allure.aspects.StepsAspects.step(StepsAspects.java:50)\n\tat com.steps.RegistrationPageSteps.iCanSeeWarningMessageAboutMissingFInput(RegistrationPageSteps.java:266)\n\tat sun.reflect.NativeMethodAccessorImpl.invoke0(Native Method)\n\tat sun.reflect.NativeMethodAccessorImpl.invoke(NativeMethodAccessorImpl.java:62)\n\tat sun.reflect.DelegatingMethodAccessorImpl.invoke(DelegatingMethodAccessorImpl.java:43)\n\tat java.lang.reflect.Method.invoke(Method.java:498)\n\tat cucumber.runtime.Utils$1.call(Utils.java:26)\n\tat cucumber.runtime.Timeout.timeout(Timeout.java:16)\n\tat cucumber.runtime.Utils.invoke(Utils.java:20)\n\tat cucumber.runtime.java.JavaStepDefinition.execute(JavaStepDefinition.java:57)\n\tat cucumber.runner.PickleStepDefinitionMatch.runStep(PickleStepDefinitionMatch.java:50)\n\tat cucumber.runner.TestStep.executeStep(TestStep.java:65)\n\tat cucumber.runner.TestStep.run(TestStep.java:50)\n\tat cucumber.runner.PickleStepTestStep.run(PickleStepTestStep.java:43)\n\tat cucumber.runner.TestCase.run(TestCase.java:46)\n\tat cucumber.runner.Runner.runPickle(Runner.java:50)\n\tat io.cucumber.testng.TestNGCucumberRunner.runScenario(TestNGCucumberRunner.java:79)\n\tat com.TestNGRunner.scenario(TestNGRunner.java:41)\n\tat sun.reflect.GeneratedMethodAccessor29.invoke(Unknown Source)\n\tat sun.reflect.DelegatingMethodAccessorImpl.invoke(DelegatingMethodAccessorImpl.java:43)\n\tat java.lang.reflect.Method.invoke(Method.java:498)\n\tat org.testng.internal.MethodInvocationHelper.invokeMethod(MethodInvocationHelper.java:133)\n\tat org.testng.internal.TestInvoker.invokeMethod(TestInvoker.java:584)\n\tat org.testng.internal.TestInvoker.invokeTestMethod(TestInvoker.java:172)\n\tat org.testng.internal.MethodRunner.runInSequence(MethodRunner.java:46)\n\tat org.testng.internal.TestInvoker$MethodInvocationAgent.invoke(TestInvoker.java:804)\n\tat org.testng.internal.TestInvoker.invokeTestMethods(TestInvoker.java:145)\n\tat org.testng.internal.TestMethodWorker.invokeTestMethods(TestMethodWorker.java:146)\n\tat org.testng.internal.TestMethodWorker.run(TestMethodWorker.java:128)\n\tat java.util.ArrayList.forEach(ArrayList.java:1255)\n\tat org.testng.TestRunner.privateRun(TestRunner.java:770)\n\tat org.testng.TestRunner.run(TestRunner.java:591)\n\tat org.testng.SuiteRunner.runTest(SuiteRunner.java:402)\n\tat org.testng.SuiteRunner.runSequentially(SuiteRunner.java:396)\n\tat org.testng.SuiteRunner.privateRun(SuiteRunner.java:355)\n\tat org.testng.SuiteRunner.run(SuiteRunner.java:304)\n\tat org.testng.SuiteRunnerWorker.runSuite(SuiteRunnerWorker.java:53)\n\tat org.testng.SuiteRunnerWorker.run(SuiteRunnerWorker.java:96)\n\tat org.testng.TestNG.runSuitesSequentially(TestNG.java:1180)\n\tat org.testng.TestNG.runSuitesLocally(TestNG.java:1102)\n\tat org.testng.TestNG.runSuites(TestNG.java:1032)\n\tat org.testng.TestNG.run(TestNG.java:1000)\n\tat org.gradle.api.internal.tasks.testing.testng.TestNGTestClassProcessor.runTests(TestNGTestClassProcessor.java:139)\n\tat org.gradle.api.internal.tasks.testing.testng.TestNGTestClassProcessor.stop(TestNGTestClassProcessor.java:89)\n\tat org.gradle.api.internal.tasks.testing.SuiteTestClassProcessor.stop(SuiteTestClassProcessor.java:61)\n\tat sun.reflect.NativeMethodAccessorImpl.invoke0(Native Method)\n\tat sun.reflect.NativeMethodAccessorImpl.invoke(NativeMethodAccessorImpl.java:62)\n\tat sun.reflect.DelegatingMethodAccessorImpl.invoke(DelegatingMethodAccessorImpl.java:43)\n\tat java.lang.reflect.Method.invoke(Method.java:498)\n\tat org.gradle.internal.dispatch.ReflectionDispatch.dispatch(ReflectionDispatch.java:35)\n\tat org.gradle.internal.dispatch.ReflectionDispatch.dispatch(ReflectionDispatch.java:24)\n\tat org.gradle.internal.dispatch.ContextClassLoaderDispatch.dispatch(ContextClassLoaderDispatch.java:32)\n\tat org.gradle.internal.dispatch.ProxyDispatchAdapter$DispatchingInvocationHandler.invoke(ProxyDispatchAdapter.java:93)\n\tat com.sun.proxy.$Proxy1.stop(Unknown Source)\n\tat org.gradle.api.internal.tasks.testing.worker.TestWorker.stop(TestWorker.java:123)\n\tat sun.reflect.NativeMethodAccessorImpl.invoke0(Native Method)\n\tat sun.reflect.NativeMethodAccessorImpl.invoke(NativeMethodAccessorImpl.java:62)\n\tat sun.reflect.DelegatingMethodAccessorImpl.invoke(DelegatingMethodAccessorImpl.java:43)\n\tat java.lang.reflect.Method.invoke(Method.java:498)\n\tat org.gradle.internal.dispatch.ReflectionDispatch.dispatch(ReflectionDispatch.java:35)\n\tat org.gradle.internal.dispatch.ReflectionDispatch.dispatch(ReflectionDispatch.java:24)\n\tat org.gradle.internal.remote.internal.hub.MessageHubBackedObjectConnection$DispatchWrapper.dispatch(MessageHubBackedObjectConnection.java:155)\n\tat org.gradle.internal.remote.internal.hub.MessageHubBackedObjectConnection$DispatchWrapper.dispatch(MessageHubBackedObjectConnection.java:137)\n\tat org.gradle.internal.remote.internal.hub.MessageHub$Handler.run(MessageHub.java:404)\n\tat org.gradle.internal.concurrent.ExecutorPolicy$CatchAndRecordFailures.onExecute(ExecutorPolicy.java:63)\n\tat org.gradle.internal.concurrent.ManagedExecutorImpl$1.run(ManagedExecutorImpl.java:46)\n\tat java.util.concurrent.ThreadPoolExecutor.runWorker(ThreadPoolExecutor.java:1149)\n\tat java.util.concurrent.ThreadPoolExecutor$Worker.run(ThreadPoolExecutor.java:624)\n\tat org.gradle.internal.concurrent.ThreadFactoryImpl$ManagedThreadRunnable.run(ThreadFactoryImpl.java:55)\n\tat java.lang.Thread.run(Thread.java:748)\n",
      "steps" : [ ],
      "attachments" : [ ],
      "parameters" : [ {
        "name" : "stringName",
        "value" : "country"
      } ],
      "stepsCount" : 0,
      "attachmentsCount" : 0,
      "shouldDisplayMessage" : true,
      "hasContent" : true
    } ],
    "attachments" : [ {
      "uid" : "9a7edd96ed57d8df",
      "name" : "allureSaveTextLog",
      "source" : "9a7edd96ed57d8df.txt",
      "type" : "text/plain",
      "size" : 41
    }, {
      "uid" : "69aeb9526a816b01",
      "name" : "Scenario FAIL screenshot",
      "source" : "69aeb9526a816b01.png",
      "type" : "image/png",
      "size" : 38220
    } ],
    "parameters" : [ ],
    "stepsCount" : 17,
    "attachmentsCount" : 2,
    "shouldDisplayMessage" : false,
    "hasContent" : true
  },
  "afterStages" : [ {
    "name" : "tearDownClass",
    "time" : {
      "start" : 1576598423347,
      "stop" : 1576598423939,
      "duration" : 592
    },
    "description" : "",
    "status" : "passed",
    "steps" : [ ],
    "attachments" : [ ],
    "parameters" : [ ],
    "stepsCount" : 0,
    "attachmentsCount" : 0,
    "shouldDisplayMessage" : false,
    "hasContent" : false
  } ],
  "labels" : [ {
    "name" : "package",
    "value" : "com.TestNGRunner"
  }, {
    "name" : "testClass",
    "value" : "com.TestNGRunner"
  }, {
    "name" : "testMethod",
    "value" : "scenario"
  }, {
    "name" : "parentSuite",
    "value" : "Gradle suite"
  }, {
    "name" : "suite",
    "value" : "Gradle test"
  }, {
    "name" : "subSuite",
    "value" : "com.TestNGRunner"
  }, {
    "name" : "host",
    "value" : "localhost"
  }, {
    "name" : "thread",
    "value" : "5029@localhost.Test worker(9)"
  }, {
    "name" : "severity",
    "value" : "critical"
  }, {
    "name" : "resultFormat",
    "value" : "allure2"
  } ],
  "parameters" : [ {
    "name" : "arg0",
    "value" : "\"As a user I would like to see registration error when I don't fill country input\""
  }, {
    "name" : "arg1",
    "value" : "\"As a user I would like to see the error message where I made a mistake in the registration page form\""
  } ],
  "links" : [ ],
  "hidden" : false,
  "retry" : false,
  "extra" : {
    "severity" : "critical",
    "retries" : [ ],
    "categories" : [ {
      "name" : "Product defects",
      "matchedStatuses" : [ ],
      "flaky" : false
    } ],
    "history" : {
      "statistic" : {
        "failed" : 1,
        "broken" : 2,
        "skipped" : 0,
        "passed" : 27,
        "unknown" : 0,
        "total" : 30
      },
      "items" : [ {
        "uid" : "6437d76b58366b90",
        "reportUrl" : "https://travis-ci.com/kamil-nowocin/Test_Automation-automationpractice/builds/141238818/#testresult/6437d76b58366b90",
        "status" : "passed",
        "time" : {
          "start" : 1576511782213,
          "stop" : 1576511788116,
          "duration" : 5903
        }
      }, {
        "uid" : "746324e4f9de0474",
        "reportUrl" : "https://travis-ci.com/kamil-nowocin/Test_Automation-automationpractice/builds/141122597/#testresult/746324e4f9de0474",
        "status" : "passed",
        "time" : {
          "start" : 1576432987389,
          "stop" : 1576432999869,
          "duration" : 12480
        }
      }, {
        "uid" : "961b15a531cd2cb",
        "reportUrl" : "https://travis-ci.com/kamil-nowocin/Test_Automation-automationpractice/builds/141121226/#testresult/961b15a531cd2cb",
        "status" : "passed",
        "time" : {
          "start" : 1576430546087,
          "stop" : 1576430551812,
          "duration" : 5725
        }
      }, {
        "uid" : "ea9c967d65b001c",
        "reportUrl" : "https://travis-ci.com/kamil-nowocin/Test_Automation-automationpractice/builds/141118291/#testresult/ea9c967d65b001c",
        "status" : "passed",
        "time" : {
          "start" : 1576425348591,
          "stop" : 1576425364660,
          "duration" : 16069
        }
      }, {
        "uid" : "637d0cf618bcdc4b",
        "reportUrl" : "https://travis-ci.com/kamil-nowocin/Test_Automation-automationpractice/builds/141073717/#testresult/637d0cf618bcdc4b",
        "status" : "passed",
        "time" : {
          "start" : 1576338926972,
          "stop" : 1576338933137,
          "duration" : 6165
        }
      } ]
    },
    "tags" : [ ]
  },
  "source" : "55d2e25adaaf3ba7.json",
  "parameterValues" : [ "\"As a user I would like to see registration error when I don't fill country input\"", "\"As a user I would like to see the error message where I made a mistake in the registration page form\"" ]
}