{
  "uid" : "69c8ff43970893a1",
  "name" : "Runs Cucumber Feature",
  "fullName" : "com.TestNGRunner.scenario",
  "historyId" : "a409eece869a389b2226d452205ba80e",
  "time" : {
    "start" : 1575215273067,
    "stop" : 1575215329001,
    "duration" : 55934
  },
  "description" : "TEST DESCRIPTION",
  "descriptionHtml" : "<p>TEST DESCRIPTION</p>\n",
  "status" : "failed",
  "statusMessage" : "did not expect to find [true] but found [false]",
  "statusTrace" : "java.lang.AssertionError: did not expect to find [true] but found [false]\n\tat org.testng.Assert.fail(Assert.java:97)\n\tat org.testng.Assert.failNotEquals(Assert.java:969)\n\tat org.testng.Assert.assertTrue(Assert.java:43)\n\tat org.testng.Assert.assertTrue(Assert.java:53)\n\tat com.steps.RegistrationPageSteps.iCanSeeWelcomeMessage_aroundBody58(RegistrationPageSteps.java:241)\n\tat com.steps.RegistrationPageSteps$AjcClosure59.run(RegistrationPageSteps.java:1)\n\tat org.aspectj.runtime.reflect.JoinPointImpl.proceed(JoinPointImpl.java:149)\n\tat io.qameta.allure.aspects.StepsAspects.step(StepsAspects.java:50)\n\tat com.steps.RegistrationPageSteps.iCanSeeWelcomeMessage(RegistrationPageSteps.java:241)\n\tat ✽.I can see welcome message(file:src/test/resources/features/Registration.feature:59)\n",
  "flaky" : false,
  "newFailed" : true,
  "beforeStages" : [ {
    "name" : "setUpClass",
    "time" : {
      "start" : 1575215191779,
      "stop" : 1575215192051,
      "duration" : 272
    },
    "description" : "",
    "status" : "passed",
    "steps" : [ ],
    "attachments" : [ ],
    "parameters" : [ ],
    "stepsCount" : 0,
    "attachmentsCount" : 0,
    "shouldDisplayMessage" : false,
    "hasContent" : false
  } ],
  "testStage" : {
    "description" : "TEST DESCRIPTION",
    "status" : "failed",
    "statusMessage" : "did not expect to find [true] but found [false]",
    "statusTrace" : "java.lang.AssertionError: did not expect to find [true] but found [false]\n\tat org.testng.Assert.fail(Assert.java:97)\n\tat org.testng.Assert.failNotEquals(Assert.java:969)\n\tat org.testng.Assert.assertTrue(Assert.java:43)\n\tat org.testng.Assert.assertTrue(Assert.java:53)\n\tat com.steps.RegistrationPageSteps.iCanSeeWelcomeMessage_aroundBody58(RegistrationPageSteps.java:241)\n\tat com.steps.RegistrationPageSteps$AjcClosure59.run(RegistrationPageSteps.java:1)\n\tat org.aspectj.runtime.reflect.JoinPointImpl.proceed(JoinPointImpl.java:149)\n\tat io.qameta.allure.aspects.StepsAspects.step(StepsAspects.java:50)\n\tat com.steps.RegistrationPageSteps.iCanSeeWelcomeMessage(RegistrationPageSteps.java:241)\n\tat ✽.I can see welcome message(file:src/test/resources/features/Registration.feature:59)\n",
    "steps" : [ {
      "name" : "I open home page",
      "time" : {
        "start" : 1575215273586,
        "stop" : 1575215274986,
        "duration" : 1400
      },
      "status" : "passed",
      "steps" : [ ],
      "attachments" : [ ],
      "parameters" : [ ],
      "stepsCount" : 0,
      "attachmentsCount" : 0,
      "shouldDisplayMessage" : false,
      "hasContent" : false
    }, {
      "name" : "I click on Sign in button",
      "time" : {
        "start" : 1575215274987,
        "stop" : 1575215275864,
        "duration" : 877
      },
      "status" : "passed",
      "steps" : [ ],
      "attachments" : [ ],
      "parameters" : [ ],
      "stepsCount" : 0,
      "attachmentsCount" : 0,
      "shouldDisplayMessage" : false,
      "hasContent" : false
    }, {
      "name" : "I can see create an account page",
      "time" : {
        "start" : 1575215275865,
        "stop" : 1575215276025,
        "duration" : 160
      },
      "status" : "passed",
      "steps" : [ ],
      "attachments" : [ ],
      "parameters" : [ ],
      "stepsCount" : 0,
      "attachmentsCount" : 0,
      "shouldDisplayMessage" : false,
      "hasContent" : false
    }, {
      "name" : "I can see registration page form",
      "time" : {
        "start" : 1575215276025,
        "stop" : 1575215276153,
        "duration" : 128
      },
      "status" : "passed",
      "steps" : [ ],
      "attachments" : [ ],
      "parameters" : [ ],
      "stepsCount" : 0,
      "attachmentsCount" : 0,
      "shouldDisplayMessage" : false,
      "hasContent" : false
    }, {
      "name" : "I write an email address",
      "time" : {
        "start" : 1575215276153,
        "stop" : 1575215276271,
        "duration" : 118
      },
      "status" : "passed",
      "steps" : [ ],
      "attachments" : [ ],
      "parameters" : [ ],
      "stepsCount" : 0,
      "attachmentsCount" : 0,
      "shouldDisplayMessage" : false,
      "hasContent" : false
    }, {
      "name" : "I click on Create An Account button",
      "time" : {
        "start" : 1575215276271,
        "stop" : 1575215276368,
        "duration" : 97
      },
      "status" : "passed",
      "steps" : [ ],
      "attachments" : [ ],
      "parameters" : [ ],
      "stepsCount" : 0,
      "attachmentsCount" : 0,
      "shouldDisplayMessage" : false,
      "hasContent" : false
    }, {
      "name" : "I write my first name",
      "time" : {
        "start" : 1575215276368,
        "stop" : 1575215277518,
        "duration" : 1150
      },
      "status" : "passed",
      "steps" : [ ],
      "attachments" : [ ],
      "parameters" : [ ],
      "stepsCount" : 0,
      "attachmentsCount" : 0,
      "shouldDisplayMessage" : false,
      "hasContent" : false
    }, {
      "name" : "I write my last name",
      "time" : {
        "start" : 1575215277519,
        "stop" : 1575215277713,
        "duration" : 194
      },
      "status" : "passed",
      "steps" : [ ],
      "attachments" : [ ],
      "parameters" : [ ],
      "stepsCount" : 0,
      "attachmentsCount" : 0,
      "shouldDisplayMessage" : false,
      "hasContent" : false
    }, {
      "name" : "I check if email is already written and valid",
      "time" : {
        "start" : 1575215277713,
        "stop" : 1575215277754,
        "duration" : 41
      },
      "status" : "passed",
      "steps" : [ ],
      "attachments" : [ ],
      "parameters" : [ ],
      "stepsCount" : 0,
      "attachmentsCount" : 0,
      "shouldDisplayMessage" : false,
      "hasContent" : false
    }, {
      "name" : "I write password",
      "time" : {
        "start" : 1575215277754,
        "stop" : 1575215277936,
        "duration" : 182
      },
      "status" : "passed",
      "steps" : [ ],
      "attachments" : [ ],
      "parameters" : [ ],
      "stepsCount" : 0,
      "attachmentsCount" : 0,
      "shouldDisplayMessage" : false,
      "hasContent" : false
    }, {
      "name" : "I check if my first & last name are already written and are correct",
      "time" : {
        "start" : 1575215277937,
        "stop" : 1575215278135,
        "duration" : 198
      },
      "status" : "passed",
      "steps" : [ ],
      "attachments" : [ ],
      "parameters" : [ ],
      "stepsCount" : 0,
      "attachmentsCount" : 0,
      "shouldDisplayMessage" : false,
      "hasContent" : false
    }, {
      "name" : "I write my address",
      "time" : {
        "start" : 1575215278136,
        "stop" : 1575215278406,
        "duration" : 270
      },
      "status" : "passed",
      "steps" : [ ],
      "attachments" : [ ],
      "parameters" : [ ],
      "stepsCount" : 0,
      "attachmentsCount" : 0,
      "shouldDisplayMessage" : false,
      "hasContent" : false
    }, {
      "name" : "I choose country United States",
      "time" : {
        "start" : 1575215278409,
        "stop" : 1575215278511,
        "duration" : 102
      },
      "status" : "passed",
      "steps" : [ ],
      "attachments" : [ ],
      "parameters" : [ {
        "name" : "country",
        "value" : "United States"
      } ],
      "stepsCount" : 0,
      "attachmentsCount" : 0,
      "shouldDisplayMessage" : false,
      "hasContent" : true
    }, {
      "name" : "I write city name",
      "time" : {
        "start" : 1575215278511,
        "stop" : 1575215278663,
        "duration" : 152
      },
      "status" : "passed",
      "steps" : [ ],
      "attachments" : [ ],
      "parameters" : [ ],
      "stepsCount" : 0,
      "attachmentsCount" : 0,
      "shouldDisplayMessage" : false,
      "hasContent" : false
    }, {
      "name" : "I choose state",
      "time" : {
        "start" : 1575215278663,
        "stop" : 1575215279205,
        "duration" : 542
      },
      "status" : "passed",
      "steps" : [ ],
      "attachments" : [ ],
      "parameters" : [ ],
      "stepsCount" : 0,
      "attachmentsCount" : 0,
      "shouldDisplayMessage" : false,
      "hasContent" : false
    }, {
      "name" : "I write postal code",
      "time" : {
        "start" : 1575215279205,
        "stop" : 1575215279300,
        "duration" : 95
      },
      "status" : "passed",
      "steps" : [ ],
      "attachments" : [ ],
      "parameters" : [ ],
      "stepsCount" : 0,
      "attachmentsCount" : 0,
      "shouldDisplayMessage" : false,
      "hasContent" : false
    }, {
      "name" : "I write mobile phone",
      "time" : {
        "start" : 1575215279301,
        "stop" : 1575215279468,
        "duration" : 167
      },
      "status" : "passed",
      "steps" : [ ],
      "attachments" : [ ],
      "parameters" : [ ],
      "stepsCount" : 0,
      "attachmentsCount" : 0,
      "shouldDisplayMessage" : false,
      "hasContent" : false
    }, {
      "name" : "I write my address alias",
      "time" : {
        "start" : 1575215279469,
        "stop" : 1575215279709,
        "duration" : 240
      },
      "status" : "passed",
      "steps" : [ ],
      "attachments" : [ ],
      "parameters" : [ ],
      "stepsCount" : 0,
      "attachmentsCount" : 0,
      "shouldDisplayMessage" : false,
      "hasContent" : false
    }, {
      "name" : "I click on Register button",
      "time" : {
        "start" : 1575215279709,
        "stop" : 1575215283583,
        "duration" : 3874
      },
      "status" : "passed",
      "steps" : [ ],
      "attachments" : [ ],
      "parameters" : [ ],
      "stepsCount" : 0,
      "attachmentsCount" : 0,
      "shouldDisplayMessage" : false,
      "hasContent" : false
    }, {
      "name" : "I can see welcome message",
      "time" : {
        "start" : 1575215283583,
        "stop" : 1575215328682,
        "duration" : 45099
      },
      "status" : "failed",
      "statusMessage" : "did not expect to find [true] but found [false]",
      "statusTrace" : "java.lang.AssertionError: did not expect to find [true] but found [false]\n\tat org.testng.Assert.fail(Assert.java:97)\n\tat org.testng.Assert.failNotEquals(Assert.java:969)\n\tat org.testng.Assert.assertTrue(Assert.java:43)\n\tat org.testng.Assert.assertTrue(Assert.java:53)\n\tat com.steps.RegistrationPageSteps.iCanSeeWelcomeMessage_aroundBody58(RegistrationPageSteps.java:241)\n\tat com.steps.RegistrationPageSteps$AjcClosure59.run(RegistrationPageSteps.java:1)\n\tat org.aspectj.runtime.reflect.JoinPointImpl.proceed(JoinPointImpl.java:149)\n\tat io.qameta.allure.aspects.StepsAspects.step(StepsAspects.java:50)\n\tat com.steps.RegistrationPageSteps.iCanSeeWelcomeMessage(RegistrationPageSteps.java:241)\n\tat sun.reflect.NativeMethodAccessorImpl.invoke0(Native Method)\n\tat sun.reflect.NativeMethodAccessorImpl.invoke(NativeMethodAccessorImpl.java:62)\n\tat sun.reflect.DelegatingMethodAccessorImpl.invoke(DelegatingMethodAccessorImpl.java:43)\n\tat java.lang.reflect.Method.invoke(Method.java:498)\n\tat cucumber.runtime.Utils$1.call(Utils.java:26)\n\tat cucumber.runtime.Timeout.timeout(Timeout.java:16)\n\tat cucumber.runtime.Utils.invoke(Utils.java:20)\n\tat cucumber.runtime.java.JavaStepDefinition.execute(JavaStepDefinition.java:57)\n\tat cucumber.runner.PickleStepDefinitionMatch.runStep(PickleStepDefinitionMatch.java:50)\n\tat cucumber.runner.TestStep.executeStep(TestStep.java:65)\n\tat cucumber.runner.TestStep.run(TestStep.java:50)\n\tat cucumber.runner.PickleStepTestStep.run(PickleStepTestStep.java:43)\n\tat cucumber.runner.TestCase.run(TestCase.java:46)\n\tat cucumber.runner.Runner.runPickle(Runner.java:50)\n\tat io.cucumber.testng.TestNGCucumberRunner.runScenario(TestNGCucumberRunner.java:79)\n\tat com.TestNGRunner.scenario(TestNGRunner.java:41)\n\tat sun.reflect.NativeMethodAccessorImpl.invoke0(Native Method)\n\tat sun.reflect.NativeMethodAccessorImpl.invoke(NativeMethodAccessorImpl.java:62)\n\tat sun.reflect.DelegatingMethodAccessorImpl.invoke(DelegatingMethodAccessorImpl.java:43)\n\tat java.lang.reflect.Method.invoke(Method.java:498)\n\tat org.testng.internal.MethodInvocationHelper.invokeMethod(MethodInvocationHelper.java:133)\n\tat org.testng.internal.TestInvoker.invokeMethod(TestInvoker.java:584)\n\tat org.testng.internal.TestInvoker.invokeTestMethod(TestInvoker.java:172)\n\tat org.testng.internal.MethodRunner.runInSequence(MethodRunner.java:46)\n\tat org.testng.internal.TestInvoker$MethodInvocationAgent.invoke(TestInvoker.java:804)\n\tat org.testng.internal.TestInvoker.invokeTestMethods(TestInvoker.java:145)\n\tat org.testng.internal.TestMethodWorker.invokeTestMethods(TestMethodWorker.java:146)\n\tat org.testng.internal.TestMethodWorker.run(TestMethodWorker.java:128)\n\tat java.util.ArrayList.forEach(ArrayList.java:1255)\n\tat org.testng.TestRunner.privateRun(TestRunner.java:770)\n\tat org.testng.TestRunner.run(TestRunner.java:591)\n\tat org.testng.SuiteRunner.runTest(SuiteRunner.java:402)\n\tat org.testng.SuiteRunner.runSequentially(SuiteRunner.java:396)\n\tat org.testng.SuiteRunner.privateRun(SuiteRunner.java:355)\n\tat org.testng.SuiteRunner.run(SuiteRunner.java:304)\n\tat org.testng.SuiteRunnerWorker.runSuite(SuiteRunnerWorker.java:53)\n\tat org.testng.SuiteRunnerWorker.run(SuiteRunnerWorker.java:96)\n\tat org.testng.TestNG.runSuitesSequentially(TestNG.java:1180)\n\tat org.testng.TestNG.runSuitesLocally(TestNG.java:1102)\n\tat org.testng.TestNG.runSuites(TestNG.java:1032)\n\tat org.testng.TestNG.run(TestNG.java:1000)\n\tat org.gradle.api.internal.tasks.testing.testng.TestNGTestClassProcessor.runTests(TestNGTestClassProcessor.java:139)\n\tat org.gradle.api.internal.tasks.testing.testng.TestNGTestClassProcessor.stop(TestNGTestClassProcessor.java:89)\n\tat org.gradle.api.internal.tasks.testing.SuiteTestClassProcessor.stop(SuiteTestClassProcessor.java:61)\n\tat sun.reflect.NativeMethodAccessorImpl.invoke0(Native Method)\n\tat sun.reflect.NativeMethodAccessorImpl.invoke(NativeMethodAccessorImpl.java:62)\n\tat sun.reflect.DelegatingMethodAccessorImpl.invoke(DelegatingMethodAccessorImpl.java:43)\n\tat java.lang.reflect.Method.invoke(Method.java:498)\n\tat org.gradle.internal.dispatch.ReflectionDispatch.dispatch(ReflectionDispatch.java:35)\n\tat org.gradle.internal.dispatch.ReflectionDispatch.dispatch(ReflectionDispatch.java:24)\n\tat org.gradle.internal.dispatch.ContextClassLoaderDispatch.dispatch(ContextClassLoaderDispatch.java:32)\n\tat org.gradle.internal.dispatch.ProxyDispatchAdapter$DispatchingInvocationHandler.invoke(ProxyDispatchAdapter.java:93)\n\tat com.sun.proxy.$Proxy1.stop(Unknown Source)\n\tat org.gradle.api.internal.tasks.testing.worker.TestWorker.stop(TestWorker.java:123)\n\tat sun.reflect.NativeMethodAccessorImpl.invoke0(Native Method)\n\tat sun.reflect.NativeMethodAccessorImpl.invoke(NativeMethodAccessorImpl.java:62)\n\tat sun.reflect.DelegatingMethodAccessorImpl.invoke(DelegatingMethodAccessorImpl.java:43)\n\tat java.lang.reflect.Method.invoke(Method.java:498)\n\tat org.gradle.internal.dispatch.ReflectionDispatch.dispatch(ReflectionDispatch.java:35)\n\tat org.gradle.internal.dispatch.ReflectionDispatch.dispatch(ReflectionDispatch.java:24)\n\tat org.gradle.internal.remote.internal.hub.MessageHubBackedObjectConnection$DispatchWrapper.dispatch(MessageHubBackedObjectConnection.java:155)\n\tat org.gradle.internal.remote.internal.hub.MessageHubBackedObjectConnection$DispatchWrapper.dispatch(MessageHubBackedObjectConnection.java:137)\n\tat org.gradle.internal.remote.internal.hub.MessageHub$Handler.run(MessageHub.java:404)\n\tat org.gradle.internal.concurrent.ExecutorPolicy$CatchAndRecordFailures.onExecute(ExecutorPolicy.java:63)\n\tat org.gradle.internal.concurrent.ManagedExecutorImpl$1.run(ManagedExecutorImpl.java:46)\n\tat java.util.concurrent.ThreadPoolExecutor.runWorker(ThreadPoolExecutor.java:1149)\n\tat java.util.concurrent.ThreadPoolExecutor$Worker.run(ThreadPoolExecutor.java:624)\n\tat org.gradle.internal.concurrent.ThreadFactoryImpl$ManagedThreadRunnable.run(ThreadFactoryImpl.java:55)\n\tat java.lang.Thread.run(Thread.java:748)\n",
      "steps" : [ ],
      "attachments" : [ ],
      "parameters" : [ ],
      "stepsCount" : 0,
      "attachmentsCount" : 0,
      "shouldDisplayMessage" : true,
      "hasContent" : true
    } ],
    "attachments" : [ {
      "uid" : "d30bcc894052502c",
      "name" : "allureSaveTextLog",
      "source" : "d30bcc894052502c.txt",
      "type" : "text/plain",
      "size" : 41
    }, {
      "uid" : "6ee12e531fe1ac60",
      "name" : "Scenario FAIL screenshot",
      "source" : "6ee12e531fe1ac60.png",
      "type" : "image/png",
      "size" : 17169
    } ],
    "parameters" : [ ],
    "stepsCount" : 20,
    "attachmentsCount" : 2,
    "shouldDisplayMessage" : false,
    "hasContent" : true
  },
  "afterStages" : [ {
    "name" : "tearDownClass",
    "time" : {
      "start" : 1575215477260,
      "stop" : 1575215477941,
      "duration" : 681
    },
    "description" : "",
    "status" : "passed",
    "steps" : [ ],
    "attachments" : [ ],
    "parameters" : [ ],
    "stepsCount" : 0,
    "attachmentsCount" : 0,
    "shouldDisplayMessage" : false,
    "hasContent" : false
  } ],
  "labels" : [ {
    "name" : "package",
    "value" : "com.TestNGRunner"
  }, {
    "name" : "testClass",
    "value" : "com.TestNGRunner"
  }, {
    "name" : "testMethod",
    "value" : "scenario"
  }, {
    "name" : "parentSuite",
    "value" : "Gradle suite"
  }, {
    "name" : "suite",
    "value" : "Gradle test"
  }, {
    "name" : "subSuite",
    "value" : "com.TestNGRunner"
  }, {
    "name" : "host",
    "value" : "localhost"
  }, {
    "name" : "thread",
    "value" : "5006@localhost.Test worker(9)"
  }, {
    "name" : "severity",
    "value" : "critical"
  }, {
    "name" : "resultFormat",
    "value" : "allure2"
  } ],
  "parameters" : [ {
    "name" : "arg0",
    "value" : "\"As a user I can create an account - all required fields are filled up correctly (positive flow)\""
  }, {
    "name" : "arg1",
    "value" : "\"As a user I would like to register into automationpractice.com\""
  } ],
  "links" : [ ],
  "hidden" : false,
  "retry" : false,
  "extra" : {
    "severity" : "critical",
    "retries" : [ ],
    "categories" : [ {
      "name" : "Product defects",
      "matchedStatuses" : [ ],
      "flaky" : false
    } ],
    "history" : {
      "statistic" : {
        "failed" : 1,
        "broken" : 0,
        "skipped" : 0,
        "passed" : 11,
        "unknown" : 0,
        "total" : 12
      },
      "items" : [ {
        "uid" : "4805b4b29470b760",
        "reportUrl" : "https://travis-ci.com/kamil-nowocin/Test_Automation-automationpractice/builds/138789615/#testresult/4805b4b29470b760",
        "status" : "passed",
        "time" : {
          "start" : 1575128832495,
          "stop" : 1575128840300,
          "duration" : 7805
        }
      }, {
        "uid" : "b424f9885a4a7437",
        "reportUrl" : "https://travis-ci.com/kamil-nowocin/Test_Automation-automationpractice/builds/138728149/#testresult/b424f9885a4a7437",
        "status" : "passed",
        "time" : {
          "start" : 1575042401832,
          "stop" : 1575042409886,
          "duration" : 8054
        }
      }, {
        "uid" : "da1469e99e746295",
        "reportUrl" : "https://travis-ci.com/kamil-nowocin/Test_Automation-automationpractice/builds/138596448/#testresult/da1469e99e746295",
        "status" : "passed",
        "time" : {
          "start" : 1574956185338,
          "stop" : 1574956195720,
          "duration" : 10382
        }
      }, {
        "uid" : "f331538b900060b2",
        "reportUrl" : "https://travis-ci.com/kamil-nowocin/Test_Automation-automationpractice/builds/138439417/#testresult/f331538b900060b2",
        "status" : "passed",
        "time" : {
          "start" : 1574869570889,
          "stop" : 1574869579308,
          "duration" : 8419
        }
      }, {
        "uid" : "9361b6848c8d71a1",
        "reportUrl" : "https://travis-ci.com/kamil-nowocin/Test_Automation-automationpractice/builds/138259564/#testresult/9361b6848c8d71a1",
        "status" : "passed",
        "time" : {
          "start" : 1574783146470,
          "stop" : 1574783156002,
          "duration" : 9532
        }
      } ]
    },
    "tags" : [ ]
  },
  "source" : "69c8ff43970893a1.json",
  "parameterValues" : [ "\"As a user I can create an account - all required fields are filled up correctly (positive flow)\"", "\"As a user I would like to register into automationpractice.com\"" ]
}