{
  "uid" : "6c947b9727601c67",
  "name" : "[US-444]/[3] I would like to see registration error, when I don't fill email input",
  "fullName" : "tests.WebAPP.RegistrationValidators_Tests.test_3",
  "historyId" : "dbd1e3ef4d935de9e3362a0bfa77242a",
  "time" : {
    "start" : 1592688652695,
    "stop" : 1592688675078,
    "duration" : 22383
  },
  "description" : "[US-444]/[3] As a user I would like to see registration error, when I don't fill email input",
  "descriptionHtml" : "<p>[US-444]/[3] As a user I would like to see registration error, when I don't fill email input</p>\n",
  "status" : "broken",
  "statusMessage" : "Expected condition failed: waiting for element to be clickable: [[ChromeDriver: chrome on LINUX (f8926aac5437146e9ea74443a4f3372f)] -> xpath: //select[@id='days']] (tried for 15 second(s) with 500 milliseconds interval)\nBuild info: version: '3.141.59', revision: 'e82be7d358', time: '2018-11-14T08:17:03'\nSystem info: host: 'travis-job-4c1e0e6a-9003-45ed-962a-c7395d5d90e7', ip: '127.0.0.1', os.name: 'Linux', os.arch: 'amd64', os.version: '5.0.0-1031-gcp', java.version: '14.0.1'\nDriver info: org.openqa.selenium.chrome.ChromeDriver\nCapabilities {acceptInsecureCerts: false, browserName: chrome, browserVersion: 83.0.4103.106, chrome: {chromedriverVersion: 83.0.4103.39 (ccbf011cb2d2b..., userDataDir: /tmp/.com.google.Chrome.uL23Ct}, goog:chromeOptions: {debuggerAddress: localhost:34147}, javascriptEnabled: true, networkConnectionEnabled: false, pageLoadStrategy: normal, platform: LINUX, platformName: LINUX, proxy: Proxy(), setWindowRect: true, strictFileInteractability: false, timeouts: {implicit: 0, pageLoad: 300000, script: 30000}, unhandledPromptBehavior: dismiss and notify, webauthn:virtualAuthenticators: true}\nSession ID: f8926aac5437146e9ea74443a4f3372f",
  "statusTrace" : "org.openqa.selenium.TimeoutException: Expected condition failed: waiting for element to be clickable: [[ChromeDriver: chrome on LINUX (f8926aac5437146e9ea74443a4f3372f)] -> xpath: //select[@id='days']] (tried for 15 second(s) with 500 milliseconds interval)\nBuild info: version: '3.141.59', revision: 'e82be7d358', time: '2018-11-14T08:17:03'\nSystem info: host: 'travis-job-4c1e0e6a-9003-45ed-962a-c7395d5d90e7', ip: '127.0.0.1', os.name: 'Linux', os.arch: 'amd64', os.version: '5.0.0-1031-gcp', java.version: '14.0.1'\nDriver info: org.openqa.selenium.chrome.ChromeDriver\nCapabilities {acceptInsecureCerts: false, browserName: chrome, browserVersion: 83.0.4103.106, chrome: {chromedriverVersion: 83.0.4103.39 (ccbf011cb2d2b..., userDataDir: /tmp/.com.google.Chrome.uL23Ct}, goog:chromeOptions: {debuggerAddress: localhost:34147}, javascriptEnabled: true, networkConnectionEnabled: false, pageLoadStrategy: normal, platform: LINUX, platformName: LINUX, proxy: Proxy(), setWindowRect: true, strictFileInteractability: false, timeouts: {implicit: 0, pageLoad: 300000, script: 30000}, unhandledPromptBehavior: dismiss and notify, webauthn:virtualAuthenticators: true}\nSession ID: f8926aac5437146e9ea74443a4f3372f\n\tat org.openqa.selenium.support.ui.WebDriverWait.timeoutException(WebDriverWait.java:95)\n\tat org.openqa.selenium.support.ui.FluentWait.until(FluentWait.java:272)\n\tat com.buildSettings.TestCommons.waitForElementToBeClickable(TestCommons.java:35)\n\tat com.buildSettings.TestCommons.selectFromDropdownByValue(TestCommons.java:88)\n\tat com.steps.RegistrationPageSteps.iChooseDateOfBirth(RegistrationPageSteps.java:268)\n\tat tests.WebAPP.RegistrationValidators_Tests.test_3(RegistrationValidators_Tests.java:129)\n\tat java.base/jdk.internal.reflect.NativeMethodAccessorImpl.invoke0(Native Method)\n\tat java.base/jdk.internal.reflect.NativeMethodAccessorImpl.invoke(NativeMethodAccessorImpl.java:62)\n\tat java.base/jdk.internal.reflect.DelegatingMethodAccessorImpl.invoke(DelegatingMethodAccessorImpl.java:43)\n\tat java.base/java.lang.reflect.Method.invoke(Method.java:564)\n\tat org.testng.internal.MethodInvocationHelper.invokeMethod(MethodInvocationHelper.java:134)\n\tat org.testng.internal.TestInvoker.invokeMethod(TestInvoker.java:597)\n\tat org.testng.internal.TestInvoker.retryFailed(TestInvoker.java:213)\n\tat org.testng.internal.MethodRunner.runInSequence(MethodRunner.java:58)\n\tat org.testng.internal.TestInvoker$MethodInvocationAgent.invoke(TestInvoker.java:816)\n\tat org.testng.internal.TestInvoker.invokeTestMethods(TestInvoker.java:146)\n\tat org.testng.internal.TestMethodWorker.invokeTestMethods(TestMethodWorker.java:146)\n\tat org.testng.internal.TestMethodWorker.run(TestMethodWorker.java:128)\n\tat java.base/java.util.concurrent.ThreadPoolExecutor.runWorker(ThreadPoolExecutor.java:1130)\n\tat java.base/java.util.concurrent.ThreadPoolExecutor$Worker.run(ThreadPoolExecutor.java:630)\n\tat java.base/java.lang.Thread.run(Thread.java:832)\n",
  "flaky" : false,
  "newFailed" : false,
  "beforeStages" : [ {
    "name" : "Setting up Test Class",
    "time" : {
      "start" : 1592688651770,
      "stop" : 1592688652692,
      "duration" : 922
    },
    "description" : "Setting up Test Class",
    "status" : "passed",
    "steps" : [ ],
    "attachments" : [ ],
    "parameters" : [ ],
    "stepsCount" : 0,
    "attachmentsCount" : 0,
    "shouldDisplayMessage" : false,
    "hasContent" : false
  }, {
    "name" : "Setting up Excel File",
    "time" : {
      "start" : 1592688315478,
      "stop" : 1592688315536,
      "duration" : 58
    },
    "description" : "Setting up Excel File",
    "status" : "passed",
    "steps" : [ ],
    "attachments" : [ ],
    "parameters" : [ ],
    "stepsCount" : 0,
    "attachmentsCount" : 0,
    "shouldDisplayMessage" : false,
    "hasContent" : false
  } ],
  "testStage" : {
    "description" : "[US-444]/[3] As a user I would like to see registration error, when I don't fill email input",
    "status" : "broken",
    "statusMessage" : "Expected condition failed: waiting for element to be clickable: [[ChromeDriver: chrome on LINUX (f8926aac5437146e9ea74443a4f3372f)] -> xpath: //select[@id='days']] (tried for 15 second(s) with 500 milliseconds interval)\nBuild info: version: '3.141.59', revision: 'e82be7d358', time: '2018-11-14T08:17:03'\nSystem info: host: 'travis-job-4c1e0e6a-9003-45ed-962a-c7395d5d90e7', ip: '127.0.0.1', os.name: 'Linux', os.arch: 'amd64', os.version: '5.0.0-1031-gcp', java.version: '14.0.1'\nDriver info: org.openqa.selenium.chrome.ChromeDriver\nCapabilities {acceptInsecureCerts: false, browserName: chrome, browserVersion: 83.0.4103.106, chrome: {chromedriverVersion: 83.0.4103.39 (ccbf011cb2d2b..., userDataDir: /tmp/.com.google.Chrome.uL23Ct}, goog:chromeOptions: {debuggerAddress: localhost:34147}, javascriptEnabled: true, networkConnectionEnabled: false, pageLoadStrategy: normal, platform: LINUX, platformName: LINUX, proxy: Proxy(), setWindowRect: true, strictFileInteractability: false, timeouts: {implicit: 0, pageLoad: 300000, script: 30000}, unhandledPromptBehavior: dismiss and notify, webauthn:virtualAuthenticators: true}\nSession ID: f8926aac5437146e9ea74443a4f3372f",
    "statusTrace" : "org.openqa.selenium.TimeoutException: Expected condition failed: waiting for element to be clickable: [[ChromeDriver: chrome on LINUX (f8926aac5437146e9ea74443a4f3372f)] -> xpath: //select[@id='days']] (tried for 15 second(s) with 500 milliseconds interval)\nBuild info: version: '3.141.59', revision: 'e82be7d358', time: '2018-11-14T08:17:03'\nSystem info: host: 'travis-job-4c1e0e6a-9003-45ed-962a-c7395d5d90e7', ip: '127.0.0.1', os.name: 'Linux', os.arch: 'amd64', os.version: '5.0.0-1031-gcp', java.version: '14.0.1'\nDriver info: org.openqa.selenium.chrome.ChromeDriver\nCapabilities {acceptInsecureCerts: false, browserName: chrome, browserVersion: 83.0.4103.106, chrome: {chromedriverVersion: 83.0.4103.39 (ccbf011cb2d2b..., userDataDir: /tmp/.com.google.Chrome.uL23Ct}, goog:chromeOptions: {debuggerAddress: localhost:34147}, javascriptEnabled: true, networkConnectionEnabled: false, pageLoadStrategy: normal, platform: LINUX, platformName: LINUX, proxy: Proxy(), setWindowRect: true, strictFileInteractability: false, timeouts: {implicit: 0, pageLoad: 300000, script: 30000}, unhandledPromptBehavior: dismiss and notify, webauthn:virtualAuthenticators: true}\nSession ID: f8926aac5437146e9ea74443a4f3372f\n\tat org.openqa.selenium.support.ui.WebDriverWait.timeoutException(WebDriverWait.java:95)\n\tat org.openqa.selenium.support.ui.FluentWait.until(FluentWait.java:272)\n\tat com.buildSettings.TestCommons.waitForElementToBeClickable(TestCommons.java:35)\n\tat com.buildSettings.TestCommons.selectFromDropdownByValue(TestCommons.java:88)\n\tat com.steps.RegistrationPageSteps.iChooseDateOfBirth(RegistrationPageSteps.java:268)\n\tat tests.WebAPP.RegistrationValidators_Tests.test_3(RegistrationValidators_Tests.java:129)\n\tat java.base/jdk.internal.reflect.NativeMethodAccessorImpl.invoke0(Native Method)\n\tat java.base/jdk.internal.reflect.NativeMethodAccessorImpl.invoke(NativeMethodAccessorImpl.java:62)\n\tat java.base/jdk.internal.reflect.DelegatingMethodAccessorImpl.invoke(DelegatingMethodAccessorImpl.java:43)\n\tat java.base/java.lang.reflect.Method.invoke(Method.java:564)\n\tat org.testng.internal.MethodInvocationHelper.invokeMethod(MethodInvocationHelper.java:134)\n\tat org.testng.internal.TestInvoker.invokeMethod(TestInvoker.java:597)\n\tat org.testng.internal.TestInvoker.retryFailed(TestInvoker.java:213)\n\tat org.testng.internal.MethodRunner.runInSequence(MethodRunner.java:58)\n\tat org.testng.internal.TestInvoker$MethodInvocationAgent.invoke(TestInvoker.java:816)\n\tat org.testng.internal.TestInvoker.invokeTestMethods(TestInvoker.java:146)\n\tat org.testng.internal.TestMethodWorker.invokeTestMethods(TestMethodWorker.java:146)\n\tat org.testng.internal.TestMethodWorker.run(TestMethodWorker.java:128)\n\tat java.base/java.util.concurrent.ThreadPoolExecutor.runWorker(ThreadPoolExecutor.java:1130)\n\tat java.base/java.util.concurrent.ThreadPoolExecutor$Worker.run(ThreadPoolExecutor.java:630)\n\tat java.base/java.lang.Thread.run(Thread.java:832)\n",
    "steps" : [ {
      "name" : "I open home page",
      "time" : {
        "start" : 1592688652695,
        "stop" : 1592688654677,
        "duration" : 1982
      },
      "status" : "passed",
      "steps" : [ ],
      "attachments" : [ ],
      "parameters" : [ ],
      "stepsCount" : 0,
      "attachmentsCount" : 0,
      "shouldDisplayMessage" : false,
      "hasContent" : false
    }, {
      "name" : "I can see automationpractice.com website",
      "time" : {
        "start" : 1592688654677,
        "stop" : 1592688654686,
        "duration" : 9
      },
      "status" : "passed",
      "steps" : [ ],
      "attachments" : [ ],
      "parameters" : [ ],
      "stepsCount" : 0,
      "attachmentsCount" : 0,
      "shouldDisplayMessage" : false,
      "hasContent" : false
    }, {
      "name" : "I click on Sign in button",
      "time" : {
        "start" : 1592688654686,
        "stop" : 1592688655982,
        "duration" : 1296
      },
      "status" : "passed",
      "steps" : [ ],
      "attachments" : [ ],
      "parameters" : [ ],
      "stepsCount" : 0,
      "attachmentsCount" : 0,
      "shouldDisplayMessage" : false,
      "hasContent" : false
    }, {
      "name" : "I write an email address",
      "time" : {
        "start" : 1592688655982,
        "stop" : 1592688656412,
        "duration" : 430
      },
      "status" : "passed",
      "steps" : [ ],
      "attachments" : [ ],
      "parameters" : [ ],
      "stepsCount" : 0,
      "attachmentsCount" : 0,
      "shouldDisplayMessage" : false,
      "hasContent" : false
    }, {
      "name" : "I click on Create An Account button",
      "time" : {
        "start" : 1592688656413,
        "stop" : 1592688656842,
        "duration" : 429
      },
      "status" : "passed",
      "steps" : [ ],
      "attachments" : [ ],
      "parameters" : [ ],
      "stepsCount" : 0,
      "attachmentsCount" : 0,
      "shouldDisplayMessage" : false,
      "hasContent" : false
    }, {
      "name" : "I can see registration page form",
      "time" : {
        "start" : 1592688656842,
        "stop" : 1592688656955,
        "duration" : 113
      },
      "status" : "passed",
      "steps" : [ ],
      "attachments" : [ ],
      "parameters" : [ ],
      "stepsCount" : 0,
      "attachmentsCount" : 0,
      "shouldDisplayMessage" : false,
      "hasContent" : false
    }, {
      "name" : "I choose gender",
      "time" : {
        "start" : 1592688656955,
        "stop" : 1592688658311,
        "duration" : 1356
      },
      "status" : "passed",
      "steps" : [ ],
      "attachments" : [ ],
      "parameters" : [ ],
      "stepsCount" : 0,
      "attachmentsCount" : 0,
      "shouldDisplayMessage" : false,
      "hasContent" : false
    }, {
      "name" : "I write my first name",
      "time" : {
        "start" : 1592688658311,
        "stop" : 1592688658844,
        "duration" : 533
      },
      "status" : "passed",
      "steps" : [ ],
      "attachments" : [ ],
      "parameters" : [ ],
      "stepsCount" : 0,
      "attachmentsCount" : 0,
      "shouldDisplayMessage" : false,
      "hasContent" : false
    }, {
      "name" : "I write my last name",
      "time" : {
        "start" : 1592688658844,
        "stop" : 1592688659145,
        "duration" : 301
      },
      "status" : "passed",
      "steps" : [ ],
      "attachments" : [ ],
      "parameters" : [ ],
      "stepsCount" : 0,
      "attachmentsCount" : 0,
      "shouldDisplayMessage" : false,
      "hasContent" : false
    }, {
      "name" : "I clear my email address",
      "time" : {
        "start" : 1592688659145,
        "stop" : 1592688659291,
        "duration" : 146
      },
      "status" : "passed",
      "steps" : [ ],
      "attachments" : [ ],
      "parameters" : [ ],
      "stepsCount" : 0,
      "attachmentsCount" : 0,
      "shouldDisplayMessage" : false,
      "hasContent" : false
    }, {
      "name" : "I write password",
      "time" : {
        "start" : 1592688659291,
        "stop" : 1592688659626,
        "duration" : 335
      },
      "status" : "passed",
      "steps" : [ ],
      "attachments" : [ ],
      "parameters" : [ ],
      "stepsCount" : 0,
      "attachmentsCount" : 0,
      "shouldDisplayMessage" : false,
      "hasContent" : false
    }, {
      "name" : "I choose date of birth",
      "time" : {
        "start" : 1592688659626,
        "stop" : 1592688674861,
        "duration" : 15235
      },
      "status" : "broken",
      "statusMessage" : "Expected condition failed: waiting for element to be clickable: [[ChromeDriver: chrome on LINUX (f8926aac5437146e9ea74443a4f3372f)] -> xpath: //select[@id='days']] (tried for 15 second(s) with 500 milliseconds interval)\nBuild info: version: '3.141.59', revision: 'e82be7d358', time: '2018-11-14T08:17:03'\nSystem info: host: 'travis-job-4c1e0e6a-9003-45ed-962a-c7395d5d90e7', ip: '127.0.0.1', os.name: 'Linux', os.arch: 'amd64', os.version: '5.0.0-1031-gcp', java.version: '14.0.1'\nDriver info: org.openqa.selenium.chrome.ChromeDriver\nCapabilities {acceptInsecureCerts: false, browserName: chrome, browserVersion: 83.0.4103.106, chrome: {chromedriverVersion: 83.0.4103.39 (ccbf011cb2d2b..., userDataDir: /tmp/.com.google.Chrome.uL23Ct}, goog:chromeOptions: {debuggerAddress: localhost:34147}, javascriptEnabled: true, networkConnectionEnabled: false, pageLoadStrategy: normal, platform: LINUX, platformName: LINUX, proxy: Proxy(), setWindowRect: true, strictFileInteractability: false, timeouts: {implicit: 0, pageLoad: 300000, script: 30000}, unhandledPromptBehavior: dismiss and notify, webauthn:virtualAuthenticators: true}\nSession ID: f8926aac5437146e9ea74443a4f3372f",
      "statusTrace" : "org.openqa.selenium.TimeoutException: Expected condition failed: waiting for element to be clickable: [[ChromeDriver: chrome on LINUX (f8926aac5437146e9ea74443a4f3372f)] -> xpath: //select[@id='days']] (tried for 15 second(s) with 500 milliseconds interval)\nBuild info: version: '3.141.59', revision: 'e82be7d358', time: '2018-11-14T08:17:03'\nSystem info: host: 'travis-job-4c1e0e6a-9003-45ed-962a-c7395d5d90e7', ip: '127.0.0.1', os.name: 'Linux', os.arch: 'amd64', os.version: '5.0.0-1031-gcp', java.version: '14.0.1'\nDriver info: org.openqa.selenium.chrome.ChromeDriver\nCapabilities {acceptInsecureCerts: false, browserName: chrome, browserVersion: 83.0.4103.106, chrome: {chromedriverVersion: 83.0.4103.39 (ccbf011cb2d2b..., userDataDir: /tmp/.com.google.Chrome.uL23Ct}, goog:chromeOptions: {debuggerAddress: localhost:34147}, javascriptEnabled: true, networkConnectionEnabled: false, pageLoadStrategy: normal, platform: LINUX, platformName: LINUX, proxy: Proxy(), setWindowRect: true, strictFileInteractability: false, timeouts: {implicit: 0, pageLoad: 300000, script: 30000}, unhandledPromptBehavior: dismiss and notify, webauthn:virtualAuthenticators: true}\nSession ID: f8926aac5437146e9ea74443a4f3372f\n\tat org.openqa.selenium.support.ui.WebDriverWait.timeoutException(WebDriverWait.java:95)\n\tat org.openqa.selenium.support.ui.FluentWait.until(FluentWait.java:272)\n\tat com.buildSettings.TestCommons.waitForElementToBeClickable(TestCommons.java:35)\n\tat com.buildSettings.TestCommons.selectFromDropdownByValue(TestCommons.java:88)\n\tat com.steps.RegistrationPageSteps.iChooseDateOfBirth(RegistrationPageSteps.java:268)\n\tat tests.WebAPP.RegistrationValidators_Tests.test_3(RegistrationValidators_Tests.java:129)\n\tat java.base/jdk.internal.reflect.NativeMethodAccessorImpl.invoke0(Native Method)\n\tat java.base/jdk.internal.reflect.NativeMethodAccessorImpl.invoke(NativeMethodAccessorImpl.java:62)\n\tat java.base/jdk.internal.reflect.DelegatingMethodAccessorImpl.invoke(DelegatingMethodAccessorImpl.java:43)\n\tat java.base/java.lang.reflect.Method.invoke(Method.java:564)\n\tat org.testng.internal.MethodInvocationHelper.invokeMethod(MethodInvocationHelper.java:134)\n\tat org.testng.internal.TestInvoker.invokeMethod(TestInvoker.java:597)\n\tat org.testng.internal.TestInvoker.retryFailed(TestInvoker.java:213)\n\tat org.testng.internal.MethodRunner.runInSequence(MethodRunner.java:58)\n\tat org.testng.internal.TestInvoker$MethodInvocationAgent.invoke(TestInvoker.java:816)\n\tat org.testng.internal.TestInvoker.invokeTestMethods(TestInvoker.java:146)\n\tat org.testng.internal.TestMethodWorker.invokeTestMethods(TestMethodWorker.java:146)\n\tat org.testng.internal.TestMethodWorker.run(TestMethodWorker.java:128)\n\tat java.base/java.util.concurrent.ThreadPoolExecutor.runWorker(ThreadPoolExecutor.java:1130)\n\tat java.base/java.util.concurrent.ThreadPoolExecutor$Worker.run(ThreadPoolExecutor.java:630)\n\tat java.base/java.lang.Thread.run(Thread.java:832)\n",
      "steps" : [ ],
      "attachments" : [ ],
      "parameters" : [ ],
      "stepsCount" : 0,
      "attachmentsCount" : 0,
      "shouldDisplayMessage" : true,
      "hasContent" : true
    } ],
    "attachments" : [ {
      "uid" : "86af86a351ae2f3c",
      "name" : "Scenario FAIL screenshot",
      "source" : "86af86a351ae2f3c.png",
      "type" : "image/png",
      "size" : 37479
    }, {
      "uid" : "d9873789638eebad",
      "name" : "TestNG test FAIL logs",
      "source" : "d9873789638eebad.txt",
      "type" : "text/plain",
      "size" : 4554
    } ],
    "parameters" : [ ],
    "stepsCount" : 12,
    "attachmentsCount" : 2,
    "shouldDisplayMessage" : false,
    "hasContent" : true
  },
  "afterStages" : [ {
    "name" : "Teardown Test Class",
    "time" : {
      "start" : 1592688675079,
      "stop" : 1592688675163,
      "duration" : 84
    },
    "description" : "Teardown Test Class",
    "status" : "passed",
    "steps" : [ ],
    "attachments" : [ ],
    "parameters" : [ ],
    "stepsCount" : 0,
    "attachmentsCount" : 0,
    "shouldDisplayMessage" : false,
    "hasContent" : false
  }, {
    "name" : "Teardown Test Suite",
    "time" : {
      "start" : 1592688935090,
      "stop" : 1592688936337,
      "duration" : 1247
    },
    "description" : "Teardown Test Suite",
    "status" : "passed",
    "steps" : [ ],
    "attachments" : [ ],
    "parameters" : [ ],
    "stepsCount" : 0,
    "attachmentsCount" : 0,
    "shouldDisplayMessage" : false,
    "hasContent" : false
  } ],
  "labels" : [ {
    "name" : "package",
    "value" : "tests.WebAPP.RegistrationValidators_Tests"
  }, {
    "name" : "testClass",
    "value" : "tests.WebAPP.RegistrationValidators_Tests"
  }, {
    "name" : "testMethod",
    "value" : "test_3"
  }, {
    "name" : "parentSuite",
    "value" : "Automationpractice.com WEB - Kamil Nowocin"
  }, {
    "name" : "suite",
    "value" : "Automated tests for WEB client"
  }, {
    "name" : "subSuite",
    "value" : "tests.WebAPP.RegistrationValidators_Tests"
  }, {
    "name" : "host",
    "value" : "travis-job-4c1e0e6a-9003-45ed-962a-c7395d5d90e7"
  }, {
    "name" : "thread",
    "value" : "6315@travis-job-4c1e0e6a-9003-45ed-962a-c7395d5d90e7.TestNG-test=Automated tests for WEB client-1(37)"
  }, {
    "name" : "framework",
    "value" : "testng"
  }, {
    "name" : "language",
    "value" : "java"
  }, {
    "name" : "owner",
    "value" : "Kamil Nowocin"
  }, {
    "name" : "story",
    "value" : "NEGATIVE FLOW"
  }, {
    "name" : "feature",
    "value" : "REGISTRATION VALIDATORS TESTS"
  }, {
    "name" : "epic",
    "value" : "Web App Tests"
  }, {
    "name" : "severity",
    "value" : "normal"
  }, {
    "name" : "resultFormat",
    "value" : "allure2"
  } ],
  "parameters" : [ ],
  "links" : [ {
    "name" : "TAP-0022",
    "url" : "https://tracker.FAKE.com/jira/browse/AUTOMATION_PRACTICE/issue/TAP-0022",
    "type" : "issue"
  }, {
    "name" : "STORY-444",
    "url" : "https://tracker.FAKE.com/jira/browse/AUTOMATION_PRACTICE/STORY-444",
    "type" : "tms"
  } ],
  "hidden" : false,
  "retry" : false,
  "extra" : {
    "severity" : "normal",
    "owner" : "Kamil Nowocin",
    "retries" : [ {
      "uid" : "d3c2c0e68200eb92",
      "status" : "skipped",
      "statusDetails" : "Expected condition failed: waiting for element to be clickable: [[ChromeDriver: chrome on LINUX (bc5cdba509341f3bd54b8d3d782c5ded)] -> xpath: //select[@id='days']] (tried for 15 second(s) with 500 milliseconds interval)\nBuild info: version: '3.141.59', revision: 'e82be7d358', time: '2018-11-14T08:17:03'\nSystem info: host: 'travis-job-4c1e0e6a-9003-45ed-962a-c7395d5d90e7', ip: '127.0.0.1', os.name: 'Linux', os.arch: 'amd64', os.version: '5.0.0-1031-gcp', java.version: '14.0.1'\nDriver info: org.openqa.selenium.chrome.ChromeDriver\nCapabilities {acceptInsecureCerts: false, browserName: chrome, browserVersion: 83.0.4103.106, chrome: {chromedriverVersion: 83.0.4103.39 (ccbf011cb2d2b..., userDataDir: /tmp/.com.google.Chrome.5sdbT9}, goog:chromeOptions: {debuggerAddress: localhost:40603}, javascriptEnabled: true, networkConnectionEnabled: false, pageLoadStrategy: normal, platform: LINUX, platformName: LINUX, proxy: Proxy(), setWindowRect: true, strictFileInteractability: false, timeouts: {implicit: 0, pageLoad: 300000, script: 30000}, unhandledPromptBehavior: dismiss and notify, webauthn:virtualAuthenticators: true}\nSession ID: bc5cdba509341f3bd54b8d3d782c5ded",
      "time" : {
        "start" : 1592688630460,
        "stop" : 1592688651659,
        "duration" : 21199
      }
    } ],
    "categories" : [ {
      "name" : "Test defects",
      "matchedStatuses" : [ ],
      "flaky" : false
    } ],
    "history" : {
      "statistic" : {
        "failed" : 1,
        "broken" : 6,
        "skipped" : 14,
        "passed" : 126,
        "unknown" : 0,
        "total" : 147
      },
      "items" : [ {
        "uid" : "105d87575a62c972",
        "reportUrl" : "https://travis-ci.com/kamil-nowocin/Test_Automation-automationpractice/builds/172348583/#testresult/105d87575a62c972",
        "status" : "broken",
        "statusDetails" : "Expected condition failed: waiting for element to be clickable: [[ChromeDriver: chrome on LINUX (d1a3751dbae2345e3501819c2d2d0ef5)] -> xpath: //select[@id='days']] (tried for 5 second(s) with 500 milliseconds interval)\nBuild info: version: '3.141.59', revision: 'e82be7d358', time: '2018-11-14T08:17:03'\nSystem info: host: 'travis-job-9fbfe21e-f35f-442b-8fde-917cbb8d98e8', ip: '127.0.0.1', os.name: 'Linux', os.arch: 'amd64', os.version: '5.0.0-1031-gcp', java.version: '14.0.1'\nDriver info: org.openqa.selenium.chrome.ChromeDriver\nCapabilities {acceptInsecureCerts: false, browserName: chrome, browserVersion: 83.0.4103.106, chrome: {chromedriverVersion: 83.0.4103.39 (ccbf011cb2d2b..., userDataDir: /tmp/.com.google.Chrome.cHrZQR}, goog:chromeOptions: {debuggerAddress: localhost:32789}, javascriptEnabled: true, networkConnectionEnabled: false, pageLoadStrategy: normal, platform: LINUX, platformName: LINUX, proxy: Proxy(), setWindowRect: true, strictFileInteractability: false, timeouts: {implicit: 0, pageLoad: 300000, script: 30000}, unhandledPromptBehavior: dismiss and notify, webauthn:virtualAuthenticators: true}\nSession ID: d1a3751dbae2345e3501819c2d2d0ef5",
        "time" : {
          "start" : 1592687857033,
          "stop" : 1592687869915,
          "duration" : 12882
        }
      }, {
        "uid" : "98406f25777f512f",
        "reportUrl" : "https://travis-ci.com/kamil-nowocin/Test_Automation-automationpractice/builds/172327372/#testresult/98406f25777f512f",
        "status" : "passed",
        "time" : {
          "start" : 1592668566152,
          "stop" : 1592668575063,
          "duration" : 8911
        }
      }, {
        "uid" : "db8b61955305549f",
        "reportUrl" : "https://travis-ci.com/kamil-nowocin/Test_Automation-automationpractice/builds/172234351/#testresult/db8b61955305549f",
        "status" : "passed",
        "time" : {
          "start" : 1592582152093,
          "stop" : 1592582163474,
          "duration" : 11381
        }
      }, {
        "uid" : "22fd21f7b3d502ed",
        "reportUrl" : "https://travis-ci.com/kamil-nowocin/Test_Automation-automationpractice/builds/172068674/#testresult/22fd21f7b3d502ed",
        "status" : "passed",
        "time" : {
          "start" : 1592495713484,
          "stop" : 1592495734716,
          "duration" : 21232
        }
      }, {
        "uid" : "58f23217d50cb620",
        "reportUrl" : "https://travis-ci.com/kamil-nowocin/Test_Automation-automationpractice/builds/171875054/#testresult/58f23217d50cb620",
        "status" : "passed",
        "time" : {
          "start" : 1592409266356,
          "stop" : 1592409277553,
          "duration" : 11197
        }
      } ]
    },
    "tags" : [ ]
  },
  "source" : "6c947b9727601c67.json",
  "parameterValues" : [ ]
}