{
  "uid" : "7c38b0220565148a",
  "name" : "[US-444]/[2] I would like to see registration error, when I don't fill last name input",
  "fullName" : "tests.WebAPP.RegistrationValidators_Tests.test_2",
  "historyId" : "5c9ac7b65b345205585bf71c679a06d",
  "time" : {
    "start" : 1586462194563,
    "stop" : 1586462244543,
    "duration" : 49980
  },
  "description" : "[US-444]/[2] As a user I would like to see registration error, when I don't fill last name input",
  "descriptionHtml" : "<p>[US-444]/[2] As a user I would like to see registration error, when I don't fill last name input</p>\n",
  "status" : "skipped",
  "statusMessage" : "Element wasn't displayed REGISTRATION PAGE FORM! expected [true] but found [false]",
  "statusTrace" : "java.lang.AssertionError: Element wasn't displayed REGISTRATION PAGE FORM! expected [true] but found [false]\n\tat org.testng.Assert.fail(Assert.java:97)\n\tat org.testng.Assert.failNotEquals(Assert.java:969)\n\tat org.testng.Assert.assertTrue(Assert.java:43)\n\tat com.steps.RegistrationPageSteps.iCanSeeRegistrationPageForm(RegistrationPageSteps.java:105)\n\tat tests.WebAPP.RegistrationValidators_Tests.test_2(RegistrationValidators_Tests.java:84)\n\tat sun.reflect.NativeMethodAccessorImpl.invoke0(Native Method)\n\tat sun.reflect.NativeMethodAccessorImpl.invoke(NativeMethodAccessorImpl.java:62)\n\tat sun.reflect.DelegatingMethodAccessorImpl.invoke(DelegatingMethodAccessorImpl.java:43)\n\tat java.lang.reflect.Method.invoke(Method.java:498)\n\tat org.testng.internal.MethodInvocationHelper.invokeMethod(MethodInvocationHelper.java:134)\n\tat org.testng.internal.TestInvoker.invokeMethod(TestInvoker.java:597)\n\tat org.testng.internal.TestInvoker.invokeTestMethod(TestInvoker.java:173)\n\tat org.testng.internal.MethodRunner.runInSequence(MethodRunner.java:46)\n\tat org.testng.internal.TestInvoker$MethodInvocationAgent.invoke(TestInvoker.java:816)\n\tat org.testng.internal.TestInvoker.invokeTestMethods(TestInvoker.java:146)\n\tat org.testng.internal.TestMethodWorker.invokeTestMethods(TestMethodWorker.java:146)\n\tat org.testng.internal.TestMethodWorker.run(TestMethodWorker.java:128)\n\tat java.util.concurrent.ThreadPoolExecutor.runWorker(ThreadPoolExecutor.java:1149)\n\tat java.util.concurrent.ThreadPoolExecutor$Worker.run(ThreadPoolExecutor.java:624)\n\tat java.lang.Thread.run(Thread.java:748)\n",
  "flaky" : false,
  "newFailed" : false,
  "beforeStages" : [ {
    "name" : "Setting up data Excel File",
    "time" : {
      "start" : 1586462017365,
      "stop" : 1586462019298,
      "duration" : 1933
    },
    "description" : "Setting up data Excel File",
    "status" : "passed",
    "steps" : [ ],
    "attachments" : [ ],
    "parameters" : [ ],
    "stepsCount" : 0,
    "attachmentsCount" : 0,
    "shouldDisplayMessage" : false,
    "hasContent" : false
  }, {
    "name" : "Setting up Test Class",
    "time" : {
      "start" : 1586462193980,
      "stop" : 1586462194560,
      "duration" : 580
    },
    "description" : "Setting up Test Class",
    "status" : "passed",
    "steps" : [ ],
    "attachments" : [ ],
    "parameters" : [ ],
    "stepsCount" : 0,
    "attachmentsCount" : 0,
    "shouldDisplayMessage" : false,
    "hasContent" : false
  } ],
  "testStage" : {
    "description" : "[US-444]/[2] As a user I would like to see registration error, when I don't fill last name input",
    "status" : "skipped",
    "statusMessage" : "Element wasn't displayed REGISTRATION PAGE FORM! expected [true] but found [false]",
    "statusTrace" : "java.lang.AssertionError: Element wasn't displayed REGISTRATION PAGE FORM! expected [true] but found [false]\n\tat org.testng.Assert.fail(Assert.java:97)\n\tat org.testng.Assert.failNotEquals(Assert.java:969)\n\tat org.testng.Assert.assertTrue(Assert.java:43)\n\tat com.steps.RegistrationPageSteps.iCanSeeRegistrationPageForm(RegistrationPageSteps.java:105)\n\tat tests.WebAPP.RegistrationValidators_Tests.test_2(RegistrationValidators_Tests.java:84)\n\tat sun.reflect.NativeMethodAccessorImpl.invoke0(Native Method)\n\tat sun.reflect.NativeMethodAccessorImpl.invoke(NativeMethodAccessorImpl.java:62)\n\tat sun.reflect.DelegatingMethodAccessorImpl.invoke(DelegatingMethodAccessorImpl.java:43)\n\tat java.lang.reflect.Method.invoke(Method.java:498)\n\tat org.testng.internal.MethodInvocationHelper.invokeMethod(MethodInvocationHelper.java:134)\n\tat org.testng.internal.TestInvoker.invokeMethod(TestInvoker.java:597)\n\tat org.testng.internal.TestInvoker.invokeTestMethod(TestInvoker.java:173)\n\tat org.testng.internal.MethodRunner.runInSequence(MethodRunner.java:46)\n\tat org.testng.internal.TestInvoker$MethodInvocationAgent.invoke(TestInvoker.java:816)\n\tat org.testng.internal.TestInvoker.invokeTestMethods(TestInvoker.java:146)\n\tat org.testng.internal.TestMethodWorker.invokeTestMethods(TestMethodWorker.java:146)\n\tat org.testng.internal.TestMethodWorker.run(TestMethodWorker.java:128)\n\tat java.util.concurrent.ThreadPoolExecutor.runWorker(ThreadPoolExecutor.java:1149)\n\tat java.util.concurrent.ThreadPoolExecutor$Worker.run(ThreadPoolExecutor.java:624)\n\tat java.lang.Thread.run(Thread.java:748)\n",
    "steps" : [ {
      "name" : "I open home page",
      "time" : {
        "start" : 1586462194565,
        "stop" : 1586462196491,
        "duration" : 1926
      },
      "status" : "passed",
      "steps" : [ ],
      "attachments" : [ ],
      "parameters" : [ ],
      "stepsCount" : 0,
      "attachmentsCount" : 0,
      "shouldDisplayMessage" : false,
      "hasContent" : false
    }, {
      "name" : "I can see automationpractice.com website",
      "time" : {
        "start" : 1586462196492,
        "stop" : 1586462196501,
        "duration" : 9
      },
      "status" : "passed",
      "steps" : [ ],
      "attachments" : [ ],
      "parameters" : [ ],
      "stepsCount" : 0,
      "attachmentsCount" : 0,
      "shouldDisplayMessage" : false,
      "hasContent" : false
    }, {
      "name" : "I click on Sign in button",
      "time" : {
        "start" : 1586462196501,
        "stop" : 1586462198256,
        "duration" : 1755
      },
      "status" : "passed",
      "steps" : [ ],
      "attachments" : [ ],
      "parameters" : [ ],
      "stepsCount" : 0,
      "attachmentsCount" : 0,
      "shouldDisplayMessage" : false,
      "hasContent" : false
    }, {
      "name" : "I write an email address",
      "time" : {
        "start" : 1586462198256,
        "stop" : 1586462198480,
        "duration" : 224
      },
      "status" : "passed",
      "steps" : [ ],
      "attachments" : [ ],
      "parameters" : [ ],
      "stepsCount" : 0,
      "attachmentsCount" : 0,
      "shouldDisplayMessage" : false,
      "hasContent" : false
    }, {
      "name" : "I click on Create An Account button",
      "time" : {
        "start" : 1586462198480,
        "stop" : 1586462199412,
        "duration" : 932
      },
      "status" : "passed",
      "steps" : [ ],
      "attachments" : [ ],
      "parameters" : [ ],
      "stepsCount" : 0,
      "attachmentsCount" : 0,
      "shouldDisplayMessage" : false,
      "hasContent" : false
    }, {
      "name" : "I can see registration page form",
      "time" : {
        "start" : 1586462199412,
        "stop" : 1586462244543,
        "duration" : 45131
      },
      "status" : "failed",
      "statusMessage" : "Element wasn't displayed REGISTRATION PAGE FORM! expected [true] but found [false]",
      "statusTrace" : "java.lang.AssertionError: Element wasn't displayed REGISTRATION PAGE FORM! expected [true] but found [false]\n\tat org.testng.Assert.fail(Assert.java:97)\n\tat org.testng.Assert.failNotEquals(Assert.java:969)\n\tat org.testng.Assert.assertTrue(Assert.java:43)\n\tat com.steps.RegistrationPageSteps.iCanSeeRegistrationPageForm(RegistrationPageSteps.java:105)\n\tat tests.WebAPP.RegistrationValidators_Tests.test_2(RegistrationValidators_Tests.java:84)\n\tat sun.reflect.NativeMethodAccessorImpl.invoke0(Native Method)\n\tat sun.reflect.NativeMethodAccessorImpl.invoke(NativeMethodAccessorImpl.java:62)\n\tat sun.reflect.DelegatingMethodAccessorImpl.invoke(DelegatingMethodAccessorImpl.java:43)\n\tat java.lang.reflect.Method.invoke(Method.java:498)\n\tat org.testng.internal.MethodInvocationHelper.invokeMethod(MethodInvocationHelper.java:134)\n\tat org.testng.internal.TestInvoker.invokeMethod(TestInvoker.java:597)\n\tat org.testng.internal.TestInvoker.invokeTestMethod(TestInvoker.java:173)\n\tat org.testng.internal.MethodRunner.runInSequence(MethodRunner.java:46)\n\tat org.testng.internal.TestInvoker$MethodInvocationAgent.invoke(TestInvoker.java:816)\n\tat org.testng.internal.TestInvoker.invokeTestMethods(TestInvoker.java:146)\n\tat org.testng.internal.TestMethodWorker.invokeTestMethods(TestMethodWorker.java:146)\n\tat org.testng.internal.TestMethodWorker.run(TestMethodWorker.java:128)\n\tat java.util.concurrent.ThreadPoolExecutor.runWorker(ThreadPoolExecutor.java:1149)\n\tat java.util.concurrent.ThreadPoolExecutor$Worker.run(ThreadPoolExecutor.java:624)\n\tat java.lang.Thread.run(Thread.java:748)\n",
      "steps" : [ ],
      "attachments" : [ ],
      "parameters" : [ ],
      "stepsCount" : 0,
      "attachmentsCount" : 0,
      "shouldDisplayMessage" : true,
      "hasContent" : true
    } ],
    "attachments" : [ ],
    "parameters" : [ ],
    "stepsCount" : 6,
    "attachmentsCount" : 0,
    "shouldDisplayMessage" : false,
    "hasContent" : true
  },
  "afterStages" : [ {
    "name" : "Teardown Test Class",
    "time" : {
      "start" : 1586462244545,
      "stop" : 1586462244615,
      "duration" : 70
    },
    "description" : "Teardown Test Class",
    "status" : "passed",
    "steps" : [ ],
    "attachments" : [ ],
    "parameters" : [ ],
    "stepsCount" : 0,
    "attachmentsCount" : 0,
    "shouldDisplayMessage" : false,
    "hasContent" : false
  } ],
  "labels" : [ {
    "name" : "package",
    "value" : "tests.WebAPP.RegistrationValidators_Tests"
  }, {
    "name" : "testClass",
    "value" : "tests.WebAPP.RegistrationValidators_Tests"
  }, {
    "name" : "testMethod",
    "value" : "test_2"
  }, {
    "name" : "parentSuite",
    "value" : "Automationpractice.com WEB - Kamil Nowocin"
  }, {
    "name" : "suite",
    "value" : "Automated tests for WEB client"
  }, {
    "name" : "subSuite",
    "value" : "tests.WebAPP.RegistrationValidators_Tests"
  }, {
    "name" : "host",
    "value" : "localhost"
  }, {
    "name" : "thread",
    "value" : "5149@localhost.TestNG-test=Automated tests for WEB client-1(13)"
  }, {
    "name" : "framework",
    "value" : "testng"
  }, {
    "name" : "language",
    "value" : "java"
  }, {
    "name" : "story",
    "value" : "NEGATIVE FLOW"
  }, {
    "name" : "owner",
    "value" : "Kamil Nowocin"
  }, {
    "name" : "feature",
    "value" : "REGISTRATION VALIDATORS TESTS"
  }, {
    "name" : "epic",
    "value" : "Web App Tests"
  }, {
    "name" : "severity",
    "value" : "normal"
  }, {
    "name" : "resultFormat",
    "value" : "allure2"
  } ],
  "parameters" : [ ],
  "links" : [ {
    "name" : "TAP-0021",
    "url" : "https://tracker.FAKE.com/jira/browse/AUTOMATION_PRACTICE/issue/TAP-0021",
    "type" : "issue"
  }, {
    "name" : "STORY-444",
    "url" : "https://tracker.FAKE.com/jira/browse/AUTOMATION_PRACTICE/STORY-444",
    "type" : "tms"
  } ],
  "hidden" : true,
  "retry" : true,
  "extra" : {
    "categories" : [ ],
    "tags" : [ ]
  },
  "source" : "7c38b0220565148a.json",
  "parameterValues" : [ ]
}