{
  "uid" : "ca979c822c8311ed",
  "name" : "AUTH FAIL NO1",
  "fullName" : "tests.WebAPP.Authentication_Tests.test3",
  "historyId" : "314b2b462b0863bec5af259878a9f6c5",
  "time" : {
    "start" : 1591739862588,
    "stop" : 1591739863409,
    "duration" : 821
  },
  "description" : "[US-111]/[1] As a user I can log into automationpractice.com using registered email \"thor.odinson@example.com\" & password \"12345\"",
  "descriptionHtml" : "<p>[US-111]/[1] As a user I can log into automationpractice.com using registered email &quot;thor.odinson@example.com&quot; &amp; password &quot;12345&quot;</p>\n",
  "status" : "failed",
  "statusMessage" : "null",
  "statusTrace" : "java.lang.AssertionError: null\n\tat org.testng.Assert.fail(Assert.java:97)\n\tat org.testng.Assert.fail(Assert.java:102)\n\tat tests.WebAPP.Authentication_Tests.test3(Authentication_Tests.java:89)\n\tat java.base/jdk.internal.reflect.NativeMethodAccessorImpl.invoke0(Native Method)\n\tat java.base/jdk.internal.reflect.NativeMethodAccessorImpl.invoke(NativeMethodAccessorImpl.java:62)\n\tat java.base/jdk.internal.reflect.DelegatingMethodAccessorImpl.invoke(DelegatingMethodAccessorImpl.java:43)\n\tat java.base/java.lang.reflect.Method.invoke(Method.java:564)\n\tat org.testng.internal.MethodInvocationHelper.invokeMethod(MethodInvocationHelper.java:134)\n\tat org.testng.internal.TestInvoker.invokeMethod(TestInvoker.java:597)\n\tat org.testng.internal.TestInvoker.retryFailed(TestInvoker.java:213)\n\tat org.testng.internal.MethodRunner.runInSequence(MethodRunner.java:58)\n\tat org.testng.internal.TestInvoker$MethodInvocationAgent.invoke(TestInvoker.java:816)\n\tat org.testng.internal.TestInvoker.invokeTestMethods(TestInvoker.java:146)\n\tat org.testng.internal.TestMethodWorker.invokeTestMethods(TestMethodWorker.java:146)\n\tat org.testng.internal.TestMethodWorker.run(TestMethodWorker.java:128)\n\tat java.base/java.util.concurrent.ThreadPoolExecutor.runWorker(ThreadPoolExecutor.java:1130)\n\tat java.base/java.util.concurrent.ThreadPoolExecutor$Worker.run(ThreadPoolExecutor.java:630)\n\tat java.base/java.lang.Thread.run(Thread.java:832)\n",
  "flaky" : false,
  "newFailed" : false,
  "beforeStages" : [ {
    "name" : "Setting up Test Class",
    "time" : {
      "start" : 1591739861967,
      "stop" : 1591739862586,
      "duration" : 619
    },
    "description" : "Setting up Test Class",
    "status" : "passed",
    "steps" : [ ],
    "attachments" : [ ],
    "parameters" : [ ],
    "stepsCount" : 0,
    "attachmentsCount" : 0,
    "shouldDisplayMessage" : false,
    "hasContent" : false
  }, {
    "name" : "Setting up Excel File",
    "time" : {
      "start" : 1591739860645,
      "stop" : 1591739861246,
      "duration" : 601
    },
    "description" : "Setting up Excel File",
    "status" : "passed",
    "steps" : [ ],
    "attachments" : [ ],
    "parameters" : [ ],
    "stepsCount" : 0,
    "attachmentsCount" : 0,
    "shouldDisplayMessage" : false,
    "hasContent" : false
  } ],
  "testStage" : {
    "description" : "[US-111]/[1] As a user I can log into automationpractice.com using registered email \"thor.odinson@example.com\" & password \"12345\"",
    "status" : "failed",
    "statusMessage" : "null",
    "statusTrace" : "java.lang.AssertionError: null\n\tat org.testng.Assert.fail(Assert.java:97)\n\tat org.testng.Assert.fail(Assert.java:102)\n\tat tests.WebAPP.Authentication_Tests.test3(Authentication_Tests.java:89)\n\tat java.base/jdk.internal.reflect.NativeMethodAccessorImpl.invoke0(Native Method)\n\tat java.base/jdk.internal.reflect.NativeMethodAccessorImpl.invoke(NativeMethodAccessorImpl.java:62)\n\tat java.base/jdk.internal.reflect.DelegatingMethodAccessorImpl.invoke(DelegatingMethodAccessorImpl.java:43)\n\tat java.base/java.lang.reflect.Method.invoke(Method.java:564)\n\tat org.testng.internal.MethodInvocationHelper.invokeMethod(MethodInvocationHelper.java:134)\n\tat org.testng.internal.TestInvoker.invokeMethod(TestInvoker.java:597)\n\tat org.testng.internal.TestInvoker.retryFailed(TestInvoker.java:213)\n\tat org.testng.internal.MethodRunner.runInSequence(MethodRunner.java:58)\n\tat org.testng.internal.TestInvoker$MethodInvocationAgent.invoke(TestInvoker.java:816)\n\tat org.testng.internal.TestInvoker.invokeTestMethods(TestInvoker.java:146)\n\tat org.testng.internal.TestMethodWorker.invokeTestMethods(TestMethodWorker.java:146)\n\tat org.testng.internal.TestMethodWorker.run(TestMethodWorker.java:128)\n\tat java.base/java.util.concurrent.ThreadPoolExecutor.runWorker(ThreadPoolExecutor.java:1130)\n\tat java.base/java.util.concurrent.ThreadPoolExecutor$Worker.run(ThreadPoolExecutor.java:630)\n\tat java.base/java.lang.Thread.run(Thread.java:832)\n",
    "steps" : [ ],
    "attachments" : [ {
      "uid" : "fa214a70770da5be",
      "name" : "Scenario FAIL screenshot",
      "source" : "fa214a70770da5be.png",
      "type" : "image/png",
      "size" : 4088
    }, {
      "uid" : "835bf73cdd2e6944",
      "name" : "TestNG test FAIL logs",
      "source" : "835bf73cdd2e6944.txt",
      "type" : "text/plain",
      "size" : 2446
    } ],
    "parameters" : [ ],
    "stepsCount" : 0,
    "attachmentsCount" : 2,
    "shouldDisplayMessage" : true,
    "hasContent" : true
  },
  "afterStages" : [ {
    "name" : "Teardown Test Class",
    "time" : {
      "start" : 1591739863415,
      "stop" : 1591739863484,
      "duration" : 69
    },
    "description" : "Teardown Test Class",
    "status" : "passed",
    "steps" : [ ],
    "attachments" : [ ],
    "parameters" : [ ],
    "stepsCount" : 0,
    "attachmentsCount" : 0,
    "shouldDisplayMessage" : false,
    "hasContent" : false
  }, {
    "name" : "Teardown Test Suite",
    "time" : {
      "start" : 1591739884136,
      "stop" : 1591739884250,
      "duration" : 114
    },
    "description" : "Teardown Test Suite",
    "status" : "passed",
    "steps" : [ ],
    "attachments" : [ ],
    "parameters" : [ ],
    "stepsCount" : 0,
    "attachmentsCount" : 0,
    "shouldDisplayMessage" : false,
    "hasContent" : false
  } ],
  "labels" : [ {
    "name" : "package",
    "value" : "tests.WebAPP.Authentication_Tests"
  }, {
    "name" : "testClass",
    "value" : "tests.WebAPP.Authentication_Tests"
  }, {
    "name" : "testMethod",
    "value" : "test3"
  }, {
    "name" : "parentSuite",
    "value" : "Automationpractice.com WEB - Kamil Nowocin"
  }, {
    "name" : "suite",
    "value" : "Automated tests for WEB client"
  }, {
    "name" : "subSuite",
    "value" : "tests.WebAPP.Authentication_Tests"
  }, {
    "name" : "host",
    "value" : "travis-job-4557de14-9945-4ce5-868e-df32f565ed14"
  }, {
    "name" : "thread",
    "value" : "6493@travis-job-4557de14-9945-4ce5-868e-df32f565ed14.TestNG-test=Automated tests for WEB client-1(38)"
  }, {
    "name" : "framework",
    "value" : "testng"
  }, {
    "name" : "language",
    "value" : "java"
  }, {
    "name" : "epic",
    "value" : "Web App Tests"
  }, {
    "name" : "feature",
    "value" : "LOGIN TESTS"
  }, {
    "name" : "resultFormat",
    "value" : "allure2"
  } ],
  "parameters" : [ ],
  "links" : [ ],
  "hidden" : false,
  "retry" : false,
  "extra" : {
    "severity" : "normal",
    "retries" : [ {
      "uid" : "c4c24bcb85d7e3d1",
      "status" : "skipped",
      "statusDetails" : "null",
      "time" : {
        "start" : 1591739861888,
        "stop" : 1591739861890,
        "duration" : 2
      }
    } ],
    "categories" : [ {
      "name" : "Product defects",
      "matchedStatuses" : [ ],
      "flaky" : false
    } ],
    "history" : {
      "statistic" : {
        "failed" : 4,
        "broken" : 0,
        "skipped" : 0,
        "passed" : 0,
        "unknown" : 0,
        "total" : 4
      },
      "items" : [ {
        "uid" : "8bef26d47d2757eb",
        "reportUrl" : "https://travis-ci.com/kamil-nowocin/Test_Automation-automationpractice/builds/170594711/#testresult/8bef26d47d2757eb",
        "status" : "failed",
        "statusDetails" : "null",
        "time" : {
          "start" : 1591739123901,
          "stop" : 1591739124482,
          "duration" : 581
        }
      }, {
        "uid" : "871956cde1ff30e7",
        "reportUrl" : "https://travis-ci.com/kamil-nowocin/Test_Automation-automationpractice/builds/170585574/#testresult/871956cde1ff30e7",
        "status" : "failed",
        "statusDetails" : "null",
        "time" : {
          "start" : 1591734626954,
          "stop" : 1591734627600,
          "duration" : 646
        }
      }, {
        "uid" : "4f00fe9807d980e7",
        "reportUrl" : "https://travis-ci.com/kamil-nowocin/Test_Automation-automationpractice/builds/170583269/#testresult/4f00fe9807d980e7",
        "status" : "failed",
        "statusDetails" : "null",
        "time" : {
          "start" : 1591733541515,
          "stop" : 1591733542502,
          "duration" : 987
        }
      } ]
    },
    "tags" : [ ]
  },
  "source" : "ca979c822c8311ed.json",
  "parameterValues" : [ ]
}