{
  "uid" : "db22597974066ce7",
  "name" : "[US-555]/[8] I would like to use search box and be able to see results sorted by: \"Price: Lowest first\"",
  "fullName" : "tests.WebAPP.SearchBox_Tests.test_8",
  "historyId" : "4197e701ef12f09f24b37ff8c8b337d0",
  "time" : {
    "start" : 1591459489609,
    "stop" : 1591459507370,
    "duration" : 17761
  },
  "description" : "[US-555]/[8] As a user I would like to use search box and be able to see results sorted by: \"Price: Lowest first\"",
  "descriptionHtml" : "<p>[US-555]/[8] As a user I would like to use search box and be able to see results sorted by: &quot;Price: Lowest first&quot;</p>\n",
  "status" : "broken",
  "statusMessage" : "timeout: Timed out receiving message from renderer: -0.000\n  (Session info: chrome=83.0.4103.97)\nBuild info: version: '3.141.59', revision: 'e82be7d358', time: '2018-11-14T08:17:03'\nSystem info: host: 'travis-job-b8e8384f-8b1f-4752-b45a-8c76077aa547', ip: '127.0.0.1', os.name: 'Linux', os.arch: 'amd64', os.version: '5.0.0-1031-gcp', java.version: '14.0.1'\nDriver info: org.openqa.selenium.chrome.ChromeDriver\nCapabilities {acceptInsecureCerts: false, browserName: chrome, browserVersion: 83.0.4103.97, chrome: {chromedriverVersion: 83.0.4103.39 (ccbf011cb2d2b..., userDataDir: /tmp/.com.google.Chrome.nfAwIU}, goog:chromeOptions: {debuggerAddress: localhost:37049}, javascriptEnabled: true, networkConnectionEnabled: false, pageLoadStrategy: normal, platform: LINUX, platformName: LINUX, proxy: Proxy(), setWindowRect: true, strictFileInteractability: false, timeouts: {implicit: 0, pageLoad: 300000, script: 30000}, unhandledPromptBehavior: dismiss and notify, webauthn:virtualAuthenticators: true}\nSession ID: e46fa8959c7527a47263efcaf192e333",
  "statusTrace" : "org.openqa.selenium.TimeoutException: timeout: Timed out receiving message from renderer: -0.000\n  (Session info: chrome=83.0.4103.97)\nBuild info: version: '3.141.59', revision: 'e82be7d358', time: '2018-11-14T08:17:03'\nSystem info: host: 'travis-job-b8e8384f-8b1f-4752-b45a-8c76077aa547', ip: '127.0.0.1', os.name: 'Linux', os.arch: 'amd64', os.version: '5.0.0-1031-gcp', java.version: '14.0.1'\nDriver info: org.openqa.selenium.chrome.ChromeDriver\nCapabilities {acceptInsecureCerts: false, browserName: chrome, browserVersion: 83.0.4103.97, chrome: {chromedriverVersion: 83.0.4103.39 (ccbf011cb2d2b..., userDataDir: /tmp/.com.google.Chrome.nfAwIU}, goog:chromeOptions: {debuggerAddress: localhost:37049}, javascriptEnabled: true, networkConnectionEnabled: false, pageLoadStrategy: normal, platform: LINUX, platformName: LINUX, proxy: Proxy(), setWindowRect: true, strictFileInteractability: false, timeouts: {implicit: 0, pageLoad: 300000, script: 30000}, unhandledPromptBehavior: dismiss and notify, webauthn:virtualAuthenticators: true}\nSession ID: e46fa8959c7527a47263efcaf192e333\n\tat jdk.internal.reflect.GeneratedConstructorAccessor41.newInstance(Unknown Source)\n\tat java.base/jdk.internal.reflect.DelegatingConstructorAccessorImpl.newInstance(DelegatingConstructorAccessorImpl.java:45)\n\tat java.base/java.lang.reflect.Constructor.newInstanceWithCaller(Constructor.java:500)\n\tat java.base/java.lang.reflect.Constructor.newInstance(Constructor.java:481)\n\tat org.openqa.selenium.remote.http.W3CHttpResponseCodec.createException(W3CHttpResponseCodec.java:187)\n\tat org.openqa.selenium.remote.http.W3CHttpResponseCodec.decode(W3CHttpResponseCodec.java:122)\n\tat org.openqa.selenium.remote.http.W3CHttpResponseCodec.decode(W3CHttpResponseCodec.java:49)\n\tat org.openqa.selenium.remote.HttpCommandExecutor.execute(HttpCommandExecutor.java:158)\n\tat org.openqa.selenium.remote.service.DriverCommandExecutor.execute(DriverCommandExecutor.java:83)\n\tat org.openqa.selenium.remote.RemoteWebDriver.execute(RemoteWebDriver.java:552)\n\tat org.openqa.selenium.remote.RemoteWebDriver.get(RemoteWebDriver.java:277)\n\tat com.steps.MainPageSteps.iOpenHomePage(MainPageSteps.java:32)\n\tat tests.WebAPP.SearchBox_Tests.test_8(SearchBox_Tests.java:229)\n\tat java.base/jdk.internal.reflect.NativeMethodAccessorImpl.invoke0(Native Method)\n\tat java.base/jdk.internal.reflect.NativeMethodAccessorImpl.invoke(NativeMethodAccessorImpl.java:62)\n\tat java.base/jdk.internal.reflect.DelegatingMethodAccessorImpl.invoke(DelegatingMethodAccessorImpl.java:43)\n\tat java.base/java.lang.reflect.Method.invoke(Method.java:564)\n\tat org.testng.internal.MethodInvocationHelper.invokeMethod(MethodInvocationHelper.java:134)\n\tat org.testng.internal.TestInvoker.invokeMethod(TestInvoker.java:597)\n\tat org.testng.internal.TestInvoker.retryFailed(TestInvoker.java:213)\n\tat org.testng.internal.MethodRunner.runInSequence(MethodRunner.java:58)\n\tat org.testng.internal.TestInvoker$MethodInvocationAgent.invoke(TestInvoker.java:816)\n\tat org.testng.internal.TestInvoker.invokeTestMethods(TestInvoker.java:146)\n\tat org.testng.internal.TestMethodWorker.invokeTestMethods(TestMethodWorker.java:146)\n\tat org.testng.internal.TestMethodWorker.run(TestMethodWorker.java:128)\n\tat java.base/java.util.concurrent.ThreadPoolExecutor.runWorker(ThreadPoolExecutor.java:1130)\n\tat java.base/java.util.concurrent.ThreadPoolExecutor$Worker.run(ThreadPoolExecutor.java:630)\n\tat java.base/java.lang.Thread.run(Thread.java:832)\n",
  "flaky" : false,
  "newFailed" : false,
  "beforeStages" : [ {
    "name" : "Setting up Test Class",
    "time" : {
      "start" : 1591459488928,
      "stop" : 1591459489606,
      "duration" : 678
    },
    "description" : "Setting up Test Class",
    "status" : "passed",
    "steps" : [ ],
    "attachments" : [ ],
    "parameters" : [ ],
    "stepsCount" : 0,
    "attachmentsCount" : 0,
    "shouldDisplayMessage" : false,
    "hasContent" : false
  }, {
    "name" : "Setting up Excel File",
    "time" : {
      "start" : 1591459258563,
      "stop" : 1591459261011,
      "duration" : 2448
    },
    "description" : "Setting up Excel File",
    "status" : "passed",
    "steps" : [ ],
    "attachments" : [ ],
    "parameters" : [ ],
    "stepsCount" : 0,
    "attachmentsCount" : 0,
    "shouldDisplayMessage" : false,
    "hasContent" : false
  } ],
  "testStage" : {
    "description" : "[US-555]/[8] As a user I would like to use search box and be able to see results sorted by: \"Price: Lowest first\"",
    "status" : "broken",
    "statusMessage" : "timeout: Timed out receiving message from renderer: -0.000\n  (Session info: chrome=83.0.4103.97)\nBuild info: version: '3.141.59', revision: 'e82be7d358', time: '2018-11-14T08:17:03'\nSystem info: host: 'travis-job-b8e8384f-8b1f-4752-b45a-8c76077aa547', ip: '127.0.0.1', os.name: 'Linux', os.arch: 'amd64', os.version: '5.0.0-1031-gcp', java.version: '14.0.1'\nDriver info: org.openqa.selenium.chrome.ChromeDriver\nCapabilities {acceptInsecureCerts: false, browserName: chrome, browserVersion: 83.0.4103.97, chrome: {chromedriverVersion: 83.0.4103.39 (ccbf011cb2d2b..., userDataDir: /tmp/.com.google.Chrome.nfAwIU}, goog:chromeOptions: {debuggerAddress: localhost:37049}, javascriptEnabled: true, networkConnectionEnabled: false, pageLoadStrategy: normal, platform: LINUX, platformName: LINUX, proxy: Proxy(), setWindowRect: true, strictFileInteractability: false, timeouts: {implicit: 0, pageLoad: 300000, script: 30000}, unhandledPromptBehavior: dismiss and notify, webauthn:virtualAuthenticators: true}\nSession ID: e46fa8959c7527a47263efcaf192e333",
    "statusTrace" : "org.openqa.selenium.TimeoutException: timeout: Timed out receiving message from renderer: -0.000\n  (Session info: chrome=83.0.4103.97)\nBuild info: version: '3.141.59', revision: 'e82be7d358', time: '2018-11-14T08:17:03'\nSystem info: host: 'travis-job-b8e8384f-8b1f-4752-b45a-8c76077aa547', ip: '127.0.0.1', os.name: 'Linux', os.arch: 'amd64', os.version: '5.0.0-1031-gcp', java.version: '14.0.1'\nDriver info: org.openqa.selenium.chrome.ChromeDriver\nCapabilities {acceptInsecureCerts: false, browserName: chrome, browserVersion: 83.0.4103.97, chrome: {chromedriverVersion: 83.0.4103.39 (ccbf011cb2d2b..., userDataDir: /tmp/.com.google.Chrome.nfAwIU}, goog:chromeOptions: {debuggerAddress: localhost:37049}, javascriptEnabled: true, networkConnectionEnabled: false, pageLoadStrategy: normal, platform: LINUX, platformName: LINUX, proxy: Proxy(), setWindowRect: true, strictFileInteractability: false, timeouts: {implicit: 0, pageLoad: 300000, script: 30000}, unhandledPromptBehavior: dismiss and notify, webauthn:virtualAuthenticators: true}\nSession ID: e46fa8959c7527a47263efcaf192e333\n\tat jdk.internal.reflect.GeneratedConstructorAccessor41.newInstance(Unknown Source)\n\tat java.base/jdk.internal.reflect.DelegatingConstructorAccessorImpl.newInstance(DelegatingConstructorAccessorImpl.java:45)\n\tat java.base/java.lang.reflect.Constructor.newInstanceWithCaller(Constructor.java:500)\n\tat java.base/java.lang.reflect.Constructor.newInstance(Constructor.java:481)\n\tat org.openqa.selenium.remote.http.W3CHttpResponseCodec.createException(W3CHttpResponseCodec.java:187)\n\tat org.openqa.selenium.remote.http.W3CHttpResponseCodec.decode(W3CHttpResponseCodec.java:122)\n\tat org.openqa.selenium.remote.http.W3CHttpResponseCodec.decode(W3CHttpResponseCodec.java:49)\n\tat org.openqa.selenium.remote.HttpCommandExecutor.execute(HttpCommandExecutor.java:158)\n\tat org.openqa.selenium.remote.service.DriverCommandExecutor.execute(DriverCommandExecutor.java:83)\n\tat org.openqa.selenium.remote.RemoteWebDriver.execute(RemoteWebDriver.java:552)\n\tat org.openqa.selenium.remote.RemoteWebDriver.get(RemoteWebDriver.java:277)\n\tat com.steps.MainPageSteps.iOpenHomePage(MainPageSteps.java:32)\n\tat tests.WebAPP.SearchBox_Tests.test_8(SearchBox_Tests.java:229)\n\tat java.base/jdk.internal.reflect.NativeMethodAccessorImpl.invoke0(Native Method)\n\tat java.base/jdk.internal.reflect.NativeMethodAccessorImpl.invoke(NativeMethodAccessorImpl.java:62)\n\tat java.base/jdk.internal.reflect.DelegatingMethodAccessorImpl.invoke(DelegatingMethodAccessorImpl.java:43)\n\tat java.base/java.lang.reflect.Method.invoke(Method.java:564)\n\tat org.testng.internal.MethodInvocationHelper.invokeMethod(MethodInvocationHelper.java:134)\n\tat org.testng.internal.TestInvoker.invokeMethod(TestInvoker.java:597)\n\tat org.testng.internal.TestInvoker.retryFailed(TestInvoker.java:213)\n\tat org.testng.internal.MethodRunner.runInSequence(MethodRunner.java:58)\n\tat org.testng.internal.TestInvoker$MethodInvocationAgent.invoke(TestInvoker.java:816)\n\tat org.testng.internal.TestInvoker.invokeTestMethods(TestInvoker.java:146)\n\tat org.testng.internal.TestMethodWorker.invokeTestMethods(TestMethodWorker.java:146)\n\tat org.testng.internal.TestMethodWorker.run(TestMethodWorker.java:128)\n\tat java.base/java.util.concurrent.ThreadPoolExecutor.runWorker(ThreadPoolExecutor.java:1130)\n\tat java.base/java.util.concurrent.ThreadPoolExecutor$Worker.run(ThreadPoolExecutor.java:630)\n\tat java.base/java.lang.Thread.run(Thread.java:832)\n",
    "steps" : [ {
      "name" : "I open home page",
      "time" : {
        "start" : 1591459489615,
        "stop" : 1591459504633,
        "duration" : 15018
      },
      "status" : "broken",
      "statusMessage" : "timeout: Timed out receiving message from renderer: -0.000\n  (Session info: chrome=83.0.4103.97)\nBuild info: version: '3.141.59', revision: 'e82be7d358', time: '2018-11-14T08:17:03'\nSystem info: host: 'travis-job-b8e8384f-8b1f-4752-b45a-8c76077aa547', ip: '127.0.0.1', os.name: 'Linux', os.arch: 'amd64', os.version: '5.0.0-1031-gcp', java.version: '14.0.1'\nDriver info: org.openqa.selenium.chrome.ChromeDriver\nCapabilities {acceptInsecureCerts: false, browserName: chrome, browserVersion: 83.0.4103.97, chrome: {chromedriverVersion: 83.0.4103.39 (ccbf011cb2d2b..., userDataDir: /tmp/.com.google.Chrome.nfAwIU}, goog:chromeOptions: {debuggerAddress: localhost:37049}, javascriptEnabled: true, networkConnectionEnabled: false, pageLoadStrategy: normal, platform: LINUX, platformName: LINUX, proxy: Proxy(), setWindowRect: true, strictFileInteractability: false, timeouts: {implicit: 0, pageLoad: 300000, script: 30000}, unhandledPromptBehavior: dismiss and notify, webauthn:virtualAuthenticators: true}\nSession ID: e46fa8959c7527a47263efcaf192e333",
      "statusTrace" : "org.openqa.selenium.TimeoutException: timeout: Timed out receiving message from renderer: -0.000\n  (Session info: chrome=83.0.4103.97)\nBuild info: version: '3.141.59', revision: 'e82be7d358', time: '2018-11-14T08:17:03'\nSystem info: host: 'travis-job-b8e8384f-8b1f-4752-b45a-8c76077aa547', ip: '127.0.0.1', os.name: 'Linux', os.arch: 'amd64', os.version: '5.0.0-1031-gcp', java.version: '14.0.1'\nDriver info: org.openqa.selenium.chrome.ChromeDriver\nCapabilities {acceptInsecureCerts: false, browserName: chrome, browserVersion: 83.0.4103.97, chrome: {chromedriverVersion: 83.0.4103.39 (ccbf011cb2d2b..., userDataDir: /tmp/.com.google.Chrome.nfAwIU}, goog:chromeOptions: {debuggerAddress: localhost:37049}, javascriptEnabled: true, networkConnectionEnabled: false, pageLoadStrategy: normal, platform: LINUX, platformName: LINUX, proxy: Proxy(), setWindowRect: true, strictFileInteractability: false, timeouts: {implicit: 0, pageLoad: 300000, script: 30000}, unhandledPromptBehavior: dismiss and notify, webauthn:virtualAuthenticators: true}\nSession ID: e46fa8959c7527a47263efcaf192e333\n\tat jdk.internal.reflect.GeneratedConstructorAccessor41.newInstance(Unknown Source)\n\tat java.base/jdk.internal.reflect.DelegatingConstructorAccessorImpl.newInstance(DelegatingConstructorAccessorImpl.java:45)\n\tat java.base/java.lang.reflect.Constructor.newInstanceWithCaller(Constructor.java:500)\n\tat java.base/java.lang.reflect.Constructor.newInstance(Constructor.java:481)\n\tat org.openqa.selenium.remote.http.W3CHttpResponseCodec.createException(W3CHttpResponseCodec.java:187)\n\tat org.openqa.selenium.remote.http.W3CHttpResponseCodec.decode(W3CHttpResponseCodec.java:122)\n\tat org.openqa.selenium.remote.http.W3CHttpResponseCodec.decode(W3CHttpResponseCodec.java:49)\n\tat org.openqa.selenium.remote.HttpCommandExecutor.execute(HttpCommandExecutor.java:158)\n\tat org.openqa.selenium.remote.service.DriverCommandExecutor.execute(DriverCommandExecutor.java:83)\n\tat org.openqa.selenium.remote.RemoteWebDriver.execute(RemoteWebDriver.java:552)\n\tat org.openqa.selenium.remote.RemoteWebDriver.get(RemoteWebDriver.java:277)\n\tat com.steps.MainPageSteps.iOpenHomePage(MainPageSteps.java:32)\n\tat tests.WebAPP.SearchBox_Tests.test_8(SearchBox_Tests.java:229)\n\tat java.base/jdk.internal.reflect.NativeMethodAccessorImpl.invoke0(Native Method)\n\tat java.base/jdk.internal.reflect.NativeMethodAccessorImpl.invoke(NativeMethodAccessorImpl.java:62)\n\tat java.base/jdk.internal.reflect.DelegatingMethodAccessorImpl.invoke(DelegatingMethodAccessorImpl.java:43)\n\tat java.base/java.lang.reflect.Method.invoke(Method.java:564)\n\tat org.testng.internal.MethodInvocationHelper.invokeMethod(MethodInvocationHelper.java:134)\n\tat org.testng.internal.TestInvoker.invokeMethod(TestInvoker.java:597)\n\tat org.testng.internal.TestInvoker.retryFailed(TestInvoker.java:213)\n\tat org.testng.internal.MethodRunner.runInSequence(MethodRunner.java:58)\n\tat org.testng.internal.TestInvoker$MethodInvocationAgent.invoke(TestInvoker.java:816)\n\tat org.testng.internal.TestInvoker.invokeTestMethods(TestInvoker.java:146)\n\tat org.testng.internal.TestMethodWorker.invokeTestMethods(TestMethodWorker.java:146)\n\tat org.testng.internal.TestMethodWorker.run(TestMethodWorker.java:128)\n\tat java.base/java.util.concurrent.ThreadPoolExecutor.runWorker(ThreadPoolExecutor.java:1130)\n\tat java.base/java.util.concurrent.ThreadPoolExecutor$Worker.run(ThreadPoolExecutor.java:630)\n\tat java.base/java.lang.Thread.run(Thread.java:832)\n",
      "steps" : [ ],
      "attachments" : [ ],
      "parameters" : [ ],
      "stepsCount" : 0,
      "attachmentsCount" : 0,
      "shouldDisplayMessage" : true,
      "hasContent" : true
    } ],
    "attachments" : [ {
      "uid" : "6098cee20f731341",
      "name" : "Scenario FAIL screenshot",
      "source" : "6098cee20f731341.png",
      "type" : "image/png",
      "size" : 4088
    }, {
      "uid" : "cb17cac7925d4336",
      "name" : "TestNG test FAIL logs",
      "source" : "cb17cac7925d4336.txt",
      "type" : "text/plain",
      "size" : 3770
    } ],
    "parameters" : [ ],
    "stepsCount" : 1,
    "attachmentsCount" : 2,
    "shouldDisplayMessage" : false,
    "hasContent" : true
  },
  "afterStages" : [ {
    "name" : "Teardown Test Class",
    "time" : {
      "start" : 1591459507375,
      "stop" : 1591459507503,
      "duration" : 128
    },
    "description" : "Teardown Test Class",
    "status" : "passed",
    "steps" : [ ],
    "attachments" : [ ],
    "parameters" : [ ],
    "stepsCount" : 0,
    "attachmentsCount" : 0,
    "shouldDisplayMessage" : false,
    "hasContent" : false
  }, {
    "name" : "Teardown Test Suite",
    "time" : {
      "start" : 1591459632288,
      "stop" : 1591459633275,
      "duration" : 987
    },
    "description" : "Teardown Test Suite",
    "status" : "passed",
    "steps" : [ ],
    "attachments" : [ ],
    "parameters" : [ ],
    "stepsCount" : 0,
    "attachmentsCount" : 0,
    "shouldDisplayMessage" : false,
    "hasContent" : false
  } ],
  "labels" : [ {
    "name" : "package",
    "value" : "tests.WebAPP.SearchBox_Tests"
  }, {
    "name" : "testClass",
    "value" : "tests.WebAPP.SearchBox_Tests"
  }, {
    "name" : "testMethod",
    "value" : "test_8"
  }, {
    "name" : "parentSuite",
    "value" : "Automationpractice.com WEB - Kamil Nowocin"
  }, {
    "name" : "suite",
    "value" : "Automated tests for WEB client"
  }, {
    "name" : "subSuite",
    "value" : "tests.WebAPP.SearchBox_Tests"
  }, {
    "name" : "host",
    "value" : "travis-job-b8e8384f-8b1f-4752-b45a-8c76077aa547"
  }, {
    "name" : "thread",
    "value" : "6311@travis-job-b8e8384f-8b1f-4752-b45a-8c76077aa547.TestNG-test=Automated tests for WEB client-3(17)"
  }, {
    "name" : "framework",
    "value" : "testng"
  }, {
    "name" : "language",
    "value" : "java"
  }, {
    "name" : "owner",
    "value" : "Kamil Nowocin"
  }, {
    "name" : "story",
    "value" : "POSITIVE FLOW"
  }, {
    "name" : "feature",
    "value" : "SEARCHBOX TESTS"
  }, {
    "name" : "epic",
    "value" : "Web App Tests"
  }, {
    "name" : "severity",
    "value" : "critical"
  }, {
    "name" : "resultFormat",
    "value" : "allure2"
  } ],
  "parameters" : [ ],
  "links" : [ {
    "name" : "TAP-0038",
    "url" : "https://tracker.FAKE.com/jira/browse/AUTOMATION_PRACTICE/issue/TAP-0038",
    "type" : "issue"
  }, {
    "name" : "STORY-555",
    "url" : "https://tracker.FAKE.com/jira/browse/AUTOMATION_PRACTICE/STORY-555",
    "type" : "tms"
  } ],
  "hidden" : false,
  "retry" : false,
  "extra" : {
    "severity" : "critical",
    "owner" : "Kamil Nowocin",
    "retries" : [ {
      "uid" : "623bb0bb003582ef",
      "status" : "skipped",
      "statusDetails" : "timeout: Timed out receiving message from renderer: -0.000\n  (Session info: chrome=83.0.4103.97)\nBuild info: version: '3.141.59', revision: 'e82be7d358', time: '2018-11-14T08:17:03'\nSystem info: host: 'travis-job-b8e8384f-8b1f-4752-b45a-8c76077aa547', ip: '127.0.0.1', os.name: 'Linux', os.arch: 'amd64', os.version: '5.0.0-1031-gcp', java.version: '14.0.1'\nDriver info: org.openqa.selenium.chrome.ChromeDriver\nCapabilities {acceptInsecureCerts: false, browserName: chrome, browserVersion: 83.0.4103.97, chrome: {chromedriverVersion: 83.0.4103.39 (ccbf011cb2d2b..., userDataDir: /tmp/.com.google.Chrome.u21hvj}, goog:chromeOptions: {debuggerAddress: localhost:39141}, javascriptEnabled: true, networkConnectionEnabled: false, pageLoadStrategy: normal, platform: LINUX, platformName: LINUX, proxy: Proxy(), setWindowRect: true, strictFileInteractability: false, timeouts: {implicit: 0, pageLoad: 300000, script: 30000}, unhandledPromptBehavior: dismiss and notify, webauthn:virtualAuthenticators: true}\nSession ID: 375cce26deb675b409d78cd08a177e2f",
      "time" : {
        "start" : 1591459473842,
        "stop" : 1591459488856,
        "duration" : 15014
      }
    } ],
    "categories" : [ {
      "name" : "Test defects",
      "matchedStatuses" : [ ],
      "flaky" : false
    } ],
    "history" : {
      "statistic" : {
        "failed" : 102,
        "broken" : 4,
        "skipped" : 14,
        "passed" : 0,
        "unknown" : 0,
        "total" : 120
      },
      "items" : [ {
        "uid" : "fbe519f78f2c81be",
        "reportUrl" : "https://travis-ci.com/kamil-nowocin/Test_Automation-automationpractice/builds/170093163/#testresult/fbe519f78f2c81be",
        "status" : "failed",
        "statusDetails" : "Results which have been found didn't match expected sorting result PRICE: LOWEST FIRST: Lists differ at element [2]: $28.98 != $30.50 expected [$28.98] but found [$30.50]",
        "time" : {
          "start" : 1591457840832,
          "stop" : 1591457851378,
          "duration" : 10546
        }
      }, {
        "uid" : "4e89ef4c0ccf96b2",
        "reportUrl" : "https://travis-ci.com/kamil-nowocin/Test_Automation-automationpractice/builds/170092304/#testresult/4e89ef4c0ccf96b2",
        "status" : "failed",
        "statusDetails" : "Results which have been found didn't match expected sorting result PRICE: LOWEST FIRST: Lists differ at element [2]: $28.98 != $30.50 expected [$28.98] but found [$30.50]",
        "time" : {
          "start" : 1591457031440,
          "stop" : 1591457046808,
          "duration" : 15368
        }
      }, {
        "uid" : "1dded7aa89f25746",
        "reportUrl" : "https://travis-ci.com/kamil-nowocin/Test_Automation-automationpractice/builds/170090935/#testresult/1dded7aa89f25746",
        "status" : "failed",
        "statusDetails" : "Results which have been found didn't match expected sorting result PRICE: LOWEST FIRST: Lists differ at element [2]: $28.98 != $30.50 expected [$28.98] but found [$30.50]",
        "time" : {
          "start" : 1591455496905,
          "stop" : 1591455514996,
          "duration" : 18091
        }
      }, {
        "uid" : "f439b929bea0d929",
        "reportUrl" : "https://travis-ci.com/kamil-nowocin/Test_Automation-automationpractice/builds/170085385/#testresult/f439b929bea0d929",
        "status" : "failed",
        "statusDetails" : "Results which have been found didn't match expected sorting result PRICE: LOWEST FIRST: Lists differ at element [2]: $28.98 != $30.50 expected [$28.98] but found [$30.50]",
        "time" : {
          "start" : 1591449686509,
          "stop" : 1591449711607,
          "duration" : 25098
        }
      }, {
        "uid" : "1f0a2dc7a70fe101",
        "reportUrl" : "https://travis-ci.com/kamil-nowocin/Test_Automation-automationpractice/builds/170083871/#testresult/1f0a2dc7a70fe101",
        "status" : "failed",
        "statusDetails" : "Results which have been found didn't match expected sorting result PRICE: LOWEST FIRST: Lists differ at element [2]: $28.98 != $30.50 expected [$28.98] but found [$30.50]",
        "time" : {
          "start" : 1591447553094,
          "stop" : 1591447575885,
          "duration" : 22791
        }
      } ]
    },
    "tags" : [ ]
  },
  "source" : "db22597974066ce7.json",
  "parameterValues" : [ ]
}