{
  "uid" : "f91b2058a214af8b",
  "name" : "[US-555]/[7] I would like to use search box and be able to see results sorted by: \"Price: Highest first\"",
  "fullName" : "tests.WebAPP.SearchBox_Tests.test_7",
  "historyId" : "4a7f8c57b8740ff479e116a1155c68a5",
  "time" : {
    "start" : 1591466425179,
    "stop" : 1591466440200,
    "duration" : 15021
  },
  "description" : "[US-555]/[7] As a user I would like to use search box and be able to see results sorted by: \"Price: Highest first\"",
  "descriptionHtml" : "<p>[US-555]/[7] As a user I would like to use search box and be able to see results sorted by: &quot;Price: Highest first&quot;</p>\n",
  "status" : "failed",
  "statusMessage" : "Results which have been found didn't match expected sorting result PRICE: HIGHEST FIRST: Lists differ at element [1]: $30.50 != $28.98 expected [$30.50] but found [$28.98]",
  "statusTrace" : "java.lang.AssertionError: Results which have been found didn't match expected sorting result PRICE: HIGHEST FIRST: Lists differ at element [1]: $30.50 != $28.98 expected [$30.50] but found [$28.98]\n\tat org.testng.Assert.fail(Assert.java:97)\n\tat org.testng.Assert.assertEqualsImpl(Assert.java:136)\n\tat org.testng.Assert.assertEquals(Assert.java:1031)\n\tat com.steps.SearchPageSteps.iCanSeeThatResultsAreCorrectlySortedBy(SearchPageSteps.java:134)\n\tat tests.WebAPP.SearchBox_Tests.test_7(SearchBox_Tests.java:209)\n\tat java.base/jdk.internal.reflect.NativeMethodAccessorImpl.invoke0(Native Method)\n\tat java.base/jdk.internal.reflect.NativeMethodAccessorImpl.invoke(NativeMethodAccessorImpl.java:62)\n\tat java.base/jdk.internal.reflect.DelegatingMethodAccessorImpl.invoke(DelegatingMethodAccessorImpl.java:43)\n\tat java.base/java.lang.reflect.Method.invoke(Method.java:564)\n\tat org.testng.internal.MethodInvocationHelper.invokeMethod(MethodInvocationHelper.java:134)\n\tat org.testng.internal.TestInvoker.invokeMethod(TestInvoker.java:597)\n\tat org.testng.internal.TestInvoker.retryFailed(TestInvoker.java:213)\n\tat org.testng.internal.MethodRunner.runInSequence(MethodRunner.java:58)\n\tat org.testng.internal.TestInvoker$MethodInvocationAgent.invoke(TestInvoker.java:816)\n\tat org.testng.internal.TestInvoker.invokeTestMethods(TestInvoker.java:146)\n\tat org.testng.internal.TestMethodWorker.invokeTestMethods(TestMethodWorker.java:146)\n\tat org.testng.internal.TestMethodWorker.run(TestMethodWorker.java:128)\n\tat java.base/java.util.concurrent.ThreadPoolExecutor.runWorker(ThreadPoolExecutor.java:1130)\n\tat java.base/java.util.concurrent.ThreadPoolExecutor$Worker.run(ThreadPoolExecutor.java:630)\n\tat java.base/java.lang.Thread.run(Thread.java:832)\n",
  "flaky" : false,
  "newFailed" : false,
  "beforeStages" : [ {
    "name" : "Setting up Excel File",
    "time" : {
      "start" : 1591466333082,
      "stop" : 1591466335127,
      "duration" : 2045
    },
    "description" : "Setting up Excel File",
    "status" : "passed",
    "steps" : [ ],
    "attachments" : [ ],
    "parameters" : [ ],
    "stepsCount" : 0,
    "attachmentsCount" : 0,
    "shouldDisplayMessage" : false,
    "hasContent" : false
  }, {
    "name" : "Setting up Test Class",
    "time" : {
      "start" : 1591466422280,
      "stop" : 1591466424146,
      "duration" : 1866
    },
    "description" : "Setting up Test Class",
    "status" : "passed",
    "steps" : [ ],
    "attachments" : [ ],
    "parameters" : [ ],
    "stepsCount" : 0,
    "attachmentsCount" : 0,
    "shouldDisplayMessage" : false,
    "hasContent" : false
  } ],
  "testStage" : {
    "description" : "[US-555]/[7] As a user I would like to use search box and be able to see results sorted by: \"Price: Highest first\"",
    "status" : "failed",
    "statusMessage" : "Results which have been found didn't match expected sorting result PRICE: HIGHEST FIRST: Lists differ at element [1]: $30.50 != $28.98 expected [$30.50] but found [$28.98]",
    "statusTrace" : "java.lang.AssertionError: Results which have been found didn't match expected sorting result PRICE: HIGHEST FIRST: Lists differ at element [1]: $30.50 != $28.98 expected [$30.50] but found [$28.98]\n\tat org.testng.Assert.fail(Assert.java:97)\n\tat org.testng.Assert.assertEqualsImpl(Assert.java:136)\n\tat org.testng.Assert.assertEquals(Assert.java:1031)\n\tat com.steps.SearchPageSteps.iCanSeeThatResultsAreCorrectlySortedBy(SearchPageSteps.java:134)\n\tat tests.WebAPP.SearchBox_Tests.test_7(SearchBox_Tests.java:209)\n\tat java.base/jdk.internal.reflect.NativeMethodAccessorImpl.invoke0(Native Method)\n\tat java.base/jdk.internal.reflect.NativeMethodAccessorImpl.invoke(NativeMethodAccessorImpl.java:62)\n\tat java.base/jdk.internal.reflect.DelegatingMethodAccessorImpl.invoke(DelegatingMethodAccessorImpl.java:43)\n\tat java.base/java.lang.reflect.Method.invoke(Method.java:564)\n\tat org.testng.internal.MethodInvocationHelper.invokeMethod(MethodInvocationHelper.java:134)\n\tat org.testng.internal.TestInvoker.invokeMethod(TestInvoker.java:597)\n\tat org.testng.internal.TestInvoker.retryFailed(TestInvoker.java:213)\n\tat org.testng.internal.MethodRunner.runInSequence(MethodRunner.java:58)\n\tat org.testng.internal.TestInvoker$MethodInvocationAgent.invoke(TestInvoker.java:816)\n\tat org.testng.internal.TestInvoker.invokeTestMethods(TestInvoker.java:146)\n\tat org.testng.internal.TestMethodWorker.invokeTestMethods(TestMethodWorker.java:146)\n\tat org.testng.internal.TestMethodWorker.run(TestMethodWorker.java:128)\n\tat java.base/java.util.concurrent.ThreadPoolExecutor.runWorker(ThreadPoolExecutor.java:1130)\n\tat java.base/java.util.concurrent.ThreadPoolExecutor$Worker.run(ThreadPoolExecutor.java:630)\n\tat java.base/java.lang.Thread.run(Thread.java:832)\n",
    "steps" : [ {
      "name" : "I open home page",
      "time" : {
        "start" : 1591466425180,
        "stop" : 1591466430608,
        "duration" : 5428
      },
      "status" : "passed",
      "steps" : [ ],
      "attachments" : [ ],
      "parameters" : [ ],
      "stepsCount" : 0,
      "attachmentsCount" : 0,
      "shouldDisplayMessage" : false,
      "hasContent" : false
    }, {
      "name" : "I can see automationpractice.com website",
      "time" : {
        "start" : 1591466430608,
        "stop" : 1591466430626,
        "duration" : 18
      },
      "status" : "passed",
      "steps" : [ ],
      "attachments" : [ ],
      "parameters" : [ ],
      "stepsCount" : 0,
      "attachmentsCount" : 0,
      "shouldDisplayMessage" : false,
      "hasContent" : false
    }, {
      "name" : "I search for phrase *Printed Dress*",
      "time" : {
        "start" : 1591466430627,
        "stop" : 1591466431381,
        "duration" : 754
      },
      "status" : "passed",
      "steps" : [ ],
      "attachments" : [ ],
      "parameters" : [ {
        "name" : "searchPhrase",
        "value" : "Printed Dress"
      } ],
      "stepsCount" : 0,
      "attachmentsCount" : 0,
      "shouldDisplayMessage" : false,
      "hasContent" : true
    }, {
      "name" : "I click on search icon",
      "time" : {
        "start" : 1591466431381,
        "stop" : 1591466433281,
        "duration" : 1900
      },
      "status" : "passed",
      "steps" : [ ],
      "attachments" : [ ],
      "parameters" : [ ],
      "stepsCount" : 0,
      "attachmentsCount" : 0,
      "shouldDisplayMessage" : false,
      "hasContent" : false
    }, {
      "name" : "I can see numbers of results equals to *5*",
      "time" : {
        "start" : 1591466433281,
        "stop" : 1591466433552,
        "duration" : 271
      },
      "status" : "passed",
      "steps" : [ ],
      "attachments" : [ ],
      "parameters" : [ {
        "name" : "expectedCountOfResults",
        "value" : "5"
      } ],
      "stepsCount" : 0,
      "attachmentsCount" : 0,
      "shouldDisplayMessage" : false,
      "hasContent" : true
    }, {
      "name" : "I can see that every results which have been found contains phrase *Printed Dress*",
      "time" : {
        "start" : 1591466433552,
        "stop" : 1591466434007,
        "duration" : 455
      },
      "status" : "passed",
      "steps" : [ ],
      "attachments" : [ ],
      "parameters" : [ {
        "name" : "searchPhrase",
        "value" : "Printed Dress"
      } ],
      "stepsCount" : 0,
      "attachmentsCount" : 0,
      "shouldDisplayMessage" : false,
      "hasContent" : true
    }, {
      "name" : "I select from Dropdown Sort by *Price: Highest first*",
      "time" : {
        "start" : 1591466434007,
        "stop" : 1591466436769,
        "duration" : 2762
      },
      "status" : "passed",
      "steps" : [ ],
      "attachments" : [ ],
      "parameters" : [ {
        "name" : "sortBy",
        "value" : "Price: Highest first"
      } ],
      "stepsCount" : 0,
      "attachmentsCount" : 0,
      "shouldDisplayMessage" : false,
      "hasContent" : true
    }, {
      "name" : "I can see that results are correctly sorted by *Price: Highest first*",
      "time" : {
        "start" : 1591466436770,
        "stop" : 1591466436991,
        "duration" : 221
      },
      "status" : "failed",
      "statusMessage" : "Results which have been found didn't match expected sorting result PRICE: HIGHEST FIRST: Lists differ at element [1]: $30.50 != $28.98 expected [$30.50] but found [$28.98]",
      "statusTrace" : "java.lang.AssertionError: Results which have been found didn't match expected sorting result PRICE: HIGHEST FIRST: Lists differ at element [1]: $30.50 != $28.98 expected [$30.50] but found [$28.98]\n\tat org.testng.Assert.fail(Assert.java:97)\n\tat org.testng.Assert.assertEqualsImpl(Assert.java:136)\n\tat org.testng.Assert.assertEquals(Assert.java:1031)\n\tat com.steps.SearchPageSteps.iCanSeeThatResultsAreCorrectlySortedBy(SearchPageSteps.java:134)\n\tat tests.WebAPP.SearchBox_Tests.test_7(SearchBox_Tests.java:209)\n\tat java.base/jdk.internal.reflect.NativeMethodAccessorImpl.invoke0(Native Method)\n\tat java.base/jdk.internal.reflect.NativeMethodAccessorImpl.invoke(NativeMethodAccessorImpl.java:62)\n\tat java.base/jdk.internal.reflect.DelegatingMethodAccessorImpl.invoke(DelegatingMethodAccessorImpl.java:43)\n\tat java.base/java.lang.reflect.Method.invoke(Method.java:564)\n\tat org.testng.internal.MethodInvocationHelper.invokeMethod(MethodInvocationHelper.java:134)\n\tat org.testng.internal.TestInvoker.invokeMethod(TestInvoker.java:597)\n\tat org.testng.internal.TestInvoker.retryFailed(TestInvoker.java:213)\n\tat org.testng.internal.MethodRunner.runInSequence(MethodRunner.java:58)\n\tat org.testng.internal.TestInvoker$MethodInvocationAgent.invoke(TestInvoker.java:816)\n\tat org.testng.internal.TestInvoker.invokeTestMethods(TestInvoker.java:146)\n\tat org.testng.internal.TestMethodWorker.invokeTestMethods(TestMethodWorker.java:146)\n\tat org.testng.internal.TestMethodWorker.run(TestMethodWorker.java:128)\n\tat java.base/java.util.concurrent.ThreadPoolExecutor.runWorker(ThreadPoolExecutor.java:1130)\n\tat java.base/java.util.concurrent.ThreadPoolExecutor$Worker.run(ThreadPoolExecutor.java:630)\n\tat java.base/java.lang.Thread.run(Thread.java:832)\n",
      "steps" : [ ],
      "attachments" : [ ],
      "parameters" : [ {
        "name" : "sortedBy",
        "value" : "Price: Highest first"
      } ],
      "stepsCount" : 0,
      "attachmentsCount" : 0,
      "shouldDisplayMessage" : true,
      "hasContent" : true
    } ],
    "attachments" : [ {
      "uid" : "6c9a8c2179b263c9",
      "name" : "Scenario FAIL screenshot",
      "source" : "6c9a8c2179b263c9.png",
      "type" : "image/png",
      "size" : 163662
    }, {
      "uid" : "de397c5bf9de2b00",
      "name" : "TestNG test FAIL logs",
      "source" : "de397c5bf9de2b00.txt",
      "type" : "text/plain",
      "size" : 3560
    } ],
    "parameters" : [ ],
    "stepsCount" : 8,
    "attachmentsCount" : 2,
    "shouldDisplayMessage" : false,
    "hasContent" : true
  },
  "afterStages" : [ {
    "name" : "Teardown Test Class",
    "time" : {
      "start" : 1591466440202,
      "stop" : 1591466440301,
      "duration" : 99
    },
    "description" : "Teardown Test Class",
    "status" : "passed",
    "steps" : [ ],
    "attachments" : [ ],
    "parameters" : [ ],
    "stepsCount" : 0,
    "attachmentsCount" : 0,
    "shouldDisplayMessage" : false,
    "hasContent" : false
  }, {
    "name" : "Teardown Test Suite",
    "time" : {
      "start" : 1591466568251,
      "stop" : 1591466569147,
      "duration" : 896
    },
    "description" : "Teardown Test Suite",
    "status" : "passed",
    "steps" : [ ],
    "attachments" : [ ],
    "parameters" : [ ],
    "stepsCount" : 0,
    "attachmentsCount" : 0,
    "shouldDisplayMessage" : false,
    "hasContent" : false
  } ],
  "labels" : [ {
    "name" : "package",
    "value" : "tests.WebAPP.SearchBox_Tests"
  }, {
    "name" : "testClass",
    "value" : "tests.WebAPP.SearchBox_Tests"
  }, {
    "name" : "testMethod",
    "value" : "test_7"
  }, {
    "name" : "parentSuite",
    "value" : "Automationpractice.com WEB - Kamil Nowocin"
  }, {
    "name" : "suite",
    "value" : "Automated tests for WEB client"
  }, {
    "name" : "subSuite",
    "value" : "tests.WebAPP.SearchBox_Tests"
  }, {
    "name" : "host",
    "value" : "travis-job-2e56a128-8bcc-420d-b978-ec2672bb7a34"
  }, {
    "name" : "thread",
    "value" : "6357@travis-job-2e56a128-8bcc-420d-b978-ec2672bb7a34.TestNG-test=Automated tests for WEB client-3(17)"
  }, {
    "name" : "framework",
    "value" : "testng"
  }, {
    "name" : "language",
    "value" : "java"
  }, {
    "name" : "story",
    "value" : "POSITIVE FLOW"
  }, {
    "name" : "owner",
    "value" : "Kamil Nowocin"
  }, {
    "name" : "epic",
    "value" : "Web App Tests"
  }, {
    "name" : "feature",
    "value" : "SEARCHBOX TESTS"
  }, {
    "name" : "severity",
    "value" : "critical"
  }, {
    "name" : "resultFormat",
    "value" : "allure2"
  } ],
  "parameters" : [ ],
  "links" : [ {
    "name" : "TAP-0037",
    "url" : "https://tracker.FAKE.com/jira/browse/AUTOMATION_PRACTICE/issue/TAP-0037",
    "type" : "issue"
  }, {
    "name" : "STORY-555",
    "url" : "https://tracker.FAKE.com/jira/browse/AUTOMATION_PRACTICE/STORY-555",
    "type" : "tms"
  } ],
  "hidden" : false,
  "retry" : false,
  "extra" : {
    "severity" : "critical",
    "owner" : "Kamil Nowocin",
    "retries" : [ {
      "uid" : "86206c39f8d9eaa3",
      "status" : "skipped",
      "statusDetails" : "Results which have been found didn't match expected sorting result PRICE: HIGHEST FIRST: Lists differ at element [1]: $30.50 != $28.98 expected [$30.50] but found [$28.98]",
      "time" : {
        "start" : 1591466410112,
        "stop" : 1591466422155,
        "duration" : 12043
      }
    } ],
    "categories" : [ {
      "name" : "Product defects",
      "matchedStatuses" : [ ],
      "flaky" : false
    } ],
    "history" : {
      "statistic" : {
        "failed" : 105,
        "broken" : 4,
        "skipped" : 15,
        "passed" : 0,
        "unknown" : 0,
        "total" : 124
      },
      "items" : [ {
        "uid" : "9509f7d6f03eed83",
        "reportUrl" : "https://travis-ci.com/kamil-nowocin/Test_Automation-automationpractice/builds/170105205/#testresult/9509f7d6f03eed83",
        "status" : "failed",
        "statusDetails" : "Results which have been found didn't match expected sorting result PRICE: HIGHEST FIRST: Lists differ at element [1]: $30.50 != $28.98 expected [$30.50] but found [$28.98]",
        "time" : {
          "start" : 1591465910020,
          "stop" : 1591465919372,
          "duration" : 9352
        }
      }, {
        "uid" : "e84541a7c2f37d6e",
        "reportUrl" : "https://travis-ci.com/kamil-nowocin/Test_Automation-automationpractice/builds/170104237/#testresult/e84541a7c2f37d6e",
        "status" : "failed",
        "statusDetails" : "Results which have been found didn't match expected sorting result PRICE: HIGHEST FIRST: Lists differ at element [1]: $30.50 != $28.98 expected [$30.50] but found [$28.98]",
        "time" : {
          "start" : 1591465233666,
          "stop" : 1591465247513,
          "duration" : 13847
        }
      }, {
        "uid" : "3a0413231d362b31",
        "reportUrl" : "https://travis-ci.com/kamil-nowocin/Test_Automation-automationpractice/builds/170097759/#testresult/3a0413231d362b31",
        "status" : "broken",
        "statusDetails" : "timeout: Timed out receiving message from renderer: -0.000\n  (Session info: chrome=83.0.4103.97)\nBuild info: version: '3.141.59', revision: 'e82be7d358', time: '2018-11-14T08:17:03'\nSystem info: host: 'travis-job-b8e8384f-8b1f-4752-b45a-8c76077aa547', ip: '127.0.0.1', os.name: 'Linux', os.arch: 'amd64', os.version: '5.0.0-1031-gcp', java.version: '14.0.1'\nDriver info: org.openqa.selenium.chrome.ChromeDriver\nCapabilities {acceptInsecureCerts: false, browserName: chrome, browserVersion: 83.0.4103.97, chrome: {chromedriverVersion: 83.0.4103.39 (ccbf011cb2d2b..., userDataDir: /tmp/.com.google.Chrome.lpnBN5}, goog:chromeOptions: {debuggerAddress: localhost:38627}, javascriptEnabled: true, networkConnectionEnabled: false, pageLoadStrategy: normal, platform: LINUX, platformName: LINUX, proxy: Proxy(), setWindowRect: true, strictFileInteractability: false, timeouts: {implicit: 0, pageLoad: 300000, script: 30000}, unhandledPromptBehavior: dismiss and notify, webauthn:virtualAuthenticators: true}\nSession ID: 2f8bd35d585610288be2cde825d4f605",
        "time" : {
          "start" : 1591459457327,
          "stop" : 1591459473174,
          "duration" : 15847
        }
      }, {
        "uid" : "46239a1d9b8ae07a",
        "reportUrl" : "https://travis-ci.com/kamil-nowocin/Test_Automation-automationpractice/builds/170093163/#testresult/46239a1d9b8ae07a",
        "status" : "failed",
        "statusDetails" : "Results which have been found didn't match expected sorting result PRICE: HIGHEST FIRST: Lists differ at element [1]: $30.50 != $28.98 expected [$30.50] but found [$28.98]",
        "time" : {
          "start" : 1591457812089,
          "stop" : 1591457823718,
          "duration" : 11629
        }
      }, {
        "uid" : "dab24501e6075229",
        "reportUrl" : "https://travis-ci.com/kamil-nowocin/Test_Automation-automationpractice/builds/170092304/#testresult/dab24501e6075229",
        "status" : "failed",
        "statusDetails" : "Results which have been found didn't match expected sorting result PRICE: HIGHEST FIRST: Lists differ at element [1]: $30.50 != $28.98 expected [$30.50] but found [$28.98]",
        "time" : {
          "start" : 1591457001075,
          "stop" : 1591457014389,
          "duration" : 13314
        }
      } ]
    },
    "tags" : [ ]
  },
  "source" : "f91b2058a214af8b.json",
  "parameterValues" : [ ]
}